[debug] [2024-12-09T07:19:23.303Z] ----------------------------------------------------------------------
[debug] [2024-12-09T07:19:23.307Z] Command:       /usr/local/bin/node /usr/local/bin/firebase deploy
[debug] [2024-12-09T07:19:23.308Z] CLI Version:   13.28.0
[debug] [2024-12-09T07:19:23.308Z] Platform:      darwin
[debug] [2024-12-09T07:19:23.308Z] Node Version:  v22.12.0
[debug] [2024-12-09T07:19:23.309Z] Time:          Mon Dec 09 2024 16:19:23 GMT+0900 (Japan Standard Time)
[debug] [2024-12-09T07:19:23.309Z] ----------------------------------------------------------------------
[debug] 
[debug] [2024-12-09T07:19:23.412Z] > command requires scopes: ["email","openid","https://www.googleapis.com/auth/cloudplatformprojects.readonly","https://www.googleapis.com/auth/firebase","https://www.googleapis.com/auth/cloud-platform"]
[debug] [2024-12-09T07:19:23.413Z] > authorizing via signed-in user (plants.broker.tokyo@gmail.com)
[debug] [2024-12-09T07:19:23.413Z] [iam] checking project my-first-project-9eef9 for permissions ["cloudfunctions.functions.create","cloudfunctions.functions.delete","cloudfunctions.functions.get","cloudfunctions.functions.list","cloudfunctions.functions.update","cloudfunctions.operations.get","firebase.projects.get","firebasehosting.sites.update"]
[debug] [2024-12-09T07:19:23.414Z] Checked if tokens are valid: true, expires at: 1733731400908
[debug] [2024-12-09T07:19:23.414Z] Checked if tokens are valid: true, expires at: 1733731400908
[debug] [2024-12-09T07:19:23.417Z] >>> [apiv2][query] POST https://cloudresourcemanager.googleapis.com/v1/projects/my-first-project-9eef9:testIamPermissions [none]
[debug] [2024-12-09T07:19:23.417Z] >>> [apiv2][(partial)header] POST https://cloudresourcemanager.googleapis.com/v1/projects/my-first-project-9eef9:testIamPermissions x-goog-quota-user=projects/my-first-project-9eef9
[debug] [2024-12-09T07:19:23.418Z] >>> [apiv2][body] POST https://cloudresourcemanager.googleapis.com/v1/projects/my-first-project-9eef9:testIamPermissions {"permissions":["cloudfunctions.functions.create","cloudfunctions.functions.delete","cloudfunctions.functions.get","cloudfunctions.functions.list","cloudfunctions.functions.update","cloudfunctions.operations.get","firebase.projects.get","firebasehosting.sites.update"]}
[debug] [2024-12-09T07:19:24.214Z] <<< [apiv2][status] POST https://cloudresourcemanager.googleapis.com/v1/projects/my-first-project-9eef9:testIamPermissions 200
[debug] [2024-12-09T07:19:24.215Z] <<< [apiv2][body] POST https://cloudresourcemanager.googleapis.com/v1/projects/my-first-project-9eef9:testIamPermissions {"permissions":["cloudfunctions.functions.create","cloudfunctions.functions.delete","cloudfunctions.functions.get","cloudfunctions.functions.list","cloudfunctions.functions.update","cloudfunctions.operations.get","firebase.projects.get","firebasehosting.sites.update"]}
[debug] [2024-12-09T07:19:24.217Z] Checked if tokens are valid: true, expires at: 1733731400908
[debug] [2024-12-09T07:19:24.217Z] Checked if tokens are valid: true, expires at: 1733731400908
[debug] [2024-12-09T07:19:24.217Z] >>> [apiv2][query] POST https://iam.googleapis.com/v1/projects/my-first-project-9eef9/serviceAccounts/my-first-project-9eef9@appspot.gserviceaccount.com:testIamPermissions [none]
[debug] [2024-12-09T07:19:24.217Z] >>> [apiv2][body] POST https://iam.googleapis.com/v1/projects/my-first-project-9eef9/serviceAccounts/my-first-project-9eef9@appspot.gserviceaccount.com:testIamPermissions {"permissions":["iam.serviceAccounts.actAs"]}
[debug] [2024-12-09T07:19:24.482Z] <<< [apiv2][status] POST https://iam.googleapis.com/v1/projects/my-first-project-9eef9/serviceAccounts/my-first-project-9eef9@appspot.gserviceaccount.com:testIamPermissions 404
[debug] [2024-12-09T07:19:24.482Z] <<< [apiv2][body] POST https://iam.googleapis.com/v1/projects/my-first-project-9eef9/serviceAccounts/my-first-project-9eef9@appspot.gserviceaccount.com:testIamPermissions {"error":{"code":404,"message":"Unknown service account","status":"NOT_FOUND"}}
[debug] [2024-12-09T07:19:24.483Z] [functions] service account IAM check errored, deploy may fail: Request to https://iam.googleapis.com/v1/projects/my-first-project-9eef9/serviceAccounts/my-first-project-9eef9@appspot.gserviceaccount.com:testIamPermissions had HTTP Error: 404, Unknown service account {"name":"FirebaseError","children":[],"context":{"body":{"error":{"code":404,"message":"Unknown service account","status":"NOT_FOUND"}},"response":{"statusCode":404}},"exit":1,"message":"Request to https://iam.googleapis.com/v1/projects/my-first-project-9eef9/serviceAccounts/my-first-project-9eef9@appspot.gserviceaccount.com:testIamPermissions had HTTP Error: 404, Unknown service account","status":404}
[debug] [2024-12-09T07:19:24.484Z] Checked if tokens are valid: true, expires at: 1733731400908
[debug] [2024-12-09T07:19:24.484Z] Checked if tokens are valid: true, expires at: 1733731400908
[debug] [2024-12-09T07:19:24.485Z] >>> [apiv2][query] GET https://firebase.googleapis.com/v1beta1/projects/my-first-project-9eef9 [none]
[debug] [2024-12-09T07:19:24.868Z] <<< [apiv2][status] GET https://firebase.googleapis.com/v1beta1/projects/my-first-project-9eef9 200
[debug] [2024-12-09T07:19:24.868Z] <<< [apiv2][body] GET https://firebase.googleapis.com/v1beta1/projects/my-first-project-9eef9 {"projectId":"my-first-project-9eef9","projectNumber":"958797586723","displayName":"my-first-project","name":"projects/my-first-project-9eef9","resources":{"hostingSite":"my-first-project-9eef9","realtimeDatabaseInstance":"my-first-project-9eef9-default-rtdb"},"state":"ACTIVE","etag":"1_bff943f2-8dc4-4ecb-a34f-5069baf3be1c"}
[info] 
[info] === Deploying to 'my-first-project-9eef9'...
[info] 
[info] i  deploying functions, hosting 
[info] Running command: npm --prefix "$RESOURCE_DIR" run lint
[info] ✔  functions: Finished running predeploy script. 
[debug] [2024-12-09T07:19:34.005Z] Checked if tokens are valid: true, expires at: 1733731400908
[debug] [2024-12-09T07:19:34.005Z] Checked if tokens are valid: true, expires at: 1733731400908
[debug] [2024-12-09T07:19:34.005Z] >>> [apiv2][query] GET https://cloudresourcemanager.googleapis.com/v1/projects/my-first-project-9eef9 [none]
[debug] [2024-12-09T07:19:34.801Z] <<< [apiv2][status] GET https://cloudresourcemanager.googleapis.com/v1/projects/my-first-project-9eef9 200
[debug] [2024-12-09T07:19:34.802Z] <<< [apiv2][body] GET https://cloudresourcemanager.googleapis.com/v1/projects/my-first-project-9eef9 {"projectNumber":"958797586723","projectId":"my-first-project-9eef9","lifecycleState":"ACTIVE","name":"my-first-project","labels":{"firebase":"enabled"},"createTime":"2024-12-05T05:07:31.861974Z"}
[info] i  functions: preparing codebase default for deployment 
[info] i  functions: ensuring required API cloudfunctions.googleapis.com is enabled... 
[debug] [2024-12-09T07:19:34.804Z] Checked if tokens are valid: true, expires at: 1733731400908
[debug] [2024-12-09T07:19:34.805Z] Checked if tokens are valid: true, expires at: 1733731400908
[debug] [2024-12-09T07:19:34.805Z] Checked if tokens are valid: true, expires at: 1733731400908
[debug] [2024-12-09T07:19:34.805Z] Checked if tokens are valid: true, expires at: 1733731400908
[info] i  functions: ensuring required API cloudbuild.googleapis.com is enabled... 
[debug] [2024-12-09T07:19:34.805Z] Checked if tokens are valid: true, expires at: 1733731400908
[debug] [2024-12-09T07:19:34.806Z] Checked if tokens are valid: true, expires at: 1733731400908
[info] i  artifactregistry: ensuring required API artifactregistry.googleapis.com is enabled... 
[debug] [2024-12-09T07:19:34.806Z] Checked if tokens are valid: true, expires at: 1733731400908
[debug] [2024-12-09T07:19:34.806Z] Checked if tokens are valid: true, expires at: 1733731400908
[debug] [2024-12-09T07:19:34.806Z] >>> [apiv2][query] GET https://serviceusage.googleapis.com/v1/projects/my-first-project-9eef9/services/cloudfunctions.googleapis.com [none]
[debug] [2024-12-09T07:19:34.806Z] >>> [apiv2][(partial)header] GET https://serviceusage.googleapis.com/v1/projects/my-first-project-9eef9/services/cloudfunctions.googleapis.com x-goog-quota-user=projects/my-first-project-9eef9
[debug] [2024-12-09T07:19:34.808Z] >>> [apiv2][query] GET https://serviceusage.googleapis.com/v1/projects/my-first-project-9eef9/services/runtimeconfig.googleapis.com [none]
[debug] [2024-12-09T07:19:34.814Z] >>> [apiv2][(partial)header] GET https://serviceusage.googleapis.com/v1/projects/my-first-project-9eef9/services/runtimeconfig.googleapis.com x-goog-quota-user=projects/my-first-project-9eef9
[debug] [2024-12-09T07:19:34.817Z] >>> [apiv2][query] GET https://serviceusage.googleapis.com/v1/projects/my-first-project-9eef9/services/cloudbuild.googleapis.com [none]
[debug] [2024-12-09T07:19:34.817Z] >>> [apiv2][(partial)header] GET https://serviceusage.googleapis.com/v1/projects/my-first-project-9eef9/services/cloudbuild.googleapis.com x-goog-quota-user=projects/my-first-project-9eef9
[debug] [2024-12-09T07:19:34.820Z] >>> [apiv2][query] GET https://serviceusage.googleapis.com/v1/projects/my-first-project-9eef9/services/artifactregistry.googleapis.com [none]
[debug] [2024-12-09T07:19:34.820Z] >>> [apiv2][(partial)header] GET https://serviceusage.googleapis.com/v1/projects/my-first-project-9eef9/services/artifactregistry.googleapis.com x-goog-quota-user=projects/my-first-project-9eef9
[debug] [2024-12-09T07:19:35.212Z] <<< [apiv2][status] GET https://serviceusage.googleapis.com/v1/projects/my-first-project-9eef9/services/runtimeconfig.googleapis.com 200
[debug] [2024-12-09T07:19:35.213Z] <<< [apiv2][body] GET https://serviceusage.googleapis.com/v1/projects/my-first-project-9eef9/services/runtimeconfig.googleapis.com [omitted]
[debug] [2024-12-09T07:19:35.214Z] <<< [apiv2][status] GET https://serviceusage.googleapis.com/v1/projects/my-first-project-9eef9/services/cloudbuild.googleapis.com 200
[debug] [2024-12-09T07:19:35.214Z] <<< [apiv2][body] GET https://serviceusage.googleapis.com/v1/projects/my-first-project-9eef9/services/cloudbuild.googleapis.com [omitted]
[info] ✔  functions: required API cloudbuild.googleapis.com is enabled 
[debug] [2024-12-09T07:19:35.877Z] <<< [apiv2][status] GET https://serviceusage.googleapis.com/v1/projects/my-first-project-9eef9/services/cloudfunctions.googleapis.com 200
[debug] [2024-12-09T07:19:35.877Z] <<< [apiv2][body] GET https://serviceusage.googleapis.com/v1/projects/my-first-project-9eef9/services/cloudfunctions.googleapis.com [omitted]
[info] ✔  functions: required API cloudfunctions.googleapis.com is enabled 
[debug] [2024-12-09T07:19:35.881Z] <<< [apiv2][status] GET https://serviceusage.googleapis.com/v1/projects/my-first-project-9eef9/services/artifactregistry.googleapis.com 200
[debug] [2024-12-09T07:19:35.881Z] <<< [apiv2][body] GET https://serviceusage.googleapis.com/v1/projects/my-first-project-9eef9/services/artifactregistry.googleapis.com [omitted]
[info] ✔  artifactregistry: required API artifactregistry.googleapis.com is enabled 
[debug] [2024-12-09T07:19:35.882Z] Checked if tokens are valid: true, expires at: 1733731400908
[debug] [2024-12-09T07:19:35.882Z] Checked if tokens are valid: true, expires at: 1733731400908
[debug] [2024-12-09T07:19:35.882Z] >>> [apiv2][query] GET https://firebase.googleapis.com/v1beta1/projects/my-first-project-9eef9/adminSdkConfig [none]
[debug] [2024-12-09T07:19:36.234Z] <<< [apiv2][status] GET https://firebase.googleapis.com/v1beta1/projects/my-first-project-9eef9/adminSdkConfig 200
[debug] [2024-12-09T07:19:36.235Z] <<< [apiv2][body] GET https://firebase.googleapis.com/v1beta1/projects/my-first-project-9eef9/adminSdkConfig {"projectId":"my-first-project-9eef9","databaseURL":"https://my-first-project-9eef9-default-rtdb.asia-southeast1.firebasedatabase.app","storageBucket":"my-first-project-9eef9.firebasestorage.app"}
[debug] [2024-12-09T07:19:36.236Z] Checked if tokens are valid: true, expires at: 1733731400908
[debug] [2024-12-09T07:19:36.236Z] Checked if tokens are valid: true, expires at: 1733731400908
[debug] [2024-12-09T07:19:36.236Z] >>> [apiv2][query] GET https://runtimeconfig.googleapis.com/v1beta1/projects/my-first-project-9eef9/configs [none]
[debug] [2024-12-09T07:19:36.644Z] <<< [apiv2][status] GET https://runtimeconfig.googleapis.com/v1beta1/projects/my-first-project-9eef9/configs 200
[debug] [2024-12-09T07:19:36.644Z] <<< [apiv2][body] GET https://runtimeconfig.googleapis.com/v1beta1/projects/my-first-project-9eef9/configs {}
[debug] [2024-12-09T07:19:36.646Z] Validating nodejs source
[debug] [2024-12-09T07:19:38.472Z] > [functions] package.json contents: {
  "name": "functions",
  "description": "Cloud Functions for Firebase",
  "scripts": {
    "lint": "eslint .",
    "serve": "firebase emulators:start --only functions",
    "shell": "firebase functions:shell",
    "start": "npm run shell",
    "deploy": "firebase deploy --only functions",
    "logs": "firebase functions:log"
  },
  "engines": {
    "node": "18"
  },
  "main": "index.js",
  "dependencies": {
    "busboy": "^1.6.0",
    "firebase-admin": "^12.6.0",
    "firebase-functions": "^6.0.1"
  },
  "devDependencies": {
    "eslint": "^8.15.0",
    "eslint-config-google": "^0.14.0",
    "firebase-functions-test": "^3.1.0"
  },
  "private": true
}
[debug] [2024-12-09T07:19:38.472Z] Building nodejs source
[info] i  functions: Loading and analyzing source code for codebase default to determine what to deploy 
[debug] [2024-12-09T07:19:38.476Z] Could not find functions.yaml. Must use http discovery
[debug] [2024-12-09T07:19:38.494Z] Found firebase-functions binary at '/Users/keitarokusano/my-app/functions/node_modules/.bin/firebase-functions'
[info] Serving at port 8154

[debug] [2024-12-09T07:19:39.934Z] Got response from /__/functions.yaml {"endpoints":{"uploadPrescription":{"availableMemoryMb":null,"timeoutSeconds":null,"minInstances":null,"maxInstances":null,"ingressSettings":null,"concurrency":null,"serviceAccountEmail":null,"vpc":null,"platform":"gcfv2","labels":{},"httpsTrigger":{},"entryPoint":"uploadPrescription"}},"specVersion":"v1alpha1","requiredAPIs":[],"extensions":{}}
[info] i  extensions: ensuring required API firebaseextensions.googleapis.com is enabled... 
[debug] [2024-12-09T07:19:43.975Z] Checked if tokens are valid: true, expires at: 1733731400908
[debug] [2024-12-09T07:19:43.975Z] Checked if tokens are valid: true, expires at: 1733731400908
[debug] [2024-12-09T07:19:43.975Z] >>> [apiv2][query] GET https://serviceusage.googleapis.com/v1/projects/my-first-project-9eef9/services/firebaseextensions.googleapis.com [none]
[debug] [2024-12-09T07:19:43.975Z] >>> [apiv2][(partial)header] GET https://serviceusage.googleapis.com/v1/projects/my-first-project-9eef9/services/firebaseextensions.googleapis.com x-goog-quota-user=projects/my-first-project-9eef9
[debug] [2024-12-09T07:19:45.040Z] <<< [apiv2][status] GET https://serviceusage.googleapis.com/v1/projects/my-first-project-9eef9/services/firebaseextensions.googleapis.com 200
[debug] [2024-12-09T07:19:45.040Z] <<< [apiv2][body] GET https://serviceusage.googleapis.com/v1/projects/my-first-project-9eef9/services/firebaseextensions.googleapis.com [omitted]
[info] ✔  extensions: required API firebaseextensions.googleapis.com is enabled 
[debug] [2024-12-09T07:19:45.041Z] > command requires scopes: ["email","openid","https://www.googleapis.com/auth/cloudplatformprojects.readonly","https://www.googleapis.com/auth/firebase","https://www.googleapis.com/auth/cloud-platform"]
[debug] [2024-12-09T07:19:45.041Z] > authorizing via signed-in user (plants.broker.tokyo@gmail.com)
[debug] [2024-12-09T07:19:45.041Z] [iam] checking project my-first-project-9eef9 for permissions ["firebase.projects.get","firebaseextensions.instances.list"]
[debug] [2024-12-09T07:19:45.041Z] Checked if tokens are valid: true, expires at: 1733731400908
[debug] [2024-12-09T07:19:45.041Z] Checked if tokens are valid: true, expires at: 1733731400908
[debug] [2024-12-09T07:19:45.042Z] >>> [apiv2][query] POST https://cloudresourcemanager.googleapis.com/v1/projects/my-first-project-9eef9:testIamPermissions [none]
[debug] [2024-12-09T07:19:45.042Z] >>> [apiv2][(partial)header] POST https://cloudresourcemanager.googleapis.com/v1/projects/my-first-project-9eef9:testIamPermissions x-goog-quota-user=projects/my-first-project-9eef9
[debug] [2024-12-09T07:19:45.042Z] >>> [apiv2][body] POST https://cloudresourcemanager.googleapis.com/v1/projects/my-first-project-9eef9:testIamPermissions {"permissions":["firebase.projects.get","firebaseextensions.instances.list"]}
[debug] [2024-12-09T07:19:45.757Z] <<< [apiv2][status] POST https://cloudresourcemanager.googleapis.com/v1/projects/my-first-project-9eef9:testIamPermissions 200
[debug] [2024-12-09T07:19:45.757Z] <<< [apiv2][body] POST https://cloudresourcemanager.googleapis.com/v1/projects/my-first-project-9eef9:testIamPermissions {"permissions":["firebase.projects.get","firebaseextensions.instances.list"]}
[debug] [2024-12-09T07:19:45.758Z] Checked if tokens are valid: true, expires at: 1733731400908
[debug] [2024-12-09T07:19:45.758Z] Checked if tokens are valid: true, expires at: 1733731400908
[debug] [2024-12-09T07:19:45.759Z] >>> [apiv2][query] GET https://firebaseextensions.googleapis.com/v1beta/projects/my-first-project-9eef9/instances pageSize=100&pageToken=
[debug] [2024-12-09T07:19:46.678Z] <<< [apiv2][status] GET https://firebaseextensions.googleapis.com/v1beta/projects/my-first-project-9eef9/instances 200
[debug] [2024-12-09T07:19:46.679Z] <<< [apiv2][body] GET https://firebaseextensions.googleapis.com/v1beta/projects/my-first-project-9eef9/instances {}
[info] i  functions: preparing functions directory for uploading... 
[info] i  functions: packaged /Users/keitarokusano/my-app/functions (71.29 KB) for uploading 
[debug] [2024-12-09T07:19:46.757Z] Checked if tokens are valid: true, expires at: 1733731400908
[debug] [2024-12-09T07:19:46.757Z] Checked if tokens are valid: true, expires at: 1733731400908
[debug] [2024-12-09T07:19:46.757Z] >>> [apiv2][query] GET https://cloudfunctions.googleapis.com/v1/projects/my-first-project-9eef9/locations/-/functions [none]
[debug] [2024-12-09T07:19:47.498Z] <<< [apiv2][status] GET https://cloudfunctions.googleapis.com/v1/projects/my-first-project-9eef9/locations/-/functions 200
[debug] [2024-12-09T07:19:47.498Z] <<< [apiv2][body] GET https://cloudfunctions.googleapis.com/v1/projects/my-first-project-9eef9/locations/-/functions {}
[debug] [2024-12-09T07:19:47.499Z] Checked if tokens are valid: true, expires at: 1733731400908
[debug] [2024-12-09T07:19:47.499Z] Checked if tokens are valid: true, expires at: 1733731400908
[debug] [2024-12-09T07:19:47.499Z] >>> [apiv2][query] GET https://cloudfunctions.googleapis.com/v2/projects/my-first-project-9eef9/locations/-/functions filter=environment%3D%22GEN_2%22
[debug] [2024-12-09T07:19:48.887Z] <<< [apiv2][status] GET https://cloudfunctions.googleapis.com/v2/projects/my-first-project-9eef9/locations/-/functions 200
[debug] [2024-12-09T07:19:48.887Z] <<< [apiv2][body] GET https://cloudfunctions.googleapis.com/v2/projects/my-first-project-9eef9/locations/-/functions {"functions":[{"name":"projects/my-first-project-9eef9/locations/us-central1/functions/helloWorld","buildConfig":{"build":"projects/958797586723/locations/us-central1/builds/be584482-754f-4fc9-bf9e-af9afa783799","runtime":"nodejs18","entryPoint":"helloWorld","source":{"storageSource":{"bucket":"gcf-v2-sources-958797586723-us-central1","object":"helloWorld/function-source.zip","generation":"1733726210313197"}},"environmentVariables":{"GOOGLE_NODE_RUN_SCRIPTS":""},"dockerRepository":"projects/my-first-project-9eef9/locations/us-central1/repositories/gcf-artifacts","sourceProvenance":{"resolvedStorageSource":{"bucket":"gcf-v2-sources-958797586723-us-central1","object":"helloWorld/function-source.zip","generation":"1733726210313197"}},"dockerRegistry":"ARTIFACT_REGISTRY","serviceAccount":"projects/my-first-project-9eef9/serviceAccounts/958797586723-compute@developer.gserviceaccount.com","automaticUpdatePolicy":{}},"serviceConfig":{"service":"projects/my-first-project-9eef9/locations/us-central1/services/helloworld","timeoutSeconds":60,"environmentVariables":{"FIREBASE_CONFIG":"{\"projectId\":\"my-first-project-9eef9\",\"databaseURL\":\"https://my-first-project-9eef9-default-rtdb.asia-southeast1.firebasedatabase.app\",\"storageBucket\":\"my-first-project-9eef9.firebasestorage.app\"}","GCLOUD_PROJECT":"my-first-project-9eef9","EVENTARC_CLOUD_EVENT_SOURCE":"projects/my-first-project-9eef9/locations/us-central1/services/helloWorld","FUNCTION_TARGET":"helloWorld","LOG_EXECUTION_ID":"true"},"maxInstanceCount":100,"ingressSettings":"ALLOW_ALL","uri":"https://helloworld-vtfwmzqvpa-uc.a.run.app","serviceAccountEmail":"958797586723-compute@developer.gserviceaccount.com","availableMemory":"256Mi","allTrafficOnLatestRevision":true,"revision":"helloworld-00001-fes","maxInstanceRequestConcurrency":80,"availableCpu":"1"},"state":"ACTIVE","updateTime":"2024-12-09T06:39:44.686314392Z","labels":{"deployment-tool":"cli-firebase","firebase-functions-hash":"40add12a6727e73803f68045af6306bc769659ea"},"environment":"GEN_2","url":"https://us-central1-my-first-project-9eef9.cloudfunctions.net/helloWorld","createTime":"2024-12-09T06:36:50.679572073Z"}]}
[info] i  functions: ensuring required API run.googleapis.com is enabled... 
[debug] [2024-12-09T07:19:48.892Z] Checked if tokens are valid: true, expires at: 1733731400908
[debug] [2024-12-09T07:19:48.892Z] Checked if tokens are valid: true, expires at: 1733731400908
[info] i  functions: ensuring required API eventarc.googleapis.com is enabled... 
[debug] [2024-12-09T07:19:48.892Z] Checked if tokens are valid: true, expires at: 1733731400908
[debug] [2024-12-09T07:19:48.892Z] Checked if tokens are valid: true, expires at: 1733731400908
[info] i  functions: ensuring required API pubsub.googleapis.com is enabled... 
[debug] [2024-12-09T07:19:48.892Z] Checked if tokens are valid: true, expires at: 1733731400908
[debug] [2024-12-09T07:19:48.892Z] Checked if tokens are valid: true, expires at: 1733731400908
[info] i  functions: ensuring required API storage.googleapis.com is enabled... 
[debug] [2024-12-09T07:19:48.893Z] Checked if tokens are valid: true, expires at: 1733731400908
[debug] [2024-12-09T07:19:48.893Z] Checked if tokens are valid: true, expires at: 1733731400908
[debug] [2024-12-09T07:19:48.893Z] >>> [apiv2][query] GET https://serviceusage.googleapis.com/v1/projects/my-first-project-9eef9/services/run.googleapis.com [none]
[debug] [2024-12-09T07:19:48.893Z] >>> [apiv2][(partial)header] GET https://serviceusage.googleapis.com/v1/projects/my-first-project-9eef9/services/run.googleapis.com x-goog-quota-user=projects/my-first-project-9eef9
[debug] [2024-12-09T07:19:48.893Z] >>> [apiv2][query] GET https://serviceusage.googleapis.com/v1/projects/my-first-project-9eef9/services/eventarc.googleapis.com [none]
[debug] [2024-12-09T07:19:48.894Z] >>> [apiv2][(partial)header] GET https://serviceusage.googleapis.com/v1/projects/my-first-project-9eef9/services/eventarc.googleapis.com x-goog-quota-user=projects/my-first-project-9eef9
[debug] [2024-12-09T07:19:48.896Z] >>> [apiv2][query] GET https://serviceusage.googleapis.com/v1/projects/my-first-project-9eef9/services/pubsub.googleapis.com [none]
[debug] [2024-12-09T07:19:48.896Z] >>> [apiv2][(partial)header] GET https://serviceusage.googleapis.com/v1/projects/my-first-project-9eef9/services/pubsub.googleapis.com x-goog-quota-user=projects/my-first-project-9eef9
[debug] [2024-12-09T07:19:48.899Z] >>> [apiv2][query] GET https://serviceusage.googleapis.com/v1/projects/my-first-project-9eef9/services/storage.googleapis.com [none]
[debug] [2024-12-09T07:19:48.899Z] >>> [apiv2][(partial)header] GET https://serviceusage.googleapis.com/v1/projects/my-first-project-9eef9/services/storage.googleapis.com x-goog-quota-user=projects/my-first-project-9eef9
[debug] [2024-12-09T07:19:49.853Z] <<< [apiv2][status] GET https://serviceusage.googleapis.com/v1/projects/my-first-project-9eef9/services/run.googleapis.com 200
[debug] [2024-12-09T07:19:49.853Z] <<< [apiv2][body] GET https://serviceusage.googleapis.com/v1/projects/my-first-project-9eef9/services/run.googleapis.com [omitted]
[info] ✔  functions: required API run.googleapis.com is enabled 
[debug] [2024-12-09T07:19:49.881Z] <<< [apiv2][status] GET https://serviceusage.googleapis.com/v1/projects/my-first-project-9eef9/services/eventarc.googleapis.com 200
[debug] [2024-12-09T07:19:49.881Z] <<< [apiv2][body] GET https://serviceusage.googleapis.com/v1/projects/my-first-project-9eef9/services/eventarc.googleapis.com [omitted]
[info] ✔  functions: required API eventarc.googleapis.com is enabled 
[debug] [2024-12-09T07:19:49.892Z] <<< [apiv2][status] GET https://serviceusage.googleapis.com/v1/projects/my-first-project-9eef9/services/storage.googleapis.com 200
[debug] [2024-12-09T07:19:49.892Z] <<< [apiv2][body] GET https://serviceusage.googleapis.com/v1/projects/my-first-project-9eef9/services/storage.googleapis.com [omitted]
[info] ✔  functions: required API storage.googleapis.com is enabled 
[debug] [2024-12-09T07:19:49.895Z] <<< [apiv2][status] GET https://serviceusage.googleapis.com/v1/projects/my-first-project-9eef9/services/pubsub.googleapis.com 200
[debug] [2024-12-09T07:19:49.895Z] <<< [apiv2][body] GET https://serviceusage.googleapis.com/v1/projects/my-first-project-9eef9/services/pubsub.googleapis.com [omitted]
[info] ✔  functions: required API pubsub.googleapis.com is enabled 
[info] i  functions: generating the service identity for pubsub.googleapis.com... 
[debug] [2024-12-09T07:19:49.897Z] Checked if tokens are valid: true, expires at: 1733731400908
[debug] [2024-12-09T07:19:49.897Z] Checked if tokens are valid: true, expires at: 1733731400908
[info] i  functions: generating the service identity for eventarc.googleapis.com... 
[debug] [2024-12-09T07:19:49.897Z] Checked if tokens are valid: true, expires at: 1733731400908
[debug] [2024-12-09T07:19:49.897Z] Checked if tokens are valid: true, expires at: 1733731400908
[debug] [2024-12-09T07:19:49.898Z] >>> [apiv2][query] POST https://serviceusage.googleapis.com/v1beta1/projects/958797586723/services/pubsub.googleapis.com:generateServiceIdentity [none]
[debug] [2024-12-09T07:19:49.899Z] >>> [apiv2][query] POST https://serviceusage.googleapis.com/v1beta1/projects/958797586723/services/eventarc.googleapis.com:generateServiceIdentity [none]
[debug] [2024-12-09T07:19:50.196Z] <<< [apiv2][status] POST https://serviceusage.googleapis.com/v1beta1/projects/958797586723/services/eventarc.googleapis.com:generateServiceIdentity 200
[debug] [2024-12-09T07:19:50.196Z] <<< [apiv2][body] POST https://serviceusage.googleapis.com/v1beta1/projects/958797586723/services/eventarc.googleapis.com:generateServiceIdentity {"name":"operations/finished.DONE_OPERATION","done":true,"response":{"@type":"type.googleapis.com/google.api.serviceusage.v1beta1.ServiceIdentity","email":"service-958797586723@gcp-sa-eventarc.iam.gserviceaccount.com","uniqueId":"107409455281944178782"}}
[debug] [2024-12-09T07:19:50.846Z] <<< [apiv2][status] POST https://serviceusage.googleapis.com/v1beta1/projects/958797586723/services/pubsub.googleapis.com:generateServiceIdentity 200
[debug] [2024-12-09T07:19:50.846Z] <<< [apiv2][body] POST https://serviceusage.googleapis.com/v1beta1/projects/958797586723/services/pubsub.googleapis.com:generateServiceIdentity {"name":"operations/finished.DONE_OPERATION","done":true,"response":{"@type":"type.googleapis.com/google.api.serviceusage.v1beta1.ServiceIdentity","email":"service-958797586723@gcp-sa-pubsub.iam.gserviceaccount.com","uniqueId":"105101149843620223110"}}
[debug] [2024-12-09T07:19:50.849Z] Checked if tokens are valid: true, expires at: 1733731400908
[debug] [2024-12-09T07:19:50.849Z] Checked if tokens are valid: true, expires at: 1733731400908
[debug] [2024-12-09T07:19:50.849Z] >>> [apiv2][query] GET https://cloudresourcemanager.googleapis.com/v1/projects/my-first-project-9eef9 [none]
[debug] [2024-12-09T07:19:51.593Z] <<< [apiv2][status] GET https://cloudresourcemanager.googleapis.com/v1/projects/my-first-project-9eef9 200
[debug] [2024-12-09T07:19:51.593Z] <<< [apiv2][body] GET https://cloudresourcemanager.googleapis.com/v1/projects/my-first-project-9eef9 {"projectNumber":"958797586723","projectId":"my-first-project-9eef9","lifecycleState":"ACTIVE","name":"my-first-project","labels":{"firebase":"enabled"},"createTime":"2024-12-05T05:07:31.861974Z"}
[debug] [2024-12-09T07:19:51.598Z] Checked if tokens are valid: true, expires at: 1733731400908
[debug] [2024-12-09T07:19:51.598Z] Checked if tokens are valid: true, expires at: 1733731400908
[debug] [2024-12-09T07:19:51.598Z] >>> [apiv2][query] POST https://firebasehosting.googleapis.com/v1beta1/projects/-/sites/my-first-project-9eef9/versions [none]
[debug] [2024-12-09T07:19:51.598Z] >>> [apiv2][body] POST https://firebasehosting.googleapis.com/v1beta1/projects/-/sites/my-first-project-9eef9/versions {"status":"CREATED","labels":{"deployment-tool":"cli-firebase"}}
[debug] [2024-12-09T07:19:52.627Z] <<< [apiv2][status] POST https://firebasehosting.googleapis.com/v1beta1/projects/-/sites/my-first-project-9eef9/versions 200
[debug] [2024-12-09T07:19:52.627Z] <<< [apiv2][body] POST https://firebasehosting.googleapis.com/v1beta1/projects/-/sites/my-first-project-9eef9/versions {"name":"projects/958797586723/sites/my-first-project-9eef9/versions/9d26de7d5f3ac221","status":"CREATED","config":{},"labels":{"deployment-tool":"cli-firebase"}}
[debug] [2024-12-09T07:19:52.628Z] Checked if tokens are valid: true, expires at: 1733731400908
[debug] [2024-12-09T07:19:52.628Z] Checked if tokens are valid: true, expires at: 1733731400908
[debug] [2024-12-09T07:19:52.629Z] >>> [apiv2][query] GET https://cloudbilling.googleapis.com/v1/projects/my-first-project-9eef9/billingInfo [none]
[debug] [2024-12-09T07:19:53.161Z] <<< [apiv2][status] GET https://cloudbilling.googleapis.com/v1/projects/my-first-project-9eef9/billingInfo 200
[debug] [2024-12-09T07:19:53.162Z] <<< [apiv2][body] GET https://cloudbilling.googleapis.com/v1/projects/my-first-project-9eef9/billingInfo {"name":"projects/my-first-project-9eef9/billingInfo","projectId":"my-first-project-9eef9","billingAccountName":"billingAccounts/013811-4B3ED7-72C42C","billingEnabled":true}
[debug] [2024-12-09T07:19:53.163Z] [functions] found 1 new HTTP functions, testing setIamPolicy permission...
[debug] [2024-12-09T07:19:53.163Z] Checked if tokens are valid: true, expires at: 1733731400908
[debug] [2024-12-09T07:19:53.164Z] Checked if tokens are valid: true, expires at: 1733731400908
[debug] [2024-12-09T07:19:53.164Z] >>> [apiv2][query] POST https://cloudresourcemanager.googleapis.com/v1/projects/my-first-project-9eef9:testIamPermissions [none]
[debug] [2024-12-09T07:19:53.164Z] >>> [apiv2][(partial)header] POST https://cloudresourcemanager.googleapis.com/v1/projects/my-first-project-9eef9:testIamPermissions x-goog-quota-user=projects/my-first-project-9eef9
[debug] [2024-12-09T07:19:53.164Z] >>> [apiv2][body] POST https://cloudresourcemanager.googleapis.com/v1/projects/my-first-project-9eef9:testIamPermissions {"permissions":["cloudfunctions.functions.setIamPolicy"]}
[debug] [2024-12-09T07:19:53.295Z] <<< [apiv2][status] POST https://cloudresourcemanager.googleapis.com/v1/projects/my-first-project-9eef9:testIamPermissions 200
[debug] [2024-12-09T07:19:53.295Z] <<< [apiv2][body] POST https://cloudresourcemanager.googleapis.com/v1/projects/my-first-project-9eef9:testIamPermissions {"permissions":["cloudfunctions.functions.setIamPolicy"]}
[debug] [2024-12-09T07:19:53.295Z] [functions] found setIamPolicy permission, proceeding with deploy
[debug] [2024-12-09T07:19:53.296Z] Checked if tokens are valid: true, expires at: 1733731400908
[debug] [2024-12-09T07:19:53.296Z] Checked if tokens are valid: true, expires at: 1733731400908
[debug] [2024-12-09T07:19:53.296Z] >>> [apiv2][query] POST https://cloudfunctions.googleapis.com/v2/projects/my-first-project-9eef9/locations/us-central1/functions:generateUploadUrl [none]
[debug] [2024-12-09T07:19:54.449Z] <<< [apiv2][status] POST https://cloudfunctions.googleapis.com/v2/projects/my-first-project-9eef9/locations/us-central1/functions:generateUploadUrl 200
[debug] [2024-12-09T07:19:54.449Z] <<< [apiv2][body] POST https://cloudfunctions.googleapis.com/v2/projects/my-first-project-9eef9/locations/us-central1/functions:generateUploadUrl {"uploadUrl":"https://storage.googleapis.com/gcf-v2-uploads-958797586723.us-central1.cloudfunctions.appspot.com/6fd86ec3-c0ef-4a4e-8512-5a772c9b091b.zip?GoogleAccessId=service-958797586723@gcf-admin-robot.iam.gserviceaccount.com&Expires=1733730594&Signature=tFGHkvhc2z59NGqynUOsbxNvLBboa2F%2FOD78l8TPAh0E36KS1pzl9aIQp8mRZ8uxocrXLvL5Bbb5NSp0B3TwBCpvKER6Ncsdia6N9Nxwya7OzXqmQdx5LFX%2FfbmaUPaI%2B6Z8gmd9znJuptxN6BM%2FYrSwcIXINdzZVb%2FjuAqhesNkkljQySy5THAlxL5cl45cK%2FpjqFIZX70qrUKeMhc2C0qYI5NuUuSmwKj6iYsCX0P3OY%2Bc7%2FZrMtWslZeBEyDZIdW2mT4fN%2FokIb7nfrm9O%2ByiPELwzm1ZyEsiaoHBe2Ct4a1JOWg9i1rPpAi3p1ey%2BC%2Bq4RrWXZ2NdTHnFdM%2BZA%3D%3D","storageSource":{"bucket":"gcf-v2-uploads-958797586723.us-central1.cloudfunctions.appspot.com","object":"6fd86ec3-c0ef-4a4e-8512-5a772c9b091b.zip"}}
[debug] [2024-12-09T07:19:54.450Z] >>> [apiv2][query] PUT https://storage.googleapis.com/gcf-v2-uploads-958797586723.us-central1.cloudfunctions.appspot.com/6fd86ec3-c0ef-4a4e-8512-5a772c9b091b.zip GoogleAccessId=service-958797586723%40gcf-admin-robot.iam.gserviceaccount.com&Expires=1733730594&Signature=tFGHkvhc2z59NGqynUOsbxNvLBboa2F%2FOD78l8TPAh0E36KS1pzl9aIQp8mRZ8uxocrXLvL5Bbb5NSp0B3TwBCpvKER6Ncsdia6N9Nxwya7OzXqmQdx5LFX%2FfbmaUPaI%2B6Z8gmd9znJuptxN6BM%2FYrSwcIXINdzZVb%2FjuAqhesNkkljQySy5THAlxL5cl45cK%2FpjqFIZX70qrUKeMhc2C0qYI5NuUuSmwKj6iYsCX0P3OY%2Bc7%2FZrMtWslZeBEyDZIdW2mT4fN%2FokIb7nfrm9O%2ByiPELwzm1ZyEsiaoHBe2Ct4a1JOWg9i1rPpAi3p1ey%2BC%2Bq4RrWXZ2NdTHnFdM%2BZA%3D%3D
[debug] [2024-12-09T07:19:54.451Z] >>> [apiv2][body] PUT https://storage.googleapis.com/gcf-v2-uploads-958797586723.us-central1.cloudfunctions.appspot.com/6fd86ec3-c0ef-4a4e-8512-5a772c9b091b.zip [stream]
[debug] [2024-12-09T07:19:55.853Z] <<< [apiv2][status] PUT https://storage.googleapis.com/gcf-v2-uploads-958797586723.us-central1.cloudfunctions.appspot.com/6fd86ec3-c0ef-4a4e-8512-5a772c9b091b.zip 200
[debug] [2024-12-09T07:19:55.853Z] <<< [apiv2][body] PUT https://storage.googleapis.com/gcf-v2-uploads-958797586723.us-central1.cloudfunctions.appspot.com/6fd86ec3-c0ef-4a4e-8512-5a772c9b091b.zip [omitted]
[info] ✔  functions: functions folder uploaded successfully 
[info] i  hosting[my-first-project-9eef9]: beginning deploy... 
[info] i  hosting[my-first-project-9eef9]: found 13 files in build 
[debug] [2024-12-09T07:19:55.888Z] [hosting] uploading with 200 concurrency
[debug] [2024-12-09T07:19:55.898Z] Checked if tokens are valid: true, expires at: 1733731400908
[debug] [2024-12-09T07:19:55.899Z] Checked if tokens are valid: true, expires at: 1733731400908
[debug] [2024-12-09T07:19:55.900Z] [hosting] hash cache [YnVpbGQ] stored for 13 files
[debug] [2024-12-09T07:19:55.903Z] [hosting][hash queue][FINAL] {"max":3,"min":1,"avg":1,"active":0,"complete":13,"success":13,"errored":0,"retried":0,"total":13,"elapsed":9}
[debug] [2024-12-09T07:19:55.904Z] >>> [apiv2][query] POST https://firebasehosting.googleapis.com/v1beta1/projects/958797586723/sites/my-first-project-9eef9/versions/9d26de7d5f3ac221:populateFiles [none]
[debug] [2024-12-09T07:19:55.904Z] >>> [apiv2][body] POST https://firebasehosting.googleapis.com/v1beta1/projects/958797586723/sites/my-first-project-9eef9/versions/9d26de7d5f3ac221:populateFiles {"files":{"/robots.txt":"391d14b3c2f8c9143a27a28c7399585142228d4d1bdbe2c87ac946de411fa9a2","/manifest.json":"4e1d3adad9ce7e17c0d13fac197f1c27091906f4ecf3909c9f51247bff345118","/logo512.png":"2356e0b814e58a349935c8de17226873d615d088a867d591fef48a64c80c9a2f","/logo192.png":"f66564670b5bfe49f3f04a5b63107bae60f4a7736f1d3b83aa0115f7acf45150","/index.html":"4ac84446174ae4750803e59c1c8e9fccd3a6bb2e842399b33c3dc9c4b6797b07","/favicon.ico":"1463be9bedc82e16f9364eec7a1f5152cbe56229401381eed65c1496cb884407","/asset-manifest.json":"0e978ceb6c448dbf5ee0c3e374c047b234f3394e6a6d88713b7b1cbfcf3c6759","/404.html":"b6abfbdc894d37c260154e281499dc6415bb6ad76b32f01ef94dee93aa897ac4","/static/js/main.74851e29.js.map":"c6b4351a764ea0625beb290c59a05558a8befc5e781acab634047ffeccc026c1","/static/js/main.74851e29.js.LICENSE.txt":"c6d83d195e162782a2112fc33213504b0ffa99a16b7d95382c91ff6ded92cbf5","/static/js/main.74851e29.js":"305e5d5c7c874a1af71adb7d1b0adaf4ba24853176bc7be45609cb0d442163fc","/static/css/main.82075352.css.map":"9bc99540d9be65851144c7c708125bee574ae2d685c8783c1ea7f4b522419f13","/static/css/main.82075352.css":"55342f04708ca2aed92d648a0431742c44d934514093252d0e51cc9cbc1ebac9"}}
[debug] [2024-12-09T07:19:56.458Z] <<< [apiv2][status] POST https://firebasehosting.googleapis.com/v1beta1/projects/958797586723/sites/my-first-project-9eef9/versions/9d26de7d5f3ac221:populateFiles 200
[debug] [2024-12-09T07:19:56.458Z] <<< [apiv2][body] POST https://firebasehosting.googleapis.com/v1beta1/projects/958797586723/sites/my-first-project-9eef9/versions/9d26de7d5f3ac221:populateFiles {"uploadUrl":"https://upload-firebasehosting.googleapis.com/upload/sites/my-first-project-9eef9/versions/9d26de7d5f3ac221/files"}
[debug] [2024-12-09T07:19:56.458Z] [hosting][populate queue][FINAL] {"max":560,"min":560,"avg":560,"active":0,"complete":1,"success":1,"errored":0,"retried":0,"total":1,"elapsed":560}
[debug] [2024-12-09T07:19:56.458Z] [hosting] uploads queued: 0
[debug] [2024-12-09T07:19:56.459Z] [hosting][upload queue][FINAL] {"max":0,"min":9999999999,"avg":0,"active":0,"complete":0,"success":0,"errored":0,"retried":0,"total":0,"elapsed":1733728796459}
[info] ✔  hosting[my-first-project-9eef9]: file upload complete 
[debug] [2024-12-09T07:19:56.460Z] [hosting] deploy completed after 603ms
[info] 
The following functions are found in your project but do not exist in your local source code:
	helloWorld(us-central1)

If you are renaming a function or changing its region, it is recommended that you create the new function first before deleting the old one to prevent event loss. For more info, visit https://firebase.google.com/docs/functions/manage-functions#modify

[info] i  functions: creating Node.js 18 (2nd Gen) function uploadPrescription(us-central1)... 
[debug] [2024-12-09T07:20:23.825Z] Checked if tokens are valid: true, expires at: 1733731400908
[debug] [2024-12-09T07:20:23.825Z] Checked if tokens are valid: true, expires at: 1733731400908
[info] i  functions: deleting Node.js 18 (2nd Gen) function helloWorld(us-central1)... 
[debug] [2024-12-09T07:20:23.826Z] Checked if tokens are valid: true, expires at: 1733731400908
[debug] [2024-12-09T07:20:23.827Z] Checked if tokens are valid: true, expires at: 1733731400908
[debug] [2024-12-09T07:20:23.827Z] >>> [apiv2][query] POST https://cloudfunctions.googleapis.com/v2/projects/my-first-project-9eef9/locations/us-central1/functions functionId=uploadPrescription
[debug] [2024-12-09T07:20:23.827Z] >>> [apiv2][body] POST https://cloudfunctions.googleapis.com/v2/projects/my-first-project-9eef9/locations/us-central1/functions {"name":"projects/my-first-project-9eef9/locations/us-central1/functions/uploadPrescription","buildConfig":{"runtime":"nodejs18","entryPoint":"uploadPrescription","source":{"storageSource":{"bucket":"gcf-v2-uploads-958797586723.us-central1.cloudfunctions.appspot.com","object":"6fd86ec3-c0ef-4a4e-8512-5a772c9b091b.zip"}},"environmentVariables":{"GOOGLE_NODE_RUN_SCRIPTS":""}},"serviceConfig":{"environmentVariables":{"FIREBASE_CONFIG":"{\"projectId\":\"my-first-project-9eef9\",\"databaseURL\":\"https://my-first-project-9eef9-default-rtdb.asia-southeast1.firebasedatabase.app\",\"storageBucket\":\"my-first-project-9eef9.firebasestorage.app\"}","GCLOUD_PROJECT":"my-first-project-9eef9","EVENTARC_CLOUD_EVENT_SOURCE":"projects/my-first-project-9eef9/locations/us-central1/services/uploadPrescription","FUNCTION_TARGET":"uploadPrescription"},"ingressSettings":null,"timeoutSeconds":null,"serviceAccountEmail":null,"availableMemory":"256Mi","minInstanceCount":null,"maxInstanceCount":null,"maxInstanceRequestConcurrency":80,"availableCpu":"1","vpcConnector":null,"vpcConnectorEgressSettings":null},"labels":{"deployment-tool":"cli-firebase","firebase-functions-hash":"96ff83c4d33c1291b0d303afa3a9585249ebbefa"}}
[debug] [2024-12-09T07:20:23.830Z] >>> [apiv2][query] DELETE https://cloudfunctions.googleapis.com/v2/projects/my-first-project-9eef9/locations/us-central1/functions/helloWorld [none]
[debug] [2024-12-09T07:20:25.010Z] <<< [apiv2][status] DELETE https://cloudfunctions.googleapis.com/v2/projects/my-first-project-9eef9/locations/us-central1/functions/helloWorld 200
[debug] [2024-12-09T07:20:25.010Z] <<< [apiv2][body] DELETE https://cloudfunctions.googleapis.com/v2/projects/my-first-project-9eef9/locations/us-central1/functions/helloWorld {"name":"projects/my-first-project-9eef9/locations/us-central1/operations/operation-1733728824875-628d132be5bd3-3e934920-531389ec","metadata":{"@type":"type.googleapis.com/google.cloud.functions.v2.OperationMetadata","createTime":"2024-12-09T07:20:24.902956749Z","target":"projects/my-first-project-9eef9/locations/us-central1/functions/helloWorld","verb":"delete","cancelRequested":false,"apiVersion":"v2"},"done":false}
[debug] [2024-12-09T07:20:25.011Z] Checked if tokens are valid: true, expires at: 1733731400908
[debug] [2024-12-09T07:20:25.011Z] Checked if tokens are valid: true, expires at: 1733731400908
[debug] [2024-12-09T07:20:25.011Z] >>> [apiv2][query] GET https://cloudfunctions.googleapis.com/v2/projects/my-first-project-9eef9/locations/us-central1/operations/operation-1733728824875-628d132be5bd3-3e934920-531389ec [none]
[debug] [2024-12-09T07:20:25.488Z] <<< [apiv2][status] POST https://cloudfunctions.googleapis.com/v2/projects/my-first-project-9eef9/locations/us-central1/functions 200
[debug] [2024-12-09T07:20:25.488Z] <<< [apiv2][body] POST https://cloudfunctions.googleapis.com/v2/projects/my-first-project-9eef9/locations/us-central1/functions {"name":"projects/my-first-project-9eef9/locations/us-central1/operations/operation-1733728824879-628d132be6978-3623f3b4-a38ad0f6","metadata":{"@type":"type.googleapis.com/google.cloud.functions.v2.OperationMetadata","createTime":"2024-12-09T07:20:25.343844509Z","target":"projects/my-first-project-9eef9/locations/us-central1/functions/uploadPrescription","verb":"create","cancelRequested":false,"apiVersion":"v2"},"done":false}
[debug] [2024-12-09T07:20:25.488Z] Checked if tokens are valid: true, expires at: 1733731400908
[debug] [2024-12-09T07:20:25.488Z] Checked if tokens are valid: true, expires at: 1733731400908
[debug] [2024-12-09T07:20:25.489Z] >>> [apiv2][query] GET https://cloudfunctions.googleapis.com/v2/projects/my-first-project-9eef9/locations/us-central1/operations/operation-1733728824879-628d132be6978-3623f3b4-a38ad0f6 [none]
[debug] [2024-12-09T07:20:26.091Z] <<< [apiv2][status] GET https://cloudfunctions.googleapis.com/v2/projects/my-first-project-9eef9/locations/us-central1/operations/operation-1733728824875-628d132be5bd3-3e934920-531389ec 200
[debug] [2024-12-09T07:20:26.091Z] <<< [apiv2][body] GET https://cloudfunctions.googleapis.com/v2/projects/my-first-project-9eef9/locations/us-central1/operations/operation-1733728824875-628d132be5bd3-3e934920-531389ec {"name":"projects/my-first-project-9eef9/locations/us-central1/operations/operation-1733728824875-628d132be5bd3-3e934920-531389ec","metadata":{"@type":"type.googleapis.com/google.cloud.functions.v2.OperationMetadata","createTime":"2024-12-09T07:20:24.902956749Z","target":"projects/my-first-project-9eef9/locations/us-central1/functions/helloWorld","verb":"delete","cancelRequested":false,"apiVersion":"v2","requestResource":{"@type":"type.googleapis.com/google.cloud.functions.v2.Function","name":"projects/my-first-project-9eef9/locations/us-central1/functions/helloWorld","environment":"GEN_2"},"stages":[{"name":"ARTIFACT_REGISTRY","state":"NOT_STARTED"},{"name":"SERVICE","message":"Deleting Cloud Run service","state":"COMPLETE","resource":"projects/my-first-project-9eef9/locations/us-central1/services/helloworld"}],"operationType":"DELETE_FUNCTION"},"done":false}
[debug] [2024-12-09T07:20:26.566Z] <<< [apiv2][status] GET https://cloudfunctions.googleapis.com/v2/projects/my-first-project-9eef9/locations/us-central1/operations/operation-1733728824879-628d132be6978-3623f3b4-a38ad0f6 200
[debug] [2024-12-09T07:20:26.566Z] <<< [apiv2][body] GET https://cloudfunctions.googleapis.com/v2/projects/my-first-project-9eef9/locations/us-central1/operations/operation-1733728824879-628d132be6978-3623f3b4-a38ad0f6 {"name":"projects/my-first-project-9eef9/locations/us-central1/operations/operation-1733728824879-628d132be6978-3623f3b4-a38ad0f6","metadata":{"@type":"type.googleapis.com/google.cloud.functions.v2.OperationMetadata","createTime":"2024-12-09T07:20:25.343844509Z","target":"projects/my-first-project-9eef9/locations/us-central1/functions/uploadPrescription","verb":"create","cancelRequested":false,"apiVersion":"v2","requestResource":{"@type":"type.googleapis.com/google.cloud.functions.v2.Function","name":"projects/my-first-project-9eef9/locations/us-central1/functions/uploadPrescription","buildConfig":{"runtime":"nodejs18","entryPoint":"uploadPrescription","source":{"storageSource":{"bucket":"gcf-v2-sources-958797586723-us-central1","object":"uploadPrescription/function-source.zip","generation":"1733728825122315"}},"environmentVariables":{"GOOGLE_NODE_RUN_SCRIPTS":""},"serviceAccount":"projects/my-first-project-9eef9/serviceAccounts/958797586723-compute@developer.gserviceaccount.com","automaticUpdatePolicy":{}},"serviceConfig":{"service":"projects/my-first-project-9eef9/locations/us-central1/services/uploadprescription","timeoutSeconds":60,"environmentVariables":{"FIREBASE_CONFIG":"{\"projectId\":\"my-first-project-9eef9\",\"databaseURL\":\"https://my-first-project-9eef9-default-rtdb.asia-southeast1.firebasedatabase.app\",\"storageBucket\":\"my-first-project-9eef9.firebasestorage.app\"}","GCLOUD_PROJECT":"my-first-project-9eef9","EVENTARC_CLOUD_EVENT_SOURCE":"projects/my-first-project-9eef9/locations/us-central1/services/uploadPrescription","FUNCTION_TARGET":"uploadPrescription","LOG_EXECUTION_ID":"true"},"ingressSettings":"ALLOW_ALL","serviceAccountEmail":"958797586723-compute@developer.gserviceaccount.com","availableMemory":"256Mi","maxInstanceRequestConcurrency":80,"availableCpu":"1"},"labels":{"deployment-tool":"cli-firebase","firebase-functions-hash":"96ff83c4d33c1291b0d303afa3a9585249ebbefa"},"environment":"GEN_2"},"stages":[{"name":"BUILD","message":"Build in progress","state":"IN_PROGRESS","resource":"projects/958797586723/locations/us-central1/builds/84bcc8b9-f086-408b-bece-e37658d4b229","resourceUri":"https://console.cloud.google.com/cloud-build/builds;region=us-central1/84bcc8b9-f086-408b-bece-e37658d4b229?project=958797586723"},{"name":"SERVICE","state":"NOT_STARTED"}],"operationType":"CREATE_FUNCTION","buildName":"projects/958797586723/locations/us-central1/builds/84bcc8b9-f086-408b-bece-e37658d4b229"},"done":false}
[debug] [2024-12-09T07:20:26.593Z] [delete-default-us-central1-helloWorld] Retrying task index 0
[debug] [2024-12-09T07:20:26.594Z] Checked if tokens are valid: true, expires at: 1733731400908
[debug] [2024-12-09T07:20:26.594Z] Checked if tokens are valid: true, expires at: 1733731400908
[debug] [2024-12-09T07:20:26.594Z] >>> [apiv2][query] GET https://cloudfunctions.googleapis.com/v2/projects/my-first-project-9eef9/locations/us-central1/operations/operation-1733728824875-628d132be5bd3-3e934920-531389ec [none]
[debug] [2024-12-09T07:20:27.067Z] [create-default-us-central1-uploadPrescription] Retrying task index 0
[debug] [2024-12-09T07:20:27.067Z] Checked if tokens are valid: true, expires at: 1733731400908
[debug] [2024-12-09T07:20:27.067Z] Checked if tokens are valid: true, expires at: 1733731400908
[debug] [2024-12-09T07:20:27.067Z] >>> [apiv2][query] GET https://cloudfunctions.googleapis.com/v2/projects/my-first-project-9eef9/locations/us-central1/operations/operation-1733728824879-628d132be6978-3623f3b4-a38ad0f6 [none]
[debug] [2024-12-09T07:20:27.646Z] <<< [apiv2][status] GET https://cloudfunctions.googleapis.com/v2/projects/my-first-project-9eef9/locations/us-central1/operations/operation-1733728824875-628d132be5bd3-3e934920-531389ec 200
[debug] [2024-12-09T07:20:27.646Z] <<< [apiv2][body] GET https://cloudfunctions.googleapis.com/v2/projects/my-first-project-9eef9/locations/us-central1/operations/operation-1733728824875-628d132be5bd3-3e934920-531389ec {"name":"projects/my-first-project-9eef9/locations/us-central1/operations/operation-1733728824875-628d132be5bd3-3e934920-531389ec","metadata":{"@type":"type.googleapis.com/google.cloud.functions.v2.OperationMetadata","createTime":"2024-12-09T07:20:24.902956749Z","endTime":"2024-12-09T07:20:26.384956744Z","target":"projects/my-first-project-9eef9/locations/us-central1/functions/helloWorld","verb":"delete","cancelRequested":false,"apiVersion":"v2","requestResource":{"@type":"type.googleapis.com/google.cloud.functions.v2.Function","name":"projects/my-first-project-9eef9/locations/us-central1/functions/helloWorld","environment":"GEN_2"},"stages":[{"name":"ARTIFACT_REGISTRY","message":"Deleting function artifacts in Artifact Registry","state":"COMPLETE"},{"name":"SERVICE","message":"Deleting Cloud Run service","state":"COMPLETE","resource":"projects/my-first-project-9eef9/locations/us-central1/services/helloworld"}],"operationType":"DELETE_FUNCTION"},"done":true,"response":{"@type":"type.googleapis.com/google.protobuf.Empty"}}
[info] ✔  functions[helloWorld(us-central1)] Successful delete operation. 
[debug] [2024-12-09T07:20:28.138Z] <<< [apiv2][status] GET https://cloudfunctions.googleapis.com/v2/projects/my-first-project-9eef9/locations/us-central1/operations/operation-1733728824879-628d132be6978-3623f3b4-a38ad0f6 200
[debug] [2024-12-09T07:20:28.138Z] <<< [apiv2][body] GET https://cloudfunctions.googleapis.com/v2/projects/my-first-project-9eef9/locations/us-central1/operations/operation-1733728824879-628d132be6978-3623f3b4-a38ad0f6 {"name":"projects/my-first-project-9eef9/locations/us-central1/operations/operation-1733728824879-628d132be6978-3623f3b4-a38ad0f6","metadata":{"@type":"type.googleapis.com/google.cloud.functions.v2.OperationMetadata","createTime":"2024-12-09T07:20:25.343844509Z","target":"projects/my-first-project-9eef9/locations/us-central1/functions/uploadPrescription","verb":"create","cancelRequested":false,"apiVersion":"v2","requestResource":{"@type":"type.googleapis.com/google.cloud.functions.v2.Function","name":"projects/my-first-project-9eef9/locations/us-central1/functions/uploadPrescription","buildConfig":{"runtime":"nodejs18","entryPoint":"uploadPrescription","source":{"storageSource":{"bucket":"gcf-v2-sources-958797586723-us-central1","object":"uploadPrescription/function-source.zip","generation":"1733728825122315"}},"environmentVariables":{"GOOGLE_NODE_RUN_SCRIPTS":""},"serviceAccount":"projects/my-first-project-9eef9/serviceAccounts/958797586723-compute@developer.gserviceaccount.com","automaticUpdatePolicy":{}},"serviceConfig":{"service":"projects/my-first-project-9eef9/locations/us-central1/services/uploadprescription","timeoutSeconds":60,"environmentVariables":{"FIREBASE_CONFIG":"{\"projectId\":\"my-first-project-9eef9\",\"databaseURL\":\"https://my-first-project-9eef9-default-rtdb.asia-southeast1.firebasedatabase.app\",\"storageBucket\":\"my-first-project-9eef9.firebasestorage.app\"}","GCLOUD_PROJECT":"my-first-project-9eef9","EVENTARC_CLOUD_EVENT_SOURCE":"projects/my-first-project-9eef9/locations/us-central1/services/uploadPrescription","FUNCTION_TARGET":"uploadPrescription","LOG_EXECUTION_ID":"true"},"ingressSettings":"ALLOW_ALL","serviceAccountEmail":"958797586723-compute@developer.gserviceaccount.com","availableMemory":"256Mi","maxInstanceRequestConcurrency":80,"availableCpu":"1"},"labels":{"deployment-tool":"cli-firebase","firebase-functions-hash":"96ff83c4d33c1291b0d303afa3a9585249ebbefa"},"environment":"GEN_2"},"stages":[{"name":"BUILD","message":"Build in progress","state":"IN_PROGRESS","resource":"projects/958797586723/locations/us-central1/builds/84bcc8b9-f086-408b-bece-e37658d4b229","resourceUri":"https://console.cloud.google.com/cloud-build/builds;region=us-central1/84bcc8b9-f086-408b-bece-e37658d4b229?project=958797586723"},{"name":"SERVICE","state":"NOT_STARTED"}],"operationType":"CREATE_FUNCTION","buildName":"projects/958797586723/locations/us-central1/builds/84bcc8b9-f086-408b-bece-e37658d4b229"},"done":false}
[debug] [2024-12-09T07:20:29.141Z] [create-default-us-central1-uploadPrescription] Retrying task index 0
[debug] [2024-12-09T07:20:29.142Z] Checked if tokens are valid: true, expires at: 1733731400908
[debug] [2024-12-09T07:20:29.142Z] Checked if tokens are valid: true, expires at: 1733731400908
[debug] [2024-12-09T07:20:29.142Z] >>> [apiv2][query] GET https://cloudfunctions.googleapis.com/v2/projects/my-first-project-9eef9/locations/us-central1/operations/operation-1733728824879-628d132be6978-3623f3b4-a38ad0f6 [none]
[debug] [2024-12-09T07:20:30.191Z] <<< [apiv2][status] GET https://cloudfunctions.googleapis.com/v2/projects/my-first-project-9eef9/locations/us-central1/operations/operation-1733728824879-628d132be6978-3623f3b4-a38ad0f6 200
[debug] [2024-12-09T07:20:30.191Z] <<< [apiv2][body] GET https://cloudfunctions.googleapis.com/v2/projects/my-first-project-9eef9/locations/us-central1/operations/operation-1733728824879-628d132be6978-3623f3b4-a38ad0f6 {"name":"projects/my-first-project-9eef9/locations/us-central1/operations/operation-1733728824879-628d132be6978-3623f3b4-a38ad0f6","metadata":{"@type":"type.googleapis.com/google.cloud.functions.v2.OperationMetadata","createTime":"2024-12-09T07:20:25.343844509Z","target":"projects/my-first-project-9eef9/locations/us-central1/functions/uploadPrescription","verb":"create","cancelRequested":false,"apiVersion":"v2","requestResource":{"@type":"type.googleapis.com/google.cloud.functions.v2.Function","name":"projects/my-first-project-9eef9/locations/us-central1/functions/uploadPrescription","buildConfig":{"runtime":"nodejs18","entryPoint":"uploadPrescription","source":{"storageSource":{"bucket":"gcf-v2-sources-958797586723-us-central1","object":"uploadPrescription/function-source.zip","generation":"1733728825122315"}},"environmentVariables":{"GOOGLE_NODE_RUN_SCRIPTS":""},"serviceAccount":"projects/my-first-project-9eef9/serviceAccounts/958797586723-compute@developer.gserviceaccount.com","automaticUpdatePolicy":{}},"serviceConfig":{"service":"projects/my-first-project-9eef9/locations/us-central1/services/uploadprescription","timeoutSeconds":60,"environmentVariables":{"FIREBASE_CONFIG":"{\"projectId\":\"my-first-project-9eef9\",\"databaseURL\":\"https://my-first-project-9eef9-default-rtdb.asia-southeast1.firebasedatabase.app\",\"storageBucket\":\"my-first-project-9eef9.firebasestorage.app\"}","GCLOUD_PROJECT":"my-first-project-9eef9","EVENTARC_CLOUD_EVENT_SOURCE":"projects/my-first-project-9eef9/locations/us-central1/services/uploadPrescription","FUNCTION_TARGET":"uploadPrescription","LOG_EXECUTION_ID":"true"},"ingressSettings":"ALLOW_ALL","serviceAccountEmail":"958797586723-compute@developer.gserviceaccount.com","availableMemory":"256Mi","maxInstanceRequestConcurrency":80,"availableCpu":"1"},"labels":{"deployment-tool":"cli-firebase","firebase-functions-hash":"96ff83c4d33c1291b0d303afa3a9585249ebbefa"},"environment":"GEN_2"},"stages":[{"name":"BUILD","message":"Build in progress","state":"IN_PROGRESS","resource":"projects/958797586723/locations/us-central1/builds/84bcc8b9-f086-408b-bece-e37658d4b229","resourceUri":"https://console.cloud.google.com/cloud-build/builds;region=us-central1/84bcc8b9-f086-408b-bece-e37658d4b229?project=958797586723"},{"name":"SERVICE","state":"NOT_STARTED"}],"operationType":"CREATE_FUNCTION","buildName":"projects/958797586723/locations/us-central1/builds/84bcc8b9-f086-408b-bece-e37658d4b229"},"done":false}
[debug] [2024-12-09T07:20:32.194Z] [create-default-us-central1-uploadPrescription] Retrying task index 0
[debug] [2024-12-09T07:20:32.194Z] Checked if tokens are valid: true, expires at: 1733731400908
[debug] [2024-12-09T07:20:32.195Z] Checked if tokens are valid: true, expires at: 1733731400908
[debug] [2024-12-09T07:20:32.195Z] >>> [apiv2][query] GET https://cloudfunctions.googleapis.com/v2/projects/my-first-project-9eef9/locations/us-central1/operations/operation-1733728824879-628d132be6978-3623f3b4-a38ad0f6 [none]
[debug] [2024-12-09T07:20:33.274Z] <<< [apiv2][status] GET https://cloudfunctions.googleapis.com/v2/projects/my-first-project-9eef9/locations/us-central1/operations/operation-1733728824879-628d132be6978-3623f3b4-a38ad0f6 200
[debug] [2024-12-09T07:20:33.274Z] <<< [apiv2][body] GET https://cloudfunctions.googleapis.com/v2/projects/my-first-project-9eef9/locations/us-central1/operations/operation-1733728824879-628d132be6978-3623f3b4-a38ad0f6 {"name":"projects/my-first-project-9eef9/locations/us-central1/operations/operation-1733728824879-628d132be6978-3623f3b4-a38ad0f6","metadata":{"@type":"type.googleapis.com/google.cloud.functions.v2.OperationMetadata","createTime":"2024-12-09T07:20:25.343844509Z","target":"projects/my-first-project-9eef9/locations/us-central1/functions/uploadPrescription","verb":"create","cancelRequested":false,"apiVersion":"v2","requestResource":{"@type":"type.googleapis.com/google.cloud.functions.v2.Function","name":"projects/my-first-project-9eef9/locations/us-central1/functions/uploadPrescription","buildConfig":{"runtime":"nodejs18","entryPoint":"uploadPrescription","source":{"storageSource":{"bucket":"gcf-v2-sources-958797586723-us-central1","object":"uploadPrescription/function-source.zip","generation":"1733728825122315"}},"environmentVariables":{"GOOGLE_NODE_RUN_SCRIPTS":""},"serviceAccount":"projects/my-first-project-9eef9/serviceAccounts/958797586723-compute@developer.gserviceaccount.com","automaticUpdatePolicy":{}},"serviceConfig":{"service":"projects/my-first-project-9eef9/locations/us-central1/services/uploadprescription","timeoutSeconds":60,"environmentVariables":{"FIREBASE_CONFIG":"{\"projectId\":\"my-first-project-9eef9\",\"databaseURL\":\"https://my-first-project-9eef9-default-rtdb.asia-southeast1.firebasedatabase.app\",\"storageBucket\":\"my-first-project-9eef9.firebasestorage.app\"}","GCLOUD_PROJECT":"my-first-project-9eef9","EVENTARC_CLOUD_EVENT_SOURCE":"projects/my-first-project-9eef9/locations/us-central1/services/uploadPrescription","FUNCTION_TARGET":"uploadPrescription","LOG_EXECUTION_ID":"true"},"ingressSettings":"ALLOW_ALL","serviceAccountEmail":"958797586723-compute@developer.gserviceaccount.com","availableMemory":"256Mi","maxInstanceRequestConcurrency":80,"availableCpu":"1"},"labels":{"deployment-tool":"cli-firebase","firebase-functions-hash":"96ff83c4d33c1291b0d303afa3a9585249ebbefa"},"environment":"GEN_2"},"stages":[{"name":"BUILD","message":"Build in progress","state":"IN_PROGRESS","resource":"projects/958797586723/locations/us-central1/builds/84bcc8b9-f086-408b-bece-e37658d4b229","resourceUri":"https://console.cloud.google.com/cloud-build/builds;region=us-central1/84bcc8b9-f086-408b-bece-e37658d4b229?project=958797586723"},{"name":"SERVICE","state":"NOT_STARTED"}],"operationType":"CREATE_FUNCTION","buildName":"projects/958797586723/locations/us-central1/builds/84bcc8b9-f086-408b-bece-e37658d4b229"},"done":false}
[debug] [2024-12-09T07:20:37.277Z] [create-default-us-central1-uploadPrescription] Retrying task index 0
[debug] [2024-12-09T07:20:37.277Z] Checked if tokens are valid: true, expires at: 1733731400908
[debug] [2024-12-09T07:20:37.278Z] Checked if tokens are valid: true, expires at: 1733731400908
[debug] [2024-12-09T07:20:37.278Z] >>> [apiv2][query] GET https://cloudfunctions.googleapis.com/v2/projects/my-first-project-9eef9/locations/us-central1/operations/operation-1733728824879-628d132be6978-3623f3b4-a38ad0f6 [none]
[debug] [2024-12-09T07:20:38.333Z] <<< [apiv2][status] GET https://cloudfunctions.googleapis.com/v2/projects/my-first-project-9eef9/locations/us-central1/operations/operation-1733728824879-628d132be6978-3623f3b4-a38ad0f6 200
[debug] [2024-12-09T07:20:38.333Z] <<< [apiv2][body] GET https://cloudfunctions.googleapis.com/v2/projects/my-first-project-9eef9/locations/us-central1/operations/operation-1733728824879-628d132be6978-3623f3b4-a38ad0f6 {"name":"projects/my-first-project-9eef9/locations/us-central1/operations/operation-1733728824879-628d132be6978-3623f3b4-a38ad0f6","metadata":{"@type":"type.googleapis.com/google.cloud.functions.v2.OperationMetadata","createTime":"2024-12-09T07:20:25.343844509Z","target":"projects/my-first-project-9eef9/locations/us-central1/functions/uploadPrescription","verb":"create","cancelRequested":false,"apiVersion":"v2","requestResource":{"@type":"type.googleapis.com/google.cloud.functions.v2.Function","name":"projects/my-first-project-9eef9/locations/us-central1/functions/uploadPrescription","buildConfig":{"runtime":"nodejs18","entryPoint":"uploadPrescription","source":{"storageSource":{"bucket":"gcf-v2-sources-958797586723-us-central1","object":"uploadPrescription/function-source.zip","generation":"1733728825122315"}},"environmentVariables":{"GOOGLE_NODE_RUN_SCRIPTS":""},"serviceAccount":"projects/my-first-project-9eef9/serviceAccounts/958797586723-compute@developer.gserviceaccount.com","automaticUpdatePolicy":{}},"serviceConfig":{"service":"projects/my-first-project-9eef9/locations/us-central1/services/uploadprescription","timeoutSeconds":60,"environmentVariables":{"FIREBASE_CONFIG":"{\"projectId\":\"my-first-project-9eef9\",\"databaseURL\":\"https://my-first-project-9eef9-default-rtdb.asia-southeast1.firebasedatabase.app\",\"storageBucket\":\"my-first-project-9eef9.firebasestorage.app\"}","GCLOUD_PROJECT":"my-first-project-9eef9","EVENTARC_CLOUD_EVENT_SOURCE":"projects/my-first-project-9eef9/locations/us-central1/services/uploadPrescription","FUNCTION_TARGET":"uploadPrescription","LOG_EXECUTION_ID":"true"},"ingressSettings":"ALLOW_ALL","serviceAccountEmail":"958797586723-compute@developer.gserviceaccount.com","availableMemory":"256Mi","maxInstanceRequestConcurrency":80,"availableCpu":"1"},"labels":{"deployment-tool":"cli-firebase","firebase-functions-hash":"96ff83c4d33c1291b0d303afa3a9585249ebbefa"},"environment":"GEN_2"},"stages":[{"name":"BUILD","message":"Build in progress","state":"IN_PROGRESS","resource":"projects/958797586723/locations/us-central1/builds/84bcc8b9-f086-408b-bece-e37658d4b229","resourceUri":"https://console.cloud.google.com/cloud-build/builds;region=us-central1/84bcc8b9-f086-408b-bece-e37658d4b229?project=958797586723"},{"name":"SERVICE","state":"NOT_STARTED"}],"operationType":"CREATE_FUNCTION","buildName":"projects/958797586723/locations/us-central1/builds/84bcc8b9-f086-408b-bece-e37658d4b229"},"done":false}
[debug] [2024-12-09T07:20:46.333Z] [create-default-us-central1-uploadPrescription] Retrying task index 0
[debug] [2024-12-09T07:20:46.334Z] Checked if tokens are valid: true, expires at: 1733731400908
[debug] [2024-12-09T07:20:46.334Z] Checked if tokens are valid: true, expires at: 1733731400908
[debug] [2024-12-09T07:20:46.334Z] >>> [apiv2][query] GET https://cloudfunctions.googleapis.com/v2/projects/my-first-project-9eef9/locations/us-central1/operations/operation-1733728824879-628d132be6978-3623f3b4-a38ad0f6 [none]
[debug] [2024-12-09T07:20:47.505Z] <<< [apiv2][status] GET https://cloudfunctions.googleapis.com/v2/projects/my-first-project-9eef9/locations/us-central1/operations/operation-1733728824879-628d132be6978-3623f3b4-a38ad0f6 200
[debug] [2024-12-09T07:20:47.506Z] <<< [apiv2][body] GET https://cloudfunctions.googleapis.com/v2/projects/my-first-project-9eef9/locations/us-central1/operations/operation-1733728824879-628d132be6978-3623f3b4-a38ad0f6 {"name":"projects/my-first-project-9eef9/locations/us-central1/operations/operation-1733728824879-628d132be6978-3623f3b4-a38ad0f6","metadata":{"@type":"type.googleapis.com/google.cloud.functions.v2.OperationMetadata","createTime":"2024-12-09T07:20:25.343844509Z","target":"projects/my-first-project-9eef9/locations/us-central1/functions/uploadPrescription","verb":"create","cancelRequested":false,"apiVersion":"v2","requestResource":{"@type":"type.googleapis.com/google.cloud.functions.v2.Function","name":"projects/my-first-project-9eef9/locations/us-central1/functions/uploadPrescription","buildConfig":{"runtime":"nodejs18","entryPoint":"uploadPrescription","source":{"storageSource":{"bucket":"gcf-v2-sources-958797586723-us-central1","object":"uploadPrescription/function-source.zip","generation":"1733728825122315"}},"environmentVariables":{"GOOGLE_NODE_RUN_SCRIPTS":""},"serviceAccount":"projects/my-first-project-9eef9/serviceAccounts/958797586723-compute@developer.gserviceaccount.com","automaticUpdatePolicy":{}},"serviceConfig":{"service":"projects/my-first-project-9eef9/locations/us-central1/services/uploadprescription","timeoutSeconds":60,"environmentVariables":{"FIREBASE_CONFIG":"{\"projectId\":\"my-first-project-9eef9\",\"databaseURL\":\"https://my-first-project-9eef9-default-rtdb.asia-southeast1.firebasedatabase.app\",\"storageBucket\":\"my-first-project-9eef9.firebasestorage.app\"}","GCLOUD_PROJECT":"my-first-project-9eef9","EVENTARC_CLOUD_EVENT_SOURCE":"projects/my-first-project-9eef9/locations/us-central1/services/uploadPrescription","FUNCTION_TARGET":"uploadPrescription","LOG_EXECUTION_ID":"true"},"ingressSettings":"ALLOW_ALL","serviceAccountEmail":"958797586723-compute@developer.gserviceaccount.com","availableMemory":"256Mi","maxInstanceRequestConcurrency":80,"availableCpu":"1"},"labels":{"deployment-tool":"cli-firebase","firebase-functions-hash":"96ff83c4d33c1291b0d303afa3a9585249ebbefa"},"environment":"GEN_2"},"stages":[{"name":"BUILD","message":"Build in progress","state":"IN_PROGRESS","resource":"projects/958797586723/locations/us-central1/builds/84bcc8b9-f086-408b-bece-e37658d4b229","resourceUri":"https://console.cloud.google.com/cloud-build/builds;region=us-central1/84bcc8b9-f086-408b-bece-e37658d4b229?project=958797586723"},{"name":"SERVICE","state":"NOT_STARTED"}],"operationType":"CREATE_FUNCTION","buildName":"projects/958797586723/locations/us-central1/builds/84bcc8b9-f086-408b-bece-e37658d4b229"},"done":false}
[debug] [2024-12-09T07:20:57.509Z] [create-default-us-central1-uploadPrescription] Retrying task index 0
[debug] [2024-12-09T07:20:57.512Z] Checked if tokens are valid: true, expires at: 1733731400908
[debug] [2024-12-09T07:20:57.512Z] Checked if tokens are valid: true, expires at: 1733731400908
[debug] [2024-12-09T07:20:57.512Z] >>> [apiv2][query] GET https://cloudfunctions.googleapis.com/v2/projects/my-first-project-9eef9/locations/us-central1/operations/operation-1733728824879-628d132be6978-3623f3b4-a38ad0f6 [none]
[debug] [2024-12-09T07:20:58.669Z] <<< [apiv2][status] GET https://cloudfunctions.googleapis.com/v2/projects/my-first-project-9eef9/locations/us-central1/operations/operation-1733728824879-628d132be6978-3623f3b4-a38ad0f6 200
[debug] [2024-12-09T07:20:58.670Z] <<< [apiv2][body] GET https://cloudfunctions.googleapis.com/v2/projects/my-first-project-9eef9/locations/us-central1/operations/operation-1733728824879-628d132be6978-3623f3b4-a38ad0f6 {"name":"projects/my-first-project-9eef9/locations/us-central1/operations/operation-1733728824879-628d132be6978-3623f3b4-a38ad0f6","metadata":{"@type":"type.googleapis.com/google.cloud.functions.v2.OperationMetadata","createTime":"2024-12-09T07:20:25.343844509Z","target":"projects/my-first-project-9eef9/locations/us-central1/functions/uploadPrescription","verb":"create","cancelRequested":false,"apiVersion":"v2","requestResource":{"@type":"type.googleapis.com/google.cloud.functions.v2.Function","name":"projects/my-first-project-9eef9/locations/us-central1/functions/uploadPrescription","buildConfig":{"runtime":"nodejs18","entryPoint":"uploadPrescription","source":{"storageSource":{"bucket":"gcf-v2-sources-958797586723-us-central1","object":"uploadPrescription/function-source.zip","generation":"1733728825122315"}},"environmentVariables":{"GOOGLE_NODE_RUN_SCRIPTS":""},"serviceAccount":"projects/my-first-project-9eef9/serviceAccounts/958797586723-compute@developer.gserviceaccount.com","automaticUpdatePolicy":{}},"serviceConfig":{"service":"projects/my-first-project-9eef9/locations/us-central1/services/uploadprescription","timeoutSeconds":60,"environmentVariables":{"FIREBASE_CONFIG":"{\"projectId\":\"my-first-project-9eef9\",\"databaseURL\":\"https://my-first-project-9eef9-default-rtdb.asia-southeast1.firebasedatabase.app\",\"storageBucket\":\"my-first-project-9eef9.firebasestorage.app\"}","GCLOUD_PROJECT":"my-first-project-9eef9","EVENTARC_CLOUD_EVENT_SOURCE":"projects/my-first-project-9eef9/locations/us-central1/services/uploadPrescription","FUNCTION_TARGET":"uploadPrescription","LOG_EXECUTION_ID":"true"},"ingressSettings":"ALLOW_ALL","serviceAccountEmail":"958797586723-compute@developer.gserviceaccount.com","availableMemory":"256Mi","maxInstanceRequestConcurrency":80,"availableCpu":"1"},"labels":{"deployment-tool":"cli-firebase","firebase-functions-hash":"96ff83c4d33c1291b0d303afa3a9585249ebbefa"},"environment":"GEN_2"},"stages":[{"name":"BUILD","message":"Build in progress","state":"IN_PROGRESS","resource":"projects/958797586723/locations/us-central1/builds/84bcc8b9-f086-408b-bece-e37658d4b229","resourceUri":"https://console.cloud.google.com/cloud-build/builds;region=us-central1/84bcc8b9-f086-408b-bece-e37658d4b229?project=958797586723"},{"name":"SERVICE","state":"NOT_STARTED"}],"operationType":"CREATE_FUNCTION","buildName":"projects/958797586723/locations/us-central1/builds/84bcc8b9-f086-408b-bece-e37658d4b229"},"done":false}
[debug] [2024-12-09T07:21:08.675Z] [create-default-us-central1-uploadPrescription] Retrying task index 0
[debug] [2024-12-09T07:21:08.676Z] Checked if tokens are valid: true, expires at: 1733731400908
[debug] [2024-12-09T07:21:08.676Z] Checked if tokens are valid: true, expires at: 1733731400908
[debug] [2024-12-09T07:21:08.677Z] >>> [apiv2][query] GET https://cloudfunctions.googleapis.com/v2/projects/my-first-project-9eef9/locations/us-central1/operations/operation-1733728824879-628d132be6978-3623f3b4-a38ad0f6 [none]
[debug] [2024-12-09T07:21:09.829Z] <<< [apiv2][status] GET https://cloudfunctions.googleapis.com/v2/projects/my-first-project-9eef9/locations/us-central1/operations/operation-1733728824879-628d132be6978-3623f3b4-a38ad0f6 200
[debug] [2024-12-09T07:21:09.829Z] <<< [apiv2][body] GET https://cloudfunctions.googleapis.com/v2/projects/my-first-project-9eef9/locations/us-central1/operations/operation-1733728824879-628d132be6978-3623f3b4-a38ad0f6 {"name":"projects/my-first-project-9eef9/locations/us-central1/operations/operation-1733728824879-628d132be6978-3623f3b4-a38ad0f6","metadata":{"@type":"type.googleapis.com/google.cloud.functions.v2.OperationMetadata","createTime":"2024-12-09T07:20:25.343844509Z","target":"projects/my-first-project-9eef9/locations/us-central1/functions/uploadPrescription","verb":"create","cancelRequested":false,"apiVersion":"v2","requestResource":{"@type":"type.googleapis.com/google.cloud.functions.v2.Function","name":"projects/my-first-project-9eef9/locations/us-central1/functions/uploadPrescription","buildConfig":{"runtime":"nodejs18","entryPoint":"uploadPrescription","source":{"storageSource":{"bucket":"gcf-v2-sources-958797586723-us-central1","object":"uploadPrescription/function-source.zip","generation":"1733728825122315"}},"environmentVariables":{"GOOGLE_NODE_RUN_SCRIPTS":""},"serviceAccount":"projects/my-first-project-9eef9/serviceAccounts/958797586723-compute@developer.gserviceaccount.com","automaticUpdatePolicy":{}},"serviceConfig":{"service":"projects/my-first-project-9eef9/locations/us-central1/services/uploadprescription","timeoutSeconds":60,"environmentVariables":{"FIREBASE_CONFIG":"{\"projectId\":\"my-first-project-9eef9\",\"databaseURL\":\"https://my-first-project-9eef9-default-rtdb.asia-southeast1.firebasedatabase.app\",\"storageBucket\":\"my-first-project-9eef9.firebasestorage.app\"}","GCLOUD_PROJECT":"my-first-project-9eef9","EVENTARC_CLOUD_EVENT_SOURCE":"projects/my-first-project-9eef9/locations/us-central1/services/uploadPrescription","FUNCTION_TARGET":"uploadPrescription","LOG_EXECUTION_ID":"true"},"ingressSettings":"ALLOW_ALL","serviceAccountEmail":"958797586723-compute@developer.gserviceaccount.com","availableMemory":"256Mi","maxInstanceRequestConcurrency":80,"availableCpu":"1"},"labels":{"deployment-tool":"cli-firebase","firebase-functions-hash":"96ff83c4d33c1291b0d303afa3a9585249ebbefa"},"environment":"GEN_2"},"stages":[{"name":"BUILD","message":"Build in progress","state":"IN_PROGRESS","resource":"projects/958797586723/locations/us-central1/builds/84bcc8b9-f086-408b-bece-e37658d4b229","resourceUri":"https://console.cloud.google.com/cloud-build/builds;region=us-central1/84bcc8b9-f086-408b-bece-e37658d4b229?project=958797586723"},{"name":"SERVICE","state":"NOT_STARTED"}],"operationType":"CREATE_FUNCTION","buildName":"projects/958797586723/locations/us-central1/builds/84bcc8b9-f086-408b-bece-e37658d4b229"},"done":false}
[debug] [2024-12-09T07:21:19.831Z] [create-default-us-central1-uploadPrescription] Retrying task index 0
[debug] [2024-12-09T07:21:19.832Z] Checked if tokens are valid: true, expires at: 1733731400908
[debug] [2024-12-09T07:21:19.832Z] Checked if tokens are valid: true, expires at: 1733731400908
[debug] [2024-12-09T07:21:19.833Z] >>> [apiv2][query] GET https://cloudfunctions.googleapis.com/v2/projects/my-first-project-9eef9/locations/us-central1/operations/operation-1733728824879-628d132be6978-3623f3b4-a38ad0f6 [none]
[debug] [2024-12-09T07:21:20.932Z] <<< [apiv2][status] GET https://cloudfunctions.googleapis.com/v2/projects/my-first-project-9eef9/locations/us-central1/operations/operation-1733728824879-628d132be6978-3623f3b4-a38ad0f6 200
[debug] [2024-12-09T07:21:20.932Z] <<< [apiv2][body] GET https://cloudfunctions.googleapis.com/v2/projects/my-first-project-9eef9/locations/us-central1/operations/operation-1733728824879-628d132be6978-3623f3b4-a38ad0f6 {"name":"projects/my-first-project-9eef9/locations/us-central1/operations/operation-1733728824879-628d132be6978-3623f3b4-a38ad0f6","metadata":{"@type":"type.googleapis.com/google.cloud.functions.v2.OperationMetadata","createTime":"2024-12-09T07:20:25.343844509Z","target":"projects/my-first-project-9eef9/locations/us-central1/functions/uploadPrescription","verb":"create","cancelRequested":false,"apiVersion":"v2","requestResource":{"@type":"type.googleapis.com/google.cloud.functions.v2.Function","name":"projects/my-first-project-9eef9/locations/us-central1/functions/uploadPrescription","buildConfig":{"runtime":"nodejs18","entryPoint":"uploadPrescription","source":{"storageSource":{"bucket":"gcf-v2-sources-958797586723-us-central1","object":"uploadPrescription/function-source.zip","generation":"1733728825122315"}},"environmentVariables":{"GOOGLE_NODE_RUN_SCRIPTS":""},"serviceAccount":"projects/my-first-project-9eef9/serviceAccounts/958797586723-compute@developer.gserviceaccount.com","automaticUpdatePolicy":{}},"serviceConfig":{"service":"projects/my-first-project-9eef9/locations/us-central1/services/uploadprescription","timeoutSeconds":60,"environmentVariables":{"FIREBASE_CONFIG":"{\"projectId\":\"my-first-project-9eef9\",\"databaseURL\":\"https://my-first-project-9eef9-default-rtdb.asia-southeast1.firebasedatabase.app\",\"storageBucket\":\"my-first-project-9eef9.firebasestorage.app\"}","GCLOUD_PROJECT":"my-first-project-9eef9","EVENTARC_CLOUD_EVENT_SOURCE":"projects/my-first-project-9eef9/locations/us-central1/services/uploadPrescription","FUNCTION_TARGET":"uploadPrescription","LOG_EXECUTION_ID":"true"},"ingressSettings":"ALLOW_ALL","serviceAccountEmail":"958797586723-compute@developer.gserviceaccount.com","availableMemory":"256Mi","maxInstanceRequestConcurrency":80,"availableCpu":"1"},"labels":{"deployment-tool":"cli-firebase","firebase-functions-hash":"96ff83c4d33c1291b0d303afa3a9585249ebbefa"},"environment":"GEN_2"},"stages":[{"name":"BUILD","message":"Build finished","state":"COMPLETE","resource":"projects/958797586723/locations/us-central1/builds/84bcc8b9-f086-408b-bece-e37658d4b229","resourceUri":"https://console.cloud.google.com/cloud-build/builds;region=us-central1/84bcc8b9-f086-408b-bece-e37658d4b229?project=958797586723"},{"name":"SERVICE","message":"Creating Cloud Run service","state":"IN_PROGRESS","resource":"projects/my-first-project-9eef9/locations/us-central1/services/uploadprescription","resourceUri":"https://console.cloud.google.com/run/detail/us-central1/uploadprescription?project=my-first-project-9eef9"}],"sourceToken":"Cldwcm9qZWN0cy85NTg3OTc1ODY3MjMvbG9jYXRpb25zL3VzLWNlbnRyYWwxL2J1aWxkcy84NGJjYzhiOS1mMDg2LTQwOGItYmVjZS1lMzc2NThkNGIyMjkShgF1cy1jZW50cmFsMS1kb2NrZXIucGtnLmRldi9teS1maXJzdC1wcm9qZWN0LTllZWY5L2djZi1hcnRpZmFjdHMvbXktLWZpcnN0LS1wcm9qZWN0LS05ZWVmOV9fdXMtLWNlbnRyYWwxX191cGxvYWRfcHJlc2NyaXB0aW9uOnZlcnNpb25fMRijwqjm8xsiUnByb2plY3RzL215LWZpcnN0LXByb2plY3QtOWVlZjkvbG9jYXRpb25zL3VzLWNlbnRyYWwxL2Z1bmN0aW9ucy91cGxvYWRQcmVzY3JpcHRpb24qDAjltNq6BhDg6LjxAjIIbm9kZWpzMTg6dgojZ2NyLmlvL2dhZS1ydW50aW1lcy9ub2RlanMxODpzdGFibGUST3VzLWNlbnRyYWwxLWRvY2tlci5wa2cuZGV2L3NlcnZlcmxlc3MtcnVudGltZXMvZ29vZ2xlLTIyLWZ1bGwvcnVudGltZXMvbm9kZWpzMThAAQ==","operationType":"CREATE_FUNCTION","buildName":"projects/958797586723/locations/us-central1/builds/84bcc8b9-f086-408b-bece-e37658d4b229"},"done":false}
[debug] [2024-12-09T07:21:20.932Z] Got source token Cldwcm9qZWN0cy85NTg3OTc1ODY3MjMvbG9jYXRpb25zL3VzLWNlbnRyYWwxL2J1aWxkcy84NGJjYzhiOS1mMDg2LTQwOGItYmVjZS1lMzc2NThkNGIyMjkShgF1cy1jZW50cmFsMS1kb2NrZXIucGtnLmRldi9teS1maXJzdC1wcm9qZWN0LTllZWY5L2djZi1hcnRpZmFjdHMvbXktLWZpcnN0LS1wcm9qZWN0LS05ZWVmOV9fdXMtLWNlbnRyYWwxX191cGxvYWRfcHJlc2NyaXB0aW9uOnZlcnNpb25fMRijwqjm8xsiUnByb2plY3RzL215LWZpcnN0LXByb2plY3QtOWVlZjkvbG9jYXRpb25zL3VzLWNlbnRyYWwxL2Z1bmN0aW9ucy91cGxvYWRQcmVzY3JpcHRpb24qDAjltNq6BhDg6LjxAjIIbm9kZWpzMTg6dgojZ2NyLmlvL2dhZS1ydW50aW1lcy9ub2RlanMxODpzdGFibGUST3VzLWNlbnRyYWwxLWRvY2tlci5wa2cuZGV2L3NlcnZlcmxlc3MtcnVudGltZXMvZ29vZ2xlLTIyLWZ1bGwvcnVudGltZXMvbm9kZWpzMThAAQ== for region us-central1
[debug] [2024-12-09T07:21:30.935Z] [create-default-us-central1-uploadPrescription] Retrying task index 0
[debug] [2024-12-09T07:21:30.936Z] Checked if tokens are valid: true, expires at: 1733731400908
[debug] [2024-12-09T07:21:30.936Z] Checked if tokens are valid: true, expires at: 1733731400908
[debug] [2024-12-09T07:21:30.936Z] >>> [apiv2][query] GET https://cloudfunctions.googleapis.com/v2/projects/my-first-project-9eef9/locations/us-central1/operations/operation-1733728824879-628d132be6978-3623f3b4-a38ad0f6 [none]
[debug] [2024-12-09T07:21:32.050Z] <<< [apiv2][status] GET https://cloudfunctions.googleapis.com/v2/projects/my-first-project-9eef9/locations/us-central1/operations/operation-1733728824879-628d132be6978-3623f3b4-a38ad0f6 200
[debug] [2024-12-09T07:21:32.050Z] <<< [apiv2][body] GET https://cloudfunctions.googleapis.com/v2/projects/my-first-project-9eef9/locations/us-central1/operations/operation-1733728824879-628d132be6978-3623f3b4-a38ad0f6 {"name":"projects/my-first-project-9eef9/locations/us-central1/operations/operation-1733728824879-628d132be6978-3623f3b4-a38ad0f6","metadata":{"@type":"type.googleapis.com/google.cloud.functions.v2.OperationMetadata","createTime":"2024-12-09T07:20:25.343844509Z","endTime":"2024-12-09T07:21:30.105362602Z","target":"projects/my-first-project-9eef9/locations/us-central1/functions/uploadPrescription","verb":"create","cancelRequested":false,"apiVersion":"v2","requestResource":{"@type":"type.googleapis.com/google.cloud.functions.v2.Function","name":"projects/my-first-project-9eef9/locations/us-central1/functions/uploadPrescription","buildConfig":{"runtime":"nodejs18","entryPoint":"uploadPrescription","source":{"storageSource":{"bucket":"gcf-v2-sources-958797586723-us-central1","object":"uploadPrescription/function-source.zip","generation":"1733728825122315"}},"environmentVariables":{"GOOGLE_NODE_RUN_SCRIPTS":""},"serviceAccount":"projects/my-first-project-9eef9/serviceAccounts/958797586723-compute@developer.gserviceaccount.com","automaticUpdatePolicy":{}},"serviceConfig":{"service":"projects/my-first-project-9eef9/locations/us-central1/services/uploadprescription","timeoutSeconds":60,"environmentVariables":{"FIREBASE_CONFIG":"{\"projectId\":\"my-first-project-9eef9\",\"databaseURL\":\"https://my-first-project-9eef9-default-rtdb.asia-southeast1.firebasedatabase.app\",\"storageBucket\":\"my-first-project-9eef9.firebasestorage.app\"}","GCLOUD_PROJECT":"my-first-project-9eef9","EVENTARC_CLOUD_EVENT_SOURCE":"projects/my-first-project-9eef9/locations/us-central1/services/uploadPrescription","FUNCTION_TARGET":"uploadPrescription","LOG_EXECUTION_ID":"true"},"ingressSettings":"ALLOW_ALL","serviceAccountEmail":"958797586723-compute@developer.gserviceaccount.com","availableMemory":"256Mi","maxInstanceRequestConcurrency":80,"availableCpu":"1"},"labels":{"deployment-tool":"cli-firebase","firebase-functions-hash":"96ff83c4d33c1291b0d303afa3a9585249ebbefa"},"environment":"GEN_2"},"stages":[{"name":"ARTIFACT_REGISTRY","message":"Deleting function artifacts in Artifact Registry","state":"COMPLETE"},{"name":"SERVICE","message":"Deleting Cloud Run service","state":"COMPLETE","resource":"projects/my-first-project-9eef9/locations/us-central1/services/uploadprescription"}],"operationType":"CREATE_FUNCTION"},"done":true,"error":{"code":3,"message":"Could not create or update Cloud Run service uploadprescription, Container Healthcheck failed. Revision 'uploadprescription-00001-say' is not ready and cannot serve traffic. The user-provided container failed to start and listen on the port defined provided by the PORT=8080 environment variable within the allocated timeout. This can happen when the container port is misconfigured or if the timeout is too short. The health check timeout can be extended. Logs for this revision might contain more information.\n\nLogs URL: https://console.cloud.google.com/logs/viewer?project=my-first-project-9eef9&resource=cloud_run_revision/service_name/uploadprescription/revision_name/uploadprescription-00001-say&advancedFilter=resource.type%3D%22cloud_run_revision%22%0Aresource.labels.service_name%3D%22uploadprescription%22%0Aresource.labels.revision_name%3D%22uploadprescription-00001-say%22 \nFor more troubleshooting guidance, see https://cloud.google.com/run/docs/troubleshooting#container-failed-to-start"}}
[debug] [2024-12-09T07:21:32.050Z] Got source token undefined for region us-central1
[error] Could not create or update Cloud Run service uploadprescription, Container Healthcheck failed. Revision 'uploadprescription-00001-say' is not ready and cannot serve traffic. The user-provided container failed to start and listen on the port defined provided by the PORT=8080 environment variable within the allocated timeout. This can happen when the container port is misconfigured or if the timeout is too short. The health check timeout can be extended. Logs for this revision might contain more information.

Logs URL: https://console.cloud.google.com/logs/viewer?project=my-first-project-9eef9&resource=cloud_run_revision/service_name/uploadprescription/revision_name/uploadprescription-00001-say&advancedFilter=resource.type%3D%22cloud_run_revision%22%0Aresource.labels.service_name%3D%22uploadprescription%22%0Aresource.labels.revision_name%3D%22uploadprescription-00001-say%22 
For more troubleshooting guidance, see https://cloud.google.com/run/docs/troubleshooting#container-failed-to-start
[debug] [2024-12-09T07:21:32.067Z] Total Function Deployment time: 68231
[debug] [2024-12-09T07:21:32.067Z] 2 Functions Deployed
[debug] [2024-12-09T07:21:32.067Z] 1 Functions Errored
[debug] [2024-12-09T07:21:32.067Z] 0 Function Deployments Aborted
[debug] [2024-12-09T07:21:32.067Z] Average Function Deployment time: 36025.5
[info] 
[info] Functions deploy had errors with the following functions:
	uploadPrescription(us-central1)
[debug] [2024-12-09T07:21:32.173Z] Not printing URL for HTTPS function. Typically this means it didn't match a filter or we failed deployment
[info] i  functions: cleaning up build files... 
[debug] [2024-12-09T07:21:32.174Z] Checked if tokens are valid: true, expires at: 1733731400908
[debug] [2024-12-09T07:21:32.174Z] Checked if tokens are valid: true, expires at: 1733731400908
[debug] [2024-12-09T07:21:32.174Z] Checked if tokens are valid: true, expires at: 1733731400908
[debug] [2024-12-09T07:21:32.174Z] Checked if tokens are valid: true, expires at: 1733731400908
[debug] [2024-12-09T07:21:32.175Z] Checked if tokens are valid: true, expires at: 1733731400908
[debug] [2024-12-09T07:21:32.175Z] Checked if tokens are valid: true, expires at: 1733731400908
[debug] [2024-12-09T07:21:32.176Z] >>> [apiv2][query] DELETE https://artifactregistry.googleapis.com/v1beta2/projects/my-first-project-9eef9/locations/us-central1/repositories/gcf-artifacts/packages/upload_prescription [none]
[debug] [2024-12-09T07:21:32.177Z] >>> [apiv2][query] DELETE https://artifactregistry.googleapis.com/v1beta2/projects/my-first-project-9eef9/locations/us-central1/repositories/gcf-artifacts/packages/hello_world [none]
[debug] [2024-12-09T07:21:32.179Z] >>> [apiv2][query] GET https://us.gcr.io/v2/my-first-project-9eef9/gcf/us-central1/tags/list [none]
[debug] [2024-12-09T07:21:32.664Z] <<< [apiv2][status] GET https://us.gcr.io/v2/my-first-project-9eef9/gcf/us-central1/tags/list 404
[debug] [2024-12-09T07:21:32.665Z] <<< [apiv2][body] GET https://us.gcr.io/v2/my-first-project-9eef9/gcf/us-central1/tags/list {"errors":[{"code":"NAME_UNKNOWN","message":"Repository \"us.gcr.io\" not found"}]}
[debug] [2024-12-09T07:21:32.665Z] Failed docker command with error  Request to https://us.gcr.io/v2/my-first-project-9eef9/gcf/us-central1/tags/list had HTTP Error: 404, Not Found {"name":"FirebaseError","children":[],"context":{"body":{"errors":[{"code":"NAME_UNKNOWN","message":"Repository \"us.gcr.io\" not found"}],"error":{"message":"Not Found"}},"response":{"statusCode":404}},"exit":1,"message":"Request to https://us.gcr.io/v2/my-first-project-9eef9/gcf/us-central1/tags/list had HTTP Error: 404, Not Found","status":404}
[debug] [2024-12-09T07:21:32.667Z] Checked if tokens are valid: true, expires at: 1733731400908
[debug] [2024-12-09T07:21:32.667Z] Checked if tokens are valid: true, expires at: 1733731400908
[debug] [2024-12-09T07:21:32.667Z] >>> [apiv2][query] GET https://us.gcr.io/v2/my-first-project-9eef9/gcf/us-central1/tags/list [none]
[debug] [2024-12-09T07:21:32.976Z] <<< [apiv2][status] GET https://us.gcr.io/v2/my-first-project-9eef9/gcf/us-central1/tags/list 404
[debug] [2024-12-09T07:21:32.976Z] <<< [apiv2][body] GET https://us.gcr.io/v2/my-first-project-9eef9/gcf/us-central1/tags/list {"errors":[{"code":"NAME_UNKNOWN","message":"Repository \"us.gcr.io\" not found"}]}
[debug] [2024-12-09T07:21:32.977Z] Failed docker command with error  Request to https://us.gcr.io/v2/my-first-project-9eef9/gcf/us-central1/tags/list had HTTP Error: 404, Not Found {"name":"FirebaseError","children":[],"context":{"body":{"errors":[{"code":"NAME_UNKNOWN","message":"Repository \"us.gcr.io\" not found"}],"error":{"message":"Not Found"}},"response":{"statusCode":404}},"exit":1,"message":"Request to https://us.gcr.io/v2/my-first-project-9eef9/gcf/us-central1/tags/list had HTTP Error: 404, Not Found","status":404}
[debug] [2024-12-09T07:21:33.081Z] Checked if tokens are valid: true, expires at: 1733731400908
[debug] [2024-12-09T07:21:33.081Z] Checked if tokens are valid: true, expires at: 1733731400908
[debug] [2024-12-09T07:21:33.082Z] >>> [apiv2][query] GET https://us.gcr.io/v2/my-first-project-9eef9/gcf/us-central1/tags/list [none]
[debug] [2024-12-09T07:21:33.329Z] <<< [apiv2][status] GET https://us.gcr.io/v2/my-first-project-9eef9/gcf/us-central1/tags/list 404
[debug] [2024-12-09T07:21:33.329Z] <<< [apiv2][body] GET https://us.gcr.io/v2/my-first-project-9eef9/gcf/us-central1/tags/list {"errors":[{"code":"NAME_UNKNOWN","message":"Repository \"us.gcr.io\" not found"}]}
[debug] [2024-12-09T07:21:33.330Z] Failed docker command with error  Request to https://us.gcr.io/v2/my-first-project-9eef9/gcf/us-central1/tags/list had HTTP Error: 404, Not Found {"name":"FirebaseError","children":[],"context":{"body":{"errors":[{"code":"NAME_UNKNOWN","message":"Repository \"us.gcr.io\" not found"}],"error":{"message":"Not Found"}},"response":{"statusCode":404}},"exit":1,"message":"Request to https://us.gcr.io/v2/my-first-project-9eef9/gcf/us-central1/tags/list had HTTP Error: 404, Not Found","status":404}
[debug] [2024-12-09T07:21:33.368Z] <<< [apiv2][status] DELETE https://artifactregistry.googleapis.com/v1beta2/projects/my-first-project-9eef9/locations/us-central1/repositories/gcf-artifacts/packages/upload_prescription 404
[debug] [2024-12-09T07:21:33.368Z] <<< [apiv2][body] DELETE https://artifactregistry.googleapis.com/v1beta2/projects/my-first-project-9eef9/locations/us-central1/repositories/gcf-artifacts/packages/upload_prescription {"error":{"code":404,"message":"Package \"projects/my-first-project-9eef9/locations/us-central1/repositories/gcf-artifacts/packages/upload_prescription\" was not found.","status":"NOT_FOUND"}}
[debug] [2024-12-09T07:21:33.372Z] <<< [apiv2][status] DELETE https://artifactregistry.googleapis.com/v1beta2/projects/my-first-project-9eef9/locations/us-central1/repositories/gcf-artifacts/packages/hello_world 404
[debug] [2024-12-09T07:21:33.373Z] <<< [apiv2][body] DELETE https://artifactregistry.googleapis.com/v1beta2/projects/my-first-project-9eef9/locations/us-central1/repositories/gcf-artifacts/packages/hello_world {"error":{"code":404,"message":"Package \"projects/my-first-project-9eef9/locations/us-central1/repositories/gcf-artifacts/packages/hello_world\" was not found.","status":"NOT_FOUND"}}
[warn] ⚠  functions: Unhandled error cleaning up build images. This could result in a small monthly bill if not corrected. You can attempt to delete these images by redeploying or you can delete them manually at https://console.cloud.google.com/gcr/images/my-first-project-9eef9/us/gcf 
[debug] [2024-12-09T07:21:33.373Z] Functions deploy failed.
[debug] [2024-12-09T07:21:33.373Z] {
  "endpoint": {
    "id": "uploadPrescription",
    "project": "my-first-project-9eef9",
    "region": "us-central1",
    "entryPoint": "uploadPrescription",
    "platform": "gcfv2",
    "runtime": "nodejs18",
    "httpsTrigger": {},
    "labels": {
      "deployment-tool": "cli-firebase"
    },
    "ingressSettings": null,
    "availableMemoryMb": null,
    "serviceAccount": null,
    "timeoutSeconds": null,
    "maxInstances": null,
    "minInstances": null,
    "concurrency": 80,
    "vpc": null,
    "environmentVariables": {
      "FIREBASE_CONFIG": "{\"projectId\":\"my-first-project-9eef9\",\"databaseURL\":\"https://my-first-project-9eef9-default-rtdb.asia-southeast1.firebasedatabase.app\",\"storageBucket\":\"my-first-project-9eef9.firebasestorage.app\"}",
      "GCLOUD_PROJECT": "my-first-project-9eef9",
      "EVENTARC_CLOUD_EVENT_SOURCE": "projects/my-first-project-9eef9/locations/us-central1/services/uploadPrescription"
    },
    "codebase": "default",
    "cpu": 1,
    "targetedByOnly": false,
    "hash": "96ff83c4d33c1291b0d303afa3a9585249ebbefa"
  },
  "op": "create",
  "original": {
    "name": "FirebaseError",
    "children": [],
    "exit": 1,
    "message": "Could not create or update Cloud Run service uploadprescription, Container Healthcheck failed. Revision 'uploadprescription-00001-say' is not ready and cannot serve traffic. The user-provided container failed to start and listen on the port defined provided by the PORT=8080 environment variable within the allocated timeout. This can happen when the container port is misconfigured or if the timeout is too short. The health check timeout can be extended. Logs for this revision might contain more information.\n\nLogs URL: https://console.cloud.google.com/logs/viewer?project=my-first-project-9eef9&resource=cloud_run_revision/service_name/uploadprescription/revision_name/uploadprescription-00001-say&advancedFilter=resource.type%3D%22cloud_run_revision%22%0Aresource.labels.service_name%3D%22uploadprescription%22%0Aresource.labels.revision_name%3D%22uploadprescription-00001-say%22 \nFor more troubleshooting guidance, see https://cloud.google.com/run/docs/troubleshooting#container-failed-to-start",
    "original": {
      "code": 3,
      "message": "Could not create or update Cloud Run service uploadprescription, Container Healthcheck failed. Revision 'uploadprescription-00001-say' is not ready and cannot serve traffic. The user-provided container failed to start and listen on the port defined provided by the PORT=8080 environment variable within the allocated timeout. This can happen when the container port is misconfigured or if the timeout is too short. The health check timeout can be extended. Logs for this revision might contain more information.\n\nLogs URL: https://console.cloud.google.com/logs/viewer?project=my-first-project-9eef9&resource=cloud_run_revision/service_name/uploadprescription/revision_name/uploadprescription-00001-say&advancedFilter=resource.type%3D%22cloud_run_revision%22%0Aresource.labels.service_name%3D%22uploadprescription%22%0Aresource.labels.revision_name%3D%22uploadprescription-00001-say%22 \nFor more troubleshooting guidance, see https://cloud.google.com/run/docs/troubleshooting#container-failed-to-start"
    },
    "status": 3,
    "code": 3
  }
}
[debug] [2024-12-09T07:21:33.419Z] Error: Failed to create function uploadPrescription in region us-central1
    at /usr/local/lib/node_modules/firebase-tools/lib/deploy/functions/release/fabricator.js:294:27
    at process.processTicksAndRejections (node:internal/process/task_queues:105:5)
    at async Fabricator.createV2Function (/usr/local/lib/node_modules/firebase-tools/lib/deploy/functions/release/fabricator.js:278:30)
    at async Fabricator.createEndpoint (/usr/local/lib/node_modules/firebase-tools/lib/deploy/functions/release/fabricator.js:137:13)
    at async handle (/usr/local/lib/node_modules/firebase-tools/lib/deploy/functions/release/fabricator.js:89:17)
[error] 
[error] Error: There was an error deploying functions
