[debug] [2024-12-10T09:04:25.030Z] ----------------------------------------------------------------------
[debug] [2024-12-10T09:04:25.034Z] Command:       /usr/local/bin/node /usr/local/bin/firebase deploy --only functions
[debug] [2024-12-10T09:04:25.034Z] CLI Version:   13.28.0
[debug] [2024-12-10T09:04:25.035Z] Platform:      darwin
[debug] [2024-12-10T09:04:25.035Z] Node Version:  v22.12.0
[debug] [2024-12-10T09:04:25.035Z] Time:          Tue Dec 10 2024 18:04:25 GMT+0900 (日本標準時)
[debug] [2024-12-10T09:04:25.036Z] ----------------------------------------------------------------------
[debug] 
[debug] [2024-12-10T09:04:25.144Z] > command requires scopes: ["email","openid","https://www.googleapis.com/auth/cloudplatformprojects.readonly","https://www.googleapis.com/auth/firebase","https://www.googleapis.com/auth/cloud-platform"]
[debug] [2024-12-10T09:04:25.145Z] > authorizing via signed-in user (plants.broker.tokyo@gmail.com)
[debug] [2024-12-10T09:04:25.146Z] [iam] checking project my-first-project-9eef9 for permissions ["cloudfunctions.functions.create","cloudfunctions.functions.delete","cloudfunctions.functions.get","cloudfunctions.functions.list","cloudfunctions.functions.update","cloudfunctions.operations.get","firebase.projects.get"]
[debug] [2024-12-10T09:04:25.147Z] Checked if tokens are valid: true, expires at: 1733823657656
[debug] [2024-12-10T09:04:25.148Z] Checked if tokens are valid: true, expires at: 1733823657656
[debug] [2024-12-10T09:04:25.149Z] >>> [apiv2][query] POST https://cloudresourcemanager.googleapis.com/v1/projects/my-first-project-9eef9:testIamPermissions [none]
[debug] [2024-12-10T09:04:25.149Z] >>> [apiv2][(partial)header] POST https://cloudresourcemanager.googleapis.com/v1/projects/my-first-project-9eef9:testIamPermissions x-goog-quota-user=projects/my-first-project-9eef9
[debug] [2024-12-10T09:04:25.149Z] >>> [apiv2][body] POST https://cloudresourcemanager.googleapis.com/v1/projects/my-first-project-9eef9:testIamPermissions {"permissions":["cloudfunctions.functions.create","cloudfunctions.functions.delete","cloudfunctions.functions.get","cloudfunctions.functions.list","cloudfunctions.functions.update","cloudfunctions.operations.get","firebase.projects.get"]}
[debug] [2024-12-10T09:04:26.011Z] <<< [apiv2][status] POST https://cloudresourcemanager.googleapis.com/v1/projects/my-first-project-9eef9:testIamPermissions 200
[debug] [2024-12-10T09:04:26.011Z] <<< [apiv2][body] POST https://cloudresourcemanager.googleapis.com/v1/projects/my-first-project-9eef9:testIamPermissions {"permissions":["cloudfunctions.functions.create","cloudfunctions.functions.delete","cloudfunctions.functions.get","cloudfunctions.functions.list","cloudfunctions.functions.update","cloudfunctions.operations.get","firebase.projects.get"]}
[debug] [2024-12-10T09:04:26.012Z] Checked if tokens are valid: true, expires at: 1733823657656
[debug] [2024-12-10T09:04:26.012Z] Checked if tokens are valid: true, expires at: 1733823657656
[debug] [2024-12-10T09:04:26.012Z] >>> [apiv2][query] POST https://iam.googleapis.com/v1/projects/my-first-project-9eef9/serviceAccounts/my-first-project-9eef9@appspot.gserviceaccount.com:testIamPermissions [none]
[debug] [2024-12-10T09:04:26.012Z] >>> [apiv2][body] POST https://iam.googleapis.com/v1/projects/my-first-project-9eef9/serviceAccounts/my-first-project-9eef9@appspot.gserviceaccount.com:testIamPermissions {"permissions":["iam.serviceAccounts.actAs"]}
[debug] [2024-12-10T09:04:26.274Z] <<< [apiv2][status] POST https://iam.googleapis.com/v1/projects/my-first-project-9eef9/serviceAccounts/my-first-project-9eef9@appspot.gserviceaccount.com:testIamPermissions 404
[debug] [2024-12-10T09:04:26.274Z] <<< [apiv2][body] POST https://iam.googleapis.com/v1/projects/my-first-project-9eef9/serviceAccounts/my-first-project-9eef9@appspot.gserviceaccount.com:testIamPermissions {"error":{"code":404,"message":"Unknown service account","status":"NOT_FOUND"}}
[debug] [2024-12-10T09:04:26.275Z] [functions] service account IAM check errored, deploy may fail: Request to https://iam.googleapis.com/v1/projects/my-first-project-9eef9/serviceAccounts/my-first-project-9eef9@appspot.gserviceaccount.com:testIamPermissions had HTTP Error: 404, Unknown service account {"name":"FirebaseError","children":[],"context":{"body":{"error":{"code":404,"message":"Unknown service account","status":"NOT_FOUND"}},"response":{"statusCode":404}},"exit":1,"message":"Request to https://iam.googleapis.com/v1/projects/my-first-project-9eef9/serviceAccounts/my-first-project-9eef9@appspot.gserviceaccount.com:testIamPermissions had HTTP Error: 404, Unknown service account","status":404}
[info] 
[info] === Deploying to 'my-first-project-9eef9'...
[info] 
[info] i  deploying functions 
[info] Running command: npm --prefix "$RESOURCE_DIR" run lint
[info] ✔  functions: Finished running predeploy script. 
[debug] [2024-12-10T09:04:35.366Z] Checked if tokens are valid: true, expires at: 1733823657656
[debug] [2024-12-10T09:04:35.367Z] Checked if tokens are valid: true, expires at: 1733823657656
[debug] [2024-12-10T09:04:35.368Z] >>> [apiv2][query] GET https://cloudresourcemanager.googleapis.com/v1/projects/my-first-project-9eef9 [none]
[debug] [2024-12-10T09:04:35.728Z] <<< [apiv2][status] GET https://cloudresourcemanager.googleapis.com/v1/projects/my-first-project-9eef9 200
[debug] [2024-12-10T09:04:35.729Z] <<< [apiv2][body] GET https://cloudresourcemanager.googleapis.com/v1/projects/my-first-project-9eef9 {"projectNumber":"958797586723","projectId":"my-first-project-9eef9","lifecycleState":"ACTIVE","name":"my-first-project","labels":{"firebase":"enabled"},"createTime":"2024-12-05T05:07:31.861974Z"}
[info] i  functions: preparing codebase default for deployment 
[info] i  functions: ensuring required API cloudfunctions.googleapis.com is enabled... 
[debug] [2024-12-10T09:04:35.731Z] Checked if tokens are valid: true, expires at: 1733823657656
[debug] [2024-12-10T09:04:35.731Z] Checked if tokens are valid: true, expires at: 1733823657656
[debug] [2024-12-10T09:04:35.731Z] Checked if tokens are valid: true, expires at: 1733823657656
[debug] [2024-12-10T09:04:35.732Z] Checked if tokens are valid: true, expires at: 1733823657656
[info] i  functions: ensuring required API cloudbuild.googleapis.com is enabled... 
[debug] [2024-12-10T09:04:35.732Z] Checked if tokens are valid: true, expires at: 1733823657656
[debug] [2024-12-10T09:04:35.732Z] Checked if tokens are valid: true, expires at: 1733823657656
[info] i  artifactregistry: ensuring required API artifactregistry.googleapis.com is enabled... 
[debug] [2024-12-10T09:04:35.733Z] Checked if tokens are valid: true, expires at: 1733823657656
[debug] [2024-12-10T09:04:35.733Z] Checked if tokens are valid: true, expires at: 1733823657656
[debug] [2024-12-10T09:04:35.733Z] >>> [apiv2][query] GET https://serviceusage.googleapis.com/v1/projects/my-first-project-9eef9/services/cloudfunctions.googleapis.com [none]
[debug] [2024-12-10T09:04:35.733Z] >>> [apiv2][(partial)header] GET https://serviceusage.googleapis.com/v1/projects/my-first-project-9eef9/services/cloudfunctions.googleapis.com x-goog-quota-user=projects/my-first-project-9eef9
[debug] [2024-12-10T09:04:35.735Z] >>> [apiv2][query] GET https://serviceusage.googleapis.com/v1/projects/my-first-project-9eef9/services/runtimeconfig.googleapis.com [none]
[debug] [2024-12-10T09:04:35.735Z] >>> [apiv2][(partial)header] GET https://serviceusage.googleapis.com/v1/projects/my-first-project-9eef9/services/runtimeconfig.googleapis.com x-goog-quota-user=projects/my-first-project-9eef9
[debug] [2024-12-10T09:04:35.737Z] >>> [apiv2][query] GET https://serviceusage.googleapis.com/v1/projects/my-first-project-9eef9/services/cloudbuild.googleapis.com [none]
[debug] [2024-12-10T09:04:35.737Z] >>> [apiv2][(partial)header] GET https://serviceusage.googleapis.com/v1/projects/my-first-project-9eef9/services/cloudbuild.googleapis.com x-goog-quota-user=projects/my-first-project-9eef9
[debug] [2024-12-10T09:04:35.739Z] >>> [apiv2][query] GET https://serviceusage.googleapis.com/v1/projects/my-first-project-9eef9/services/artifactregistry.googleapis.com [none]
[debug] [2024-12-10T09:04:35.739Z] >>> [apiv2][(partial)header] GET https://serviceusage.googleapis.com/v1/projects/my-first-project-9eef9/services/artifactregistry.googleapis.com x-goog-quota-user=projects/my-first-project-9eef9
[debug] [2024-12-10T09:04:36.758Z] <<< [apiv2][status] GET https://serviceusage.googleapis.com/v1/projects/my-first-project-9eef9/services/cloudbuild.googleapis.com 200
[debug] [2024-12-10T09:04:36.758Z] <<< [apiv2][body] GET https://serviceusage.googleapis.com/v1/projects/my-first-project-9eef9/services/cloudbuild.googleapis.com [omitted]
[info] ✔  functions: required API cloudbuild.googleapis.com is enabled 
[debug] [2024-12-10T09:04:36.760Z] <<< [apiv2][status] GET https://serviceusage.googleapis.com/v1/projects/my-first-project-9eef9/services/runtimeconfig.googleapis.com 200
[debug] [2024-12-10T09:04:36.760Z] <<< [apiv2][body] GET https://serviceusage.googleapis.com/v1/projects/my-first-project-9eef9/services/runtimeconfig.googleapis.com [omitted]
[debug] [2024-12-10T09:04:36.762Z] <<< [apiv2][status] GET https://serviceusage.googleapis.com/v1/projects/my-first-project-9eef9/services/cloudfunctions.googleapis.com 200
[debug] [2024-12-10T09:04:36.762Z] <<< [apiv2][body] GET https://serviceusage.googleapis.com/v1/projects/my-first-project-9eef9/services/cloudfunctions.googleapis.com [omitted]
[info] ✔  functions: required API cloudfunctions.googleapis.com is enabled 
[debug] [2024-12-10T09:04:36.763Z] <<< [apiv2][status] GET https://serviceusage.googleapis.com/v1/projects/my-first-project-9eef9/services/artifactregistry.googleapis.com 200
[debug] [2024-12-10T09:04:36.763Z] <<< [apiv2][body] GET https://serviceusage.googleapis.com/v1/projects/my-first-project-9eef9/services/artifactregistry.googleapis.com [omitted]
[info] ✔  artifactregistry: required API artifactregistry.googleapis.com is enabled 
[debug] [2024-12-10T09:04:36.764Z] Checked if tokens are valid: true, expires at: 1733823657656
[debug] [2024-12-10T09:04:36.764Z] Checked if tokens are valid: true, expires at: 1733823657656
[debug] [2024-12-10T09:04:36.765Z] >>> [apiv2][query] GET https://firebase.googleapis.com/v1beta1/projects/my-first-project-9eef9/adminSdkConfig [none]
[debug] [2024-12-10T09:04:37.099Z] <<< [apiv2][status] GET https://firebase.googleapis.com/v1beta1/projects/my-first-project-9eef9/adminSdkConfig 200
[debug] [2024-12-10T09:04:37.100Z] <<< [apiv2][body] GET https://firebase.googleapis.com/v1beta1/projects/my-first-project-9eef9/adminSdkConfig {"projectId":"my-first-project-9eef9","databaseURL":"https://my-first-project-9eef9-default-rtdb.asia-southeast1.firebasedatabase.app","storageBucket":"my-first-project-9eef9.firebasestorage.app"}
[debug] [2024-12-10T09:04:37.100Z] Checked if tokens are valid: true, expires at: 1733823657656
[debug] [2024-12-10T09:04:37.101Z] Checked if tokens are valid: true, expires at: 1733823657656
[debug] [2024-12-10T09:04:37.101Z] >>> [apiv2][query] GET https://runtimeconfig.googleapis.com/v1beta1/projects/my-first-project-9eef9/configs [none]
[debug] [2024-12-10T09:04:37.468Z] <<< [apiv2][status] GET https://runtimeconfig.googleapis.com/v1beta1/projects/my-first-project-9eef9/configs 200
[debug] [2024-12-10T09:04:37.468Z] <<< [apiv2][body] GET https://runtimeconfig.googleapis.com/v1beta1/projects/my-first-project-9eef9/configs {"configs":[{"name":"projects/my-first-project-9eef9/configs/line"},{"name":"projects/my-first-project-9eef9/configs/drive"}]}
[debug] [2024-12-10T09:04:37.469Z] Checked if tokens are valid: true, expires at: 1733823657656
[debug] [2024-12-10T09:04:37.469Z] Checked if tokens are valid: true, expires at: 1733823657656
[debug] [2024-12-10T09:04:37.469Z] Checked if tokens are valid: true, expires at: 1733823657656
[debug] [2024-12-10T09:04:37.469Z] Checked if tokens are valid: true, expires at: 1733823657656
[debug] [2024-12-10T09:04:37.469Z] >>> [apiv2][query] GET https://runtimeconfig.googleapis.com/v1beta1/projects/my-first-project-9eef9/configs/line/variables [none]
[debug] [2024-12-10T09:04:37.470Z] >>> [apiv2][query] GET https://runtimeconfig.googleapis.com/v1beta1/projects/my-first-project-9eef9/configs/drive/variables [none]
[debug] [2024-12-10T09:04:37.720Z] <<< [apiv2][status] GET https://runtimeconfig.googleapis.com/v1beta1/projects/my-first-project-9eef9/configs/line/variables 200
[debug] [2024-12-10T09:04:37.720Z] <<< [apiv2][body] GET https://runtimeconfig.googleapis.com/v1beta1/projects/my-first-project-9eef9/configs/line/variables {"variables":[{"name":"projects/my-first-project-9eef9/configs/line/variables/token","updateTime":"2024-12-09T22:35:53.402706964Z"}]}
[debug] [2024-12-10T09:04:37.721Z] Checked if tokens are valid: true, expires at: 1733823657656
[debug] [2024-12-10T09:04:37.721Z] Checked if tokens are valid: true, expires at: 1733823657656
[debug] [2024-12-10T09:04:37.721Z] >>> [apiv2][query] GET https://runtimeconfig.googleapis.com/v1beta1/projects/my-first-project-9eef9/configs/line/variables/token [none]
[debug] [2024-12-10T09:04:37.769Z] <<< [apiv2][status] GET https://runtimeconfig.googleapis.com/v1beta1/projects/my-first-project-9eef9/configs/drive/variables 200
[debug] [2024-12-10T09:04:37.769Z] <<< [apiv2][body] GET https://runtimeconfig.googleapis.com/v1beta1/projects/my-first-project-9eef9/configs/drive/variables {"variables":[{"name":"projects/my-first-project-9eef9/configs/drive/variables/folder_id","updateTime":"2024-12-10T09:03:10.223271884Z"}]}
[debug] [2024-12-10T09:04:37.769Z] Checked if tokens are valid: true, expires at: 1733823657656
[debug] [2024-12-10T09:04:37.769Z] Checked if tokens are valid: true, expires at: 1733823657656
[debug] [2024-12-10T09:04:37.769Z] >>> [apiv2][query] GET https://runtimeconfig.googleapis.com/v1beta1/projects/my-first-project-9eef9/configs/drive/variables/folder_id [none]
[debug] [2024-12-10T09:04:37.986Z] <<< [apiv2][status] GET https://runtimeconfig.googleapis.com/v1beta1/projects/my-first-project-9eef9/configs/line/variables/token 200
[debug] [2024-12-10T09:04:37.986Z] <<< [apiv2][body] GET https://runtimeconfig.googleapis.com/v1beta1/projects/my-first-project-9eef9/configs/line/variables/token {"name":"projects/my-first-project-9eef9/configs/line/variables/token","updateTime":"2024-12-09T22:35:53.402706964Z","text":"Dd4RmSSMAI5itzcXDO4lbW0TmVOXXno3TH58Y9U4K8n+zraIsRW117/rcJZu949R9RUmP2THYDjHH6ipSgoY9SphArLpFpsZypnNdAl/GD1+r4cDY60TKhJ2IaaAFHL2uDMqE2OKALH2Rex5f1dg+QdB04t89/1O/w1cDnyilFU="}
[debug] [2024-12-10T09:04:38.024Z] <<< [apiv2][status] GET https://runtimeconfig.googleapis.com/v1beta1/projects/my-first-project-9eef9/configs/drive/variables/folder_id 200
[debug] [2024-12-10T09:04:38.024Z] <<< [apiv2][body] GET https://runtimeconfig.googleapis.com/v1beta1/projects/my-first-project-9eef9/configs/drive/variables/folder_id {"name":"projects/my-first-project-9eef9/configs/drive/variables/folder_id","updateTime":"2024-12-10T09:03:10.223271884Z","text":"1pDG4TpuTgOuof3tH78LNx9n2okD54C7i"}
[debug] [2024-12-10T09:04:38.027Z] Validating nodejs source
[debug] [2024-12-10T09:04:39.391Z] > [functions] package.json contents: {
  "name": "functions",
  "description": "Cloud Functions for Firebase",
  "type": "module",
  "scripts": {
    "lint": "eslint .",
    "serve": "firebase emulators:start --only functions",
    "shell": "firebase functions:shell",
    "start": "npm run shell",
    "deploy": "firebase deploy --only functions",
    "logs": "firebase functions:log"
  },
  "engines": {
    "node": "18"
  },
  "main": "index.js",
  "dependencies": {
    "axios": "^1.7.9",
    "busboy": "^1.6.0",
    "firebase-admin": "^12.6.0",
    "firebase-functions": "^6.0.1",
    "googleapis": "^144.0.0"
  },
  "devDependencies": {
    "eslint": "^8.15.0",
    "eslint-config-google": "^0.14.0",
    "firebase-functions-test": "^3.1.0"
  },
  "private": true
}
[debug] [2024-12-10T09:04:39.391Z] Building nodejs source
[info] i  functions: Loading and analyzing source code for codebase default to determine what to deploy 
[debug] [2024-12-10T09:04:39.394Z] Could not find functions.yaml. Must use http discovery
[debug] [2024-12-10T09:04:39.404Z] Found firebase-functions binary at '/Users/keitarokusano/my-app/functions/node_modules/.bin/firebase-functions'
[info] Serving at port 8010

[error] (node:40425) [DEP0040] DeprecationWarning: The `punycode` module is deprecated. Please use a userland alternative instead.
(Use `node --trace-deprecation ...` to show where the warning was created)

[debug] [2024-12-10T09:04:43.102Z] Got response from /__/functions.yaml {"endpoints":{"lineWebhook":{"availableMemoryMb":null,"timeoutSeconds":null,"minInstances":null,"maxInstances":null,"ingressSettings":null,"concurrency":null,"serviceAccountEmail":null,"vpc":null,"platform":"gcfv2","labels":{},"httpsTrigger":{},"entryPoint":"lineWebhook"}},"specVersion":"v1alpha1","requiredAPIs":[],"extensions":{}}
[info] i  extensions: ensuring required API firebaseextensions.googleapis.com is enabled... 
[debug] [2024-12-10T09:04:47.195Z] Checked if tokens are valid: true, expires at: 1733823657656
[debug] [2024-12-10T09:04:47.196Z] Checked if tokens are valid: true, expires at: 1733823657656
[debug] [2024-12-10T09:04:47.196Z] >>> [apiv2][query] GET https://serviceusage.googleapis.com/v1/projects/my-first-project-9eef9/services/firebaseextensions.googleapis.com [none]
[debug] [2024-12-10T09:04:47.196Z] >>> [apiv2][(partial)header] GET https://serviceusage.googleapis.com/v1/projects/my-first-project-9eef9/services/firebaseextensions.googleapis.com x-goog-quota-user=projects/my-first-project-9eef9
[debug] [2024-12-10T09:04:48.220Z] <<< [apiv2][status] GET https://serviceusage.googleapis.com/v1/projects/my-first-project-9eef9/services/firebaseextensions.googleapis.com 200
[debug] [2024-12-10T09:04:48.220Z] <<< [apiv2][body] GET https://serviceusage.googleapis.com/v1/projects/my-first-project-9eef9/services/firebaseextensions.googleapis.com [omitted]
[info] ✔  extensions: required API firebaseextensions.googleapis.com is enabled 
[debug] [2024-12-10T09:04:48.221Z] > command requires scopes: ["email","openid","https://www.googleapis.com/auth/cloudplatformprojects.readonly","https://www.googleapis.com/auth/firebase","https://www.googleapis.com/auth/cloud-platform"]
[debug] [2024-12-10T09:04:48.221Z] > authorizing via signed-in user (plants.broker.tokyo@gmail.com)
[debug] [2024-12-10T09:04:48.221Z] [iam] checking project my-first-project-9eef9 for permissions ["firebase.projects.get","firebaseextensions.instances.list"]
[debug] [2024-12-10T09:04:48.221Z] Checked if tokens are valid: true, expires at: 1733823657656
[debug] [2024-12-10T09:04:48.222Z] Checked if tokens are valid: true, expires at: 1733823657656
[debug] [2024-12-10T09:04:48.222Z] >>> [apiv2][query] POST https://cloudresourcemanager.googleapis.com/v1/projects/my-first-project-9eef9:testIamPermissions [none]
[debug] [2024-12-10T09:04:48.222Z] >>> [apiv2][(partial)header] POST https://cloudresourcemanager.googleapis.com/v1/projects/my-first-project-9eef9:testIamPermissions x-goog-quota-user=projects/my-first-project-9eef9
[debug] [2024-12-10T09:04:48.222Z] >>> [apiv2][body] POST https://cloudresourcemanager.googleapis.com/v1/projects/my-first-project-9eef9:testIamPermissions {"permissions":["firebase.projects.get","firebaseextensions.instances.list"]}
[debug] [2024-12-10T09:04:48.873Z] <<< [apiv2][status] POST https://cloudresourcemanager.googleapis.com/v1/projects/my-first-project-9eef9:testIamPermissions 200
[debug] [2024-12-10T09:04:48.874Z] <<< [apiv2][body] POST https://cloudresourcemanager.googleapis.com/v1/projects/my-first-project-9eef9:testIamPermissions {"permissions":["firebase.projects.get","firebaseextensions.instances.list"]}
[debug] [2024-12-10T09:04:48.874Z] Checked if tokens are valid: true, expires at: 1733823657656
[debug] [2024-12-10T09:04:48.874Z] Checked if tokens are valid: true, expires at: 1733823657656
[debug] [2024-12-10T09:04:48.875Z] >>> [apiv2][query] GET https://firebaseextensions.googleapis.com/v1beta/projects/my-first-project-9eef9/instances pageSize=100&pageToken=
[debug] [2024-12-10T09:04:49.858Z] <<< [apiv2][status] GET https://firebaseextensions.googleapis.com/v1beta/projects/my-first-project-9eef9/instances 200
[debug] [2024-12-10T09:04:49.858Z] <<< [apiv2][body] GET https://firebaseextensions.googleapis.com/v1beta/projects/my-first-project-9eef9/instances {}
[info] i  functions: preparing functions directory for uploading... 
[info] i  functions: packaged /Users/keitarokusano/my-app/functions (73.94 KB) for uploading 
[debug] [2024-12-10T09:04:49.942Z] Checked if tokens are valid: true, expires at: 1733823657656
[debug] [2024-12-10T09:04:49.942Z] Checked if tokens are valid: true, expires at: 1733823657656
[debug] [2024-12-10T09:04:49.942Z] >>> [apiv2][query] GET https://cloudfunctions.googleapis.com/v1/projects/my-first-project-9eef9/locations/-/functions [none]
[debug] [2024-12-10T09:04:50.875Z] <<< [apiv2][status] GET https://cloudfunctions.googleapis.com/v1/projects/my-first-project-9eef9/locations/-/functions 200
[debug] [2024-12-10T09:04:50.875Z] <<< [apiv2][body] GET https://cloudfunctions.googleapis.com/v1/projects/my-first-project-9eef9/locations/-/functions {}
[debug] [2024-12-10T09:04:50.876Z] Checked if tokens are valid: true, expires at: 1733823657656
[debug] [2024-12-10T09:04:50.876Z] Checked if tokens are valid: true, expires at: 1733823657656
[debug] [2024-12-10T09:04:50.876Z] >>> [apiv2][query] GET https://cloudfunctions.googleapis.com/v2/projects/my-first-project-9eef9/locations/-/functions filter=environment%3D%22GEN_2%22
[debug] [2024-12-10T09:04:52.169Z] <<< [apiv2][status] GET https://cloudfunctions.googleapis.com/v2/projects/my-first-project-9eef9/locations/-/functions 200
[debug] [2024-12-10T09:04:52.169Z] <<< [apiv2][body] GET https://cloudfunctions.googleapis.com/v2/projects/my-first-project-9eef9/locations/-/functions {"functions":[{"name":"projects/my-first-project-9eef9/locations/us-central1/functions/lineWebhook","buildConfig":{"build":"projects/958797586723/locations/us-central1/builds/4aa969cd-a56e-4574-8f23-83bf7f809f74","runtime":"nodejs18","entryPoint":"lineWebhook","source":{"storageSource":{"bucket":"gcf-v2-sources-958797586723-us-central1","object":"lineWebhook/function-source.zip","generation":"1733820497463142"}},"environmentVariables":{"GOOGLE_NODE_RUN_SCRIPTS":""},"dockerRepository":"projects/my-first-project-9eef9/locations/us-central1/repositories/gcf-artifacts","sourceProvenance":{"resolvedStorageSource":{"bucket":"gcf-v2-sources-958797586723-us-central1","object":"lineWebhook/function-source.zip","generation":"1733820497463142"}},"dockerRegistry":"ARTIFACT_REGISTRY","serviceAccount":"projects/my-first-project-9eef9/serviceAccounts/958797586723-compute@developer.gserviceaccount.com","automaticUpdatePolicy":{}},"serviceConfig":{"service":"projects/my-first-project-9eef9/locations/us-central1/services/linewebhook","timeoutSeconds":60,"environmentVariables":{"FIREBASE_CONFIG":"{\"projectId\":\"my-first-project-9eef9\",\"databaseURL\":\"https://my-first-project-9eef9-default-rtdb.asia-southeast1.firebasedatabase.app\",\"storageBucket\":\"my-first-project-9eef9.firebasestorage.app\"}","GCLOUD_PROJECT":"my-first-project-9eef9","EVENTARC_CLOUD_EVENT_SOURCE":"projects/my-first-project-9eef9/locations/us-central1/services/lineWebhook","FUNCTION_TARGET":"lineWebhook","LOG_EXECUTION_ID":"true"},"maxInstanceCount":100,"ingressSettings":"ALLOW_ALL","uri":"https://linewebhook-vtfwmzqvpa-uc.a.run.app","serviceAccountEmail":"958797586723-compute@developer.gserviceaccount.com","availableMemory":"256Mi","allTrafficOnLatestRevision":true,"revision":"linewebhook-00002-gob","maxInstanceRequestConcurrency":80,"availableCpu":"1"},"state":"ACTIVE","updateTime":"2024-12-10T08:49:38.023088352Z","labels":{"deployment-tool":"cli-firebase","firebase-functions-hash":"15248f1466012236ff30172d54ebf8f3f0466b75"},"environment":"GEN_2","url":"https://us-central1-my-first-project-9eef9.cloudfunctions.net/lineWebhook","createTime":"2024-12-09T08:56:36.190440548Z"},{"name":"projects/my-first-project-9eef9/locations/us-central1/functions/uploadPrescription","buildConfig":{"build":"projects/958797586723/locations/us-central1/builds/84bcc8b9-f086-408b-bece-e37658d4b229","runtime":"nodejs18","entryPoint":"uploadPrescription","source":{"storageSource":{"bucket":"gcf-v2-sources-958797586723-us-central1","object":"uploadPrescription/function-source.zip","generation":"1733728825122315"}},"environmentVariables":{"GOOGLE_NODE_RUN_SCRIPTS":""},"dockerRepository":"projects/my-first-project-9eef9/locations/us-central1/repositories/gcf-artifacts","sourceProvenance":{"resolvedStorageSource":{"bucket":"gcf-v2-sources-958797586723-us-central1","object":"uploadPrescription/function-source.zip","generation":"1733728825122315"}},"dockerRegistry":"ARTIFACT_REGISTRY","serviceAccount":"projects/my-first-project-9eef9/serviceAccounts/958797586723-compute@developer.gserviceaccount.com","automaticUpdatePolicy":{}},"state":"FAILED","updateTime":"2024-12-09T07:21:30.113898036Z","labels":{"deployment-tool":"cli-firebase","firebase-functions-hash":"96ff83c4d33c1291b0d303afa3a9585249ebbefa"},"stateMessages":[{"severity":"ERROR","type":"CloudRunServiceNotFound","message":"Cloud Run service projects/my-first-project-9eef9/locations/us-central1/services/uploadprescription for the function was not found. The function will not work correctly. Please redeploy."}],"environment":"GEN_2","url":"https://us-central1-my-first-project-9eef9.cloudfunctions.net/uploadPrescription","createTime":"2024-12-09T07:20:25.339672770Z"}]}
[info] i  functions: ensuring required API run.googleapis.com is enabled... 
[debug] [2024-12-10T09:04:52.173Z] Checked if tokens are valid: true, expires at: 1733823657656
[debug] [2024-12-10T09:04:52.173Z] Checked if tokens are valid: true, expires at: 1733823657656
[info] i  functions: ensuring required API eventarc.googleapis.com is enabled... 
[debug] [2024-12-10T09:04:52.174Z] Checked if tokens are valid: true, expires at: 1733823657656
[debug] [2024-12-10T09:04:52.174Z] Checked if tokens are valid: true, expires at: 1733823657656
[info] i  functions: ensuring required API pubsub.googleapis.com is enabled... 
[debug] [2024-12-10T09:04:52.174Z] Checked if tokens are valid: true, expires at: 1733823657656
[debug] [2024-12-10T09:04:52.174Z] Checked if tokens are valid: true, expires at: 1733823657656
[info] i  functions: ensuring required API storage.googleapis.com is enabled... 
[debug] [2024-12-10T09:04:52.174Z] Checked if tokens are valid: true, expires at: 1733823657656
[debug] [2024-12-10T09:04:52.175Z] Checked if tokens are valid: true, expires at: 1733823657656
[debug] [2024-12-10T09:04:52.175Z] >>> [apiv2][query] GET https://serviceusage.googleapis.com/v1/projects/my-first-project-9eef9/services/run.googleapis.com [none]
[debug] [2024-12-10T09:04:52.175Z] >>> [apiv2][(partial)header] GET https://serviceusage.googleapis.com/v1/projects/my-first-project-9eef9/services/run.googleapis.com x-goog-quota-user=projects/my-first-project-9eef9
[debug] [2024-12-10T09:04:52.175Z] >>> [apiv2][query] GET https://serviceusage.googleapis.com/v1/projects/my-first-project-9eef9/services/eventarc.googleapis.com [none]
[debug] [2024-12-10T09:04:52.175Z] >>> [apiv2][(partial)header] GET https://serviceusage.googleapis.com/v1/projects/my-first-project-9eef9/services/eventarc.googleapis.com x-goog-quota-user=projects/my-first-project-9eef9
[debug] [2024-12-10T09:04:52.178Z] >>> [apiv2][query] GET https://serviceusage.googleapis.com/v1/projects/my-first-project-9eef9/services/pubsub.googleapis.com [none]
[debug] [2024-12-10T09:04:52.178Z] >>> [apiv2][(partial)header] GET https://serviceusage.googleapis.com/v1/projects/my-first-project-9eef9/services/pubsub.googleapis.com x-goog-quota-user=projects/my-first-project-9eef9
[debug] [2024-12-10T09:04:52.180Z] >>> [apiv2][query] GET https://serviceusage.googleapis.com/v1/projects/my-first-project-9eef9/services/storage.googleapis.com [none]
[debug] [2024-12-10T09:04:52.180Z] >>> [apiv2][(partial)header] GET https://serviceusage.googleapis.com/v1/projects/my-first-project-9eef9/services/storage.googleapis.com x-goog-quota-user=projects/my-first-project-9eef9
[debug] [2024-12-10T09:04:52.725Z] <<< [apiv2][status] GET https://serviceusage.googleapis.com/v1/projects/my-first-project-9eef9/services/eventarc.googleapis.com 200
[debug] [2024-12-10T09:04:52.725Z] <<< [apiv2][body] GET https://serviceusage.googleapis.com/v1/projects/my-first-project-9eef9/services/eventarc.googleapis.com [omitted]
[info] ✔  functions: required API eventarc.googleapis.com is enabled 
[debug] [2024-12-10T09:04:53.088Z] <<< [apiv2][status] GET https://serviceusage.googleapis.com/v1/projects/my-first-project-9eef9/services/run.googleapis.com 200
[debug] [2024-12-10T09:04:53.088Z] <<< [apiv2][body] GET https://serviceusage.googleapis.com/v1/projects/my-first-project-9eef9/services/run.googleapis.com [omitted]
[info] ✔  functions: required API run.googleapis.com is enabled 
[debug] [2024-12-10T09:04:53.138Z] <<< [apiv2][status] GET https://serviceusage.googleapis.com/v1/projects/my-first-project-9eef9/services/pubsub.googleapis.com 200
[debug] [2024-12-10T09:04:53.138Z] <<< [apiv2][body] GET https://serviceusage.googleapis.com/v1/projects/my-first-project-9eef9/services/pubsub.googleapis.com [omitted]
[info] ✔  functions: required API pubsub.googleapis.com is enabled 
[debug] [2024-12-10T09:04:53.147Z] <<< [apiv2][status] GET https://serviceusage.googleapis.com/v1/projects/my-first-project-9eef9/services/storage.googleapis.com 200
[debug] [2024-12-10T09:04:53.147Z] <<< [apiv2][body] GET https://serviceusage.googleapis.com/v1/projects/my-first-project-9eef9/services/storage.googleapis.com [omitted]
[info] ✔  functions: required API storage.googleapis.com is enabled 
[info] i  functions: generating the service identity for pubsub.googleapis.com... 
[debug] [2024-12-10T09:04:53.148Z] Checked if tokens are valid: true, expires at: 1733823657656
[debug] [2024-12-10T09:04:53.148Z] Checked if tokens are valid: true, expires at: 1733823657656
[info] i  functions: generating the service identity for eventarc.googleapis.com... 
[debug] [2024-12-10T09:04:53.148Z] Checked if tokens are valid: true, expires at: 1733823657656
[debug] [2024-12-10T09:04:53.148Z] Checked if tokens are valid: true, expires at: 1733823657656
[debug] [2024-12-10T09:04:53.148Z] >>> [apiv2][query] POST https://serviceusage.googleapis.com/v1beta1/projects/958797586723/services/pubsub.googleapis.com:generateServiceIdentity [none]
[debug] [2024-12-10T09:04:53.149Z] >>> [apiv2][query] POST https://serviceusage.googleapis.com/v1beta1/projects/958797586723/services/eventarc.googleapis.com:generateServiceIdentity [none]
[debug] [2024-12-10T09:04:54.157Z] <<< [apiv2][status] POST https://serviceusage.googleapis.com/v1beta1/projects/958797586723/services/pubsub.googleapis.com:generateServiceIdentity 200
[debug] [2024-12-10T09:04:54.158Z] <<< [apiv2][body] POST https://serviceusage.googleapis.com/v1beta1/projects/958797586723/services/pubsub.googleapis.com:generateServiceIdentity {"name":"operations/finished.DONE_OPERATION","done":true,"response":{"@type":"type.googleapis.com/google.api.serviceusage.v1beta1.ServiceIdentity","email":"service-958797586723@gcp-sa-pubsub.iam.gserviceaccount.com","uniqueId":"105101149843620223110"}}
[debug] [2024-12-10T09:04:54.286Z] <<< [apiv2][status] POST https://serviceusage.googleapis.com/v1beta1/projects/958797586723/services/eventarc.googleapis.com:generateServiceIdentity 200
[debug] [2024-12-10T09:04:54.287Z] <<< [apiv2][body] POST https://serviceusage.googleapis.com/v1beta1/projects/958797586723/services/eventarc.googleapis.com:generateServiceIdentity {"name":"operations/finished.DONE_OPERATION","done":true,"response":{"@type":"type.googleapis.com/google.api.serviceusage.v1beta1.ServiceIdentity","email":"service-958797586723@gcp-sa-eventarc.iam.gserviceaccount.com","uniqueId":"107409455281944178782"}}
[debug] [2024-12-10T09:04:54.290Z] Checked if tokens are valid: true, expires at: 1733823657656
[debug] [2024-12-10T09:04:54.290Z] Checked if tokens are valid: true, expires at: 1733823657656
[debug] [2024-12-10T09:04:54.290Z] >>> [apiv2][query] GET https://cloudresourcemanager.googleapis.com/v1/projects/my-first-project-9eef9 [none]
[debug] [2024-12-10T09:04:55.015Z] <<< [apiv2][status] GET https://cloudresourcemanager.googleapis.com/v1/projects/my-first-project-9eef9 200
[debug] [2024-12-10T09:04:55.015Z] <<< [apiv2][body] GET https://cloudresourcemanager.googleapis.com/v1/projects/my-first-project-9eef9 {"projectNumber":"958797586723","projectId":"my-first-project-9eef9","lifecycleState":"ACTIVE","name":"my-first-project","labels":{"firebase":"enabled"},"createTime":"2024-12-05T05:07:31.861974Z"}
[debug] [2024-12-10T09:04:55.017Z] Checked if tokens are valid: true, expires at: 1733823657656
[debug] [2024-12-10T09:04:55.017Z] Checked if tokens are valid: true, expires at: 1733823657656
[debug] [2024-12-10T09:04:55.017Z] >>> [apiv2][query] GET https://cloudbilling.googleapis.com/v1/projects/my-first-project-9eef9/billingInfo [none]
[debug] [2024-12-10T09:04:56.411Z] <<< [apiv2][status] GET https://cloudbilling.googleapis.com/v1/projects/my-first-project-9eef9/billingInfo 200
[debug] [2024-12-10T09:04:56.412Z] <<< [apiv2][body] GET https://cloudbilling.googleapis.com/v1/projects/my-first-project-9eef9/billingInfo {"name":"projects/my-first-project-9eef9/billingInfo","projectId":"my-first-project-9eef9","billingAccountName":"billingAccounts/013811-4B3ED7-72C42C","billingEnabled":true}
[debug] [2024-12-10T09:04:56.414Z] Checked if tokens are valid: true, expires at: 1733823657656
[debug] [2024-12-10T09:04:56.414Z] Checked if tokens are valid: true, expires at: 1733823657656
[debug] [2024-12-10T09:04:56.414Z] >>> [apiv2][query] POST https://cloudfunctions.googleapis.com/v2/projects/my-first-project-9eef9/locations/us-central1/functions:generateUploadUrl [none]
[debug] [2024-12-10T09:04:57.563Z] <<< [apiv2][status] POST https://cloudfunctions.googleapis.com/v2/projects/my-first-project-9eef9/locations/us-central1/functions:generateUploadUrl 200
[debug] [2024-12-10T09:04:57.563Z] <<< [apiv2][body] POST https://cloudfunctions.googleapis.com/v2/projects/my-first-project-9eef9/locations/us-central1/functions:generateUploadUrl {"uploadUrl":"https://storage.googleapis.com/gcf-v2-uploads-958797586723.us-central1.cloudfunctions.appspot.com/aef46239-46f3-4594-80f9-2971154e24a5.zip?GoogleAccessId=service-958797586723@gcf-admin-robot.iam.gserviceaccount.com&Expires=1733823297&Signature=NOWaBEhcYlH1Rs9AO7zA6JXnhztcUisF08rmY9WdXm6FvUoAsVlt%2FipRwwpB3uRBriFtMcvqZeeZpcixC6YR%2FdOgAy5tyd7Ll%2FXR%2BIS6Ly948QiPuCgSI2NrJ9ZePcSXypKjipZLz7sp502ffQzQVEXHe4ZPcVAu5O5vCDHBmcKeJPPbOLNpN%2FTfdU2vHEx3xB5V7VvcaZIyBWiP0urRqmAtfXbit4I6eVQLX98iYs5XhyiGSuqRSWyyf0dUuFA5QFZbDmAoHMG4IIwrUXCy4WCSPGKPswEmDvEKR0bWalxeuy%2FFyV7934TIlp%2FDwBS5nVxAg5R9ip%2BXofAVnaQqmQ%3D%3D","storageSource":{"bucket":"gcf-v2-uploads-958797586723.us-central1.cloudfunctions.appspot.com","object":"aef46239-46f3-4594-80f9-2971154e24a5.zip"}}
[debug] [2024-12-10T09:04:57.564Z] >>> [apiv2][query] PUT https://storage.googleapis.com/gcf-v2-uploads-958797586723.us-central1.cloudfunctions.appspot.com/aef46239-46f3-4594-80f9-2971154e24a5.zip GoogleAccessId=service-958797586723%40gcf-admin-robot.iam.gserviceaccount.com&Expires=1733823297&Signature=NOWaBEhcYlH1Rs9AO7zA6JXnhztcUisF08rmY9WdXm6FvUoAsVlt%2FipRwwpB3uRBriFtMcvqZeeZpcixC6YR%2FdOgAy5tyd7Ll%2FXR%2BIS6Ly948QiPuCgSI2NrJ9ZePcSXypKjipZLz7sp502ffQzQVEXHe4ZPcVAu5O5vCDHBmcKeJPPbOLNpN%2FTfdU2vHEx3xB5V7VvcaZIyBWiP0urRqmAtfXbit4I6eVQLX98iYs5XhyiGSuqRSWyyf0dUuFA5QFZbDmAoHMG4IIwrUXCy4WCSPGKPswEmDvEKR0bWalxeuy%2FFyV7934TIlp%2FDwBS5nVxAg5R9ip%2BXofAVnaQqmQ%3D%3D
[debug] [2024-12-10T09:04:57.564Z] >>> [apiv2][body] PUT https://storage.googleapis.com/gcf-v2-uploads-958797586723.us-central1.cloudfunctions.appspot.com/aef46239-46f3-4594-80f9-2971154e24a5.zip [stream]
[debug] [2024-12-10T09:04:58.970Z] <<< [apiv2][status] PUT https://storage.googleapis.com/gcf-v2-uploads-958797586723.us-central1.cloudfunctions.appspot.com/aef46239-46f3-4594-80f9-2971154e24a5.zip 200
[debug] [2024-12-10T09:04:58.970Z] <<< [apiv2][body] PUT https://storage.googleapis.com/gcf-v2-uploads-958797586723.us-central1.cloudfunctions.appspot.com/aef46239-46f3-4594-80f9-2971154e24a5.zip [omitted]
[info] ✔  functions: functions folder uploaded successfully 
[info] i  functions: updating Node.js 18 (2nd Gen) function lineWebhook(us-central1)... 
[debug] [2024-12-10T09:04:58.977Z] Checked if tokens are valid: true, expires at: 1733823657656
[debug] [2024-12-10T09:04:58.978Z] Checked if tokens are valid: true, expires at: 1733823657656
[debug] [2024-12-10T09:04:58.978Z] >>> [apiv2][query] PATCH https://cloudfunctions.googleapis.com/v2/projects/my-first-project-9eef9/locations/us-central1/functions/lineWebhook updateMask=name%2CbuildConfig.runtime%2CbuildConfig.entryPoint%2CbuildConfig.source.storageSource.bucket%2CbuildConfig.source.storageSource.object%2CbuildConfig.environmentVariables%2CbuildConfig.sourceToken%2CserviceConfig.environmentVariables%2CserviceConfig.ingressSettings%2CserviceConfig.timeoutSeconds%2CserviceConfig.serviceAccountEmail%2CserviceConfig.availableMemory%2CserviceConfig.minInstanceCount%2CserviceConfig.maxInstanceCount%2CserviceConfig.maxInstanceRequestConcurrency%2CserviceConfig.availableCpu%2CserviceConfig.vpcConnector%2CserviceConfig.vpcConnectorEgressSettings%2Clabels%2CbuildConfig.buildEnvironmentVariables
[debug] [2024-12-10T09:04:58.978Z] >>> [apiv2][body] PATCH https://cloudfunctions.googleapis.com/v2/projects/my-first-project-9eef9/locations/us-central1/functions/lineWebhook {"name":"projects/my-first-project-9eef9/locations/us-central1/functions/lineWebhook","buildConfig":{"runtime":"nodejs18","entryPoint":"lineWebhook","source":{"storageSource":{"bucket":"gcf-v2-uploads-958797586723.us-central1.cloudfunctions.appspot.com","object":"aef46239-46f3-4594-80f9-2971154e24a5.zip"}},"environmentVariables":{"GOOGLE_NODE_RUN_SCRIPTS":""}},"serviceConfig":{"environmentVariables":{"FIREBASE_CONFIG":"{\"projectId\":\"my-first-project-9eef9\",\"databaseURL\":\"https://my-first-project-9eef9-default-rtdb.asia-southeast1.firebasedatabase.app\",\"storageBucket\":\"my-first-project-9eef9.firebasestorage.app\"}","GCLOUD_PROJECT":"my-first-project-9eef9","EVENTARC_CLOUD_EVENT_SOURCE":"projects/my-first-project-9eef9/locations/us-central1/services/lineWebhook","FUNCTION_TARGET":"lineWebhook","LOG_EXECUTION_ID":"true"},"ingressSettings":null,"timeoutSeconds":null,"serviceAccountEmail":null,"availableMemory":"256Mi","minInstanceCount":null,"maxInstanceCount":null,"maxInstanceRequestConcurrency":80,"availableCpu":"1","vpcConnector":null,"vpcConnectorEgressSettings":null},"labels":{"deployment-tool":"cli-firebase","firebase-functions-hash":"fc5f4c6f03317e033a8e6ad075128317e00d7851"}}
[debug] [2024-12-10T09:05:01.030Z] <<< [apiv2][status] PATCH https://cloudfunctions.googleapis.com/v2/projects/my-first-project-9eef9/locations/us-central1/functions/lineWebhook 200
[debug] [2024-12-10T09:05:01.030Z] <<< [apiv2][body] PATCH https://cloudfunctions.googleapis.com/v2/projects/my-first-project-9eef9/locations/us-central1/functions/lineWebhook {"name":"projects/my-first-project-9eef9/locations/us-central1/operations/operation-1733821499899-628e6c69aff2f-85cbce54-90a1f43b","metadata":{"@type":"type.googleapis.com/google.cloud.functions.v2.OperationMetadata","createTime":"2024-12-10T09:05:00.932509139Z","target":"projects/my-first-project-9eef9/locations/us-central1/functions/lineWebhook","verb":"update","cancelRequested":false,"apiVersion":"v2"},"done":false}
[debug] [2024-12-10T09:05:01.031Z] Checked if tokens are valid: true, expires at: 1733823657656
[debug] [2024-12-10T09:05:01.031Z] Checked if tokens are valid: true, expires at: 1733823657656
[debug] [2024-12-10T09:05:01.031Z] >>> [apiv2][query] GET https://cloudfunctions.googleapis.com/v2/projects/my-first-project-9eef9/locations/us-central1/operations/operation-1733821499899-628e6c69aff2f-85cbce54-90a1f43b [none]
[debug] [2024-12-10T09:05:02.039Z] <<< [apiv2][status] GET https://cloudfunctions.googleapis.com/v2/projects/my-first-project-9eef9/locations/us-central1/operations/operation-1733821499899-628e6c69aff2f-85cbce54-90a1f43b 200
[debug] [2024-12-10T09:05:02.039Z] <<< [apiv2][body] GET https://cloudfunctions.googleapis.com/v2/projects/my-first-project-9eef9/locations/us-central1/operations/operation-1733821499899-628e6c69aff2f-85cbce54-90a1f43b {"name":"projects/my-first-project-9eef9/locations/us-central1/operations/operation-1733821499899-628e6c69aff2f-85cbce54-90a1f43b","metadata":{"@type":"type.googleapis.com/google.cloud.functions.v2.OperationMetadata","createTime":"2024-12-10T09:05:00.932509139Z","target":"projects/my-first-project-9eef9/locations/us-central1/functions/lineWebhook","verb":"update","cancelRequested":false,"apiVersion":"v2","requestResource":{"@type":"type.googleapis.com/google.cloud.functions.v2.Function","name":"projects/my-first-project-9eef9/locations/us-central1/functions/lineWebhook","buildConfig":{"runtime":"nodejs18","entryPoint":"lineWebhook","source":{"storageSource":{"bucket":"gcf-v2-sources-958797586723-us-central1","object":"lineWebhook/function-source.zip","generation":"1733821500872175"}},"environmentVariables":{"GOOGLE_NODE_RUN_SCRIPTS":""},"dockerRepository":"projects/my-first-project-9eef9/locations/us-central1/repositories/gcf-artifacts","sourceProvenance":{"resolvedStorageSource":{"bucket":"gcf-v2-sources-958797586723-us-central1","object":"lineWebhook/function-source.zip","generation":"1733820497463142"}},"dockerRegistry":"ARTIFACT_REGISTRY","serviceAccount":"projects/my-first-project-9eef9/serviceAccounts/958797586723-compute@developer.gserviceaccount.com","automaticUpdatePolicy":{}},"serviceConfig":{"service":"projects/my-first-project-9eef9/locations/us-central1/services/linewebhook","timeoutSeconds":60,"environmentVariables":{"FIREBASE_CONFIG":"{\"projectId\":\"my-first-project-9eef9\",\"databaseURL\":\"https://my-first-project-9eef9-default-rtdb.asia-southeast1.firebasedatabase.app\",\"storageBucket\":\"my-first-project-9eef9.firebasestorage.app\"}","GCLOUD_PROJECT":"my-first-project-9eef9","EVENTARC_CLOUD_EVENT_SOURCE":"projects/my-first-project-9eef9/locations/us-central1/services/lineWebhook","FUNCTION_TARGET":"lineWebhook","LOG_EXECUTION_ID":"true"},"ingressSettings":"ALLOW_ALL","uri":"https://linewebhook-vtfwmzqvpa-uc.a.run.app","serviceAccountEmail":"958797586723-compute@developer.gserviceaccount.com","availableMemory":"256Mi","allTrafficOnLatestRevision":true,"revision":"linewebhook-00002-gob","maxInstanceRequestConcurrency":80,"availableCpu":"1"},"state":"ACTIVE","labels":{"deployment-tool":"cli-firebase","firebase-functions-hash":"fc5f4c6f03317e033a8e6ad075128317e00d7851"},"environment":"GEN_2","url":"https://us-central1-my-first-project-9eef9.cloudfunctions.net/lineWebhook"},"stages":[{"name":"BUILD","message":"Build in progress","state":"IN_PROGRESS","resource":"projects/958797586723/locations/us-central1/builds/196bb665-be85-482e-b7a1-c7c34eab6629","resourceUri":"https://console.cloud.google.com/cloud-build/builds;region=us-central1/196bb665-be85-482e-b7a1-c7c34eab6629?project=958797586723"},{"name":"SERVICE","state":"NOT_STARTED"}],"operationType":"UPDATE_FUNCTION","buildName":"projects/958797586723/locations/us-central1/builds/196bb665-be85-482e-b7a1-c7c34eab6629"},"done":false}
[debug] [2024-12-10T09:05:02.542Z] [update-default-us-central1-lineWebhook] Retrying task index 0
[debug] [2024-12-10T09:05:02.542Z] Checked if tokens are valid: true, expires at: 1733823657656
[debug] [2024-12-10T09:05:02.542Z] Checked if tokens are valid: true, expires at: 1733823657656
[debug] [2024-12-10T09:05:02.543Z] >>> [apiv2][query] GET https://cloudfunctions.googleapis.com/v2/projects/my-first-project-9eef9/locations/us-central1/operations/operation-1733821499899-628e6c69aff2f-85cbce54-90a1f43b [none]
[debug] [2024-12-10T09:05:03.550Z] <<< [apiv2][status] GET https://cloudfunctions.googleapis.com/v2/projects/my-first-project-9eef9/locations/us-central1/operations/operation-1733821499899-628e6c69aff2f-85cbce54-90a1f43b 200
[debug] [2024-12-10T09:05:03.551Z] <<< [apiv2][body] GET https://cloudfunctions.googleapis.com/v2/projects/my-first-project-9eef9/locations/us-central1/operations/operation-1733821499899-628e6c69aff2f-85cbce54-90a1f43b {"name":"projects/my-first-project-9eef9/locations/us-central1/operations/operation-1733821499899-628e6c69aff2f-85cbce54-90a1f43b","metadata":{"@type":"type.googleapis.com/google.cloud.functions.v2.OperationMetadata","createTime":"2024-12-10T09:05:00.932509139Z","target":"projects/my-first-project-9eef9/locations/us-central1/functions/lineWebhook","verb":"update","cancelRequested":false,"apiVersion":"v2","requestResource":{"@type":"type.googleapis.com/google.cloud.functions.v2.Function","name":"projects/my-first-project-9eef9/locations/us-central1/functions/lineWebhook","buildConfig":{"runtime":"nodejs18","entryPoint":"lineWebhook","source":{"storageSource":{"bucket":"gcf-v2-sources-958797586723-us-central1","object":"lineWebhook/function-source.zip","generation":"1733821500872175"}},"environmentVariables":{"GOOGLE_NODE_RUN_SCRIPTS":""},"dockerRepository":"projects/my-first-project-9eef9/locations/us-central1/repositories/gcf-artifacts","sourceProvenance":{"resolvedStorageSource":{"bucket":"gcf-v2-sources-958797586723-us-central1","object":"lineWebhook/function-source.zip","generation":"1733820497463142"}},"dockerRegistry":"ARTIFACT_REGISTRY","serviceAccount":"projects/my-first-project-9eef9/serviceAccounts/958797586723-compute@developer.gserviceaccount.com","automaticUpdatePolicy":{}},"serviceConfig":{"service":"projects/my-first-project-9eef9/locations/us-central1/services/linewebhook","timeoutSeconds":60,"environmentVariables":{"FIREBASE_CONFIG":"{\"projectId\":\"my-first-project-9eef9\",\"databaseURL\":\"https://my-first-project-9eef9-default-rtdb.asia-southeast1.firebasedatabase.app\",\"storageBucket\":\"my-first-project-9eef9.firebasestorage.app\"}","GCLOUD_PROJECT":"my-first-project-9eef9","EVENTARC_CLOUD_EVENT_SOURCE":"projects/my-first-project-9eef9/locations/us-central1/services/lineWebhook","FUNCTION_TARGET":"lineWebhook","LOG_EXECUTION_ID":"true"},"ingressSettings":"ALLOW_ALL","uri":"https://linewebhook-vtfwmzqvpa-uc.a.run.app","serviceAccountEmail":"958797586723-compute@developer.gserviceaccount.com","availableMemory":"256Mi","allTrafficOnLatestRevision":true,"revision":"linewebhook-00002-gob","maxInstanceRequestConcurrency":80,"availableCpu":"1"},"state":"ACTIVE","labels":{"deployment-tool":"cli-firebase","firebase-functions-hash":"fc5f4c6f03317e033a8e6ad075128317e00d7851"},"environment":"GEN_2","url":"https://us-central1-my-first-project-9eef9.cloudfunctions.net/lineWebhook"},"stages":[{"name":"BUILD","message":"Build in progress","state":"IN_PROGRESS","resource":"projects/958797586723/locations/us-central1/builds/196bb665-be85-482e-b7a1-c7c34eab6629","resourceUri":"https://console.cloud.google.com/cloud-build/builds;region=us-central1/196bb665-be85-482e-b7a1-c7c34eab6629?project=958797586723"},{"name":"SERVICE","state":"NOT_STARTED"}],"operationType":"UPDATE_FUNCTION","buildName":"projects/958797586723/locations/us-central1/builds/196bb665-be85-482e-b7a1-c7c34eab6629"},"done":false}
[debug] [2024-12-10T09:05:04.553Z] [update-default-us-central1-lineWebhook] Retrying task index 0
[debug] [2024-12-10T09:05:04.554Z] Checked if tokens are valid: true, expires at: 1733823657656
[debug] [2024-12-10T09:05:04.554Z] Checked if tokens are valid: true, expires at: 1733823657656
[debug] [2024-12-10T09:05:04.554Z] >>> [apiv2][query] GET https://cloudfunctions.googleapis.com/v2/projects/my-first-project-9eef9/locations/us-central1/operations/operation-1733821499899-628e6c69aff2f-85cbce54-90a1f43b [none]
[debug] [2024-12-10T09:05:05.553Z] <<< [apiv2][status] GET https://cloudfunctions.googleapis.com/v2/projects/my-first-project-9eef9/locations/us-central1/operations/operation-1733821499899-628e6c69aff2f-85cbce54-90a1f43b 200
[debug] [2024-12-10T09:05:05.553Z] <<< [apiv2][body] GET https://cloudfunctions.googleapis.com/v2/projects/my-first-project-9eef9/locations/us-central1/operations/operation-1733821499899-628e6c69aff2f-85cbce54-90a1f43b {"name":"projects/my-first-project-9eef9/locations/us-central1/operations/operation-1733821499899-628e6c69aff2f-85cbce54-90a1f43b","metadata":{"@type":"type.googleapis.com/google.cloud.functions.v2.OperationMetadata","createTime":"2024-12-10T09:05:00.932509139Z","target":"projects/my-first-project-9eef9/locations/us-central1/functions/lineWebhook","verb":"update","cancelRequested":false,"apiVersion":"v2","requestResource":{"@type":"type.googleapis.com/google.cloud.functions.v2.Function","name":"projects/my-first-project-9eef9/locations/us-central1/functions/lineWebhook","buildConfig":{"runtime":"nodejs18","entryPoint":"lineWebhook","source":{"storageSource":{"bucket":"gcf-v2-sources-958797586723-us-central1","object":"lineWebhook/function-source.zip","generation":"1733821500872175"}},"environmentVariables":{"GOOGLE_NODE_RUN_SCRIPTS":""},"dockerRepository":"projects/my-first-project-9eef9/locations/us-central1/repositories/gcf-artifacts","sourceProvenance":{"resolvedStorageSource":{"bucket":"gcf-v2-sources-958797586723-us-central1","object":"lineWebhook/function-source.zip","generation":"1733820497463142"}},"dockerRegistry":"ARTIFACT_REGISTRY","serviceAccount":"projects/my-first-project-9eef9/serviceAccounts/958797586723-compute@developer.gserviceaccount.com","automaticUpdatePolicy":{}},"serviceConfig":{"service":"projects/my-first-project-9eef9/locations/us-central1/services/linewebhook","timeoutSeconds":60,"environmentVariables":{"FIREBASE_CONFIG":"{\"projectId\":\"my-first-project-9eef9\",\"databaseURL\":\"https://my-first-project-9eef9-default-rtdb.asia-southeast1.firebasedatabase.app\",\"storageBucket\":\"my-first-project-9eef9.firebasestorage.app\"}","GCLOUD_PROJECT":"my-first-project-9eef9","EVENTARC_CLOUD_EVENT_SOURCE":"projects/my-first-project-9eef9/locations/us-central1/services/lineWebhook","FUNCTION_TARGET":"lineWebhook","LOG_EXECUTION_ID":"true"},"ingressSettings":"ALLOW_ALL","uri":"https://linewebhook-vtfwmzqvpa-uc.a.run.app","serviceAccountEmail":"958797586723-compute@developer.gserviceaccount.com","availableMemory":"256Mi","allTrafficOnLatestRevision":true,"revision":"linewebhook-00002-gob","maxInstanceRequestConcurrency":80,"availableCpu":"1"},"state":"ACTIVE","labels":{"deployment-tool":"cli-firebase","firebase-functions-hash":"fc5f4c6f03317e033a8e6ad075128317e00d7851"},"environment":"GEN_2","url":"https://us-central1-my-first-project-9eef9.cloudfunctions.net/lineWebhook"},"stages":[{"name":"BUILD","message":"Build in progress","state":"IN_PROGRESS","resource":"projects/958797586723/locations/us-central1/builds/196bb665-be85-482e-b7a1-c7c34eab6629","resourceUri":"https://console.cloud.google.com/cloud-build/builds;region=us-central1/196bb665-be85-482e-b7a1-c7c34eab6629?project=958797586723"},{"name":"SERVICE","state":"NOT_STARTED"}],"operationType":"UPDATE_FUNCTION","buildName":"projects/958797586723/locations/us-central1/builds/196bb665-be85-482e-b7a1-c7c34eab6629"},"done":false}
[debug] [2024-12-10T09:05:07.554Z] [update-default-us-central1-lineWebhook] Retrying task index 0
[debug] [2024-12-10T09:05:07.554Z] Checked if tokens are valid: true, expires at: 1733823657656
[debug] [2024-12-10T09:05:07.554Z] Checked if tokens are valid: true, expires at: 1733823657656
[debug] [2024-12-10T09:05:07.555Z] >>> [apiv2][query] GET https://cloudfunctions.googleapis.com/v2/projects/my-first-project-9eef9/locations/us-central1/operations/operation-1733821499899-628e6c69aff2f-85cbce54-90a1f43b [none]
[debug] [2024-12-10T09:05:08.563Z] <<< [apiv2][status] GET https://cloudfunctions.googleapis.com/v2/projects/my-first-project-9eef9/locations/us-central1/operations/operation-1733821499899-628e6c69aff2f-85cbce54-90a1f43b 200
[debug] [2024-12-10T09:05:08.563Z] <<< [apiv2][body] GET https://cloudfunctions.googleapis.com/v2/projects/my-first-project-9eef9/locations/us-central1/operations/operation-1733821499899-628e6c69aff2f-85cbce54-90a1f43b {"name":"projects/my-first-project-9eef9/locations/us-central1/operations/operation-1733821499899-628e6c69aff2f-85cbce54-90a1f43b","metadata":{"@type":"type.googleapis.com/google.cloud.functions.v2.OperationMetadata","createTime":"2024-12-10T09:05:00.932509139Z","target":"projects/my-first-project-9eef9/locations/us-central1/functions/lineWebhook","verb":"update","cancelRequested":false,"apiVersion":"v2","requestResource":{"@type":"type.googleapis.com/google.cloud.functions.v2.Function","name":"projects/my-first-project-9eef9/locations/us-central1/functions/lineWebhook","buildConfig":{"runtime":"nodejs18","entryPoint":"lineWebhook","source":{"storageSource":{"bucket":"gcf-v2-sources-958797586723-us-central1","object":"lineWebhook/function-source.zip","generation":"1733821500872175"}},"environmentVariables":{"GOOGLE_NODE_RUN_SCRIPTS":""},"dockerRepository":"projects/my-first-project-9eef9/locations/us-central1/repositories/gcf-artifacts","sourceProvenance":{"resolvedStorageSource":{"bucket":"gcf-v2-sources-958797586723-us-central1","object":"lineWebhook/function-source.zip","generation":"1733820497463142"}},"dockerRegistry":"ARTIFACT_REGISTRY","serviceAccount":"projects/my-first-project-9eef9/serviceAccounts/958797586723-compute@developer.gserviceaccount.com","automaticUpdatePolicy":{}},"serviceConfig":{"service":"projects/my-first-project-9eef9/locations/us-central1/services/linewebhook","timeoutSeconds":60,"environmentVariables":{"FIREBASE_CONFIG":"{\"projectId\":\"my-first-project-9eef9\",\"databaseURL\":\"https://my-first-project-9eef9-default-rtdb.asia-southeast1.firebasedatabase.app\",\"storageBucket\":\"my-first-project-9eef9.firebasestorage.app\"}","GCLOUD_PROJECT":"my-first-project-9eef9","EVENTARC_CLOUD_EVENT_SOURCE":"projects/my-first-project-9eef9/locations/us-central1/services/lineWebhook","FUNCTION_TARGET":"lineWebhook","LOG_EXECUTION_ID":"true"},"ingressSettings":"ALLOW_ALL","uri":"https://linewebhook-vtfwmzqvpa-uc.a.run.app","serviceAccountEmail":"958797586723-compute@developer.gserviceaccount.com","availableMemory":"256Mi","allTrafficOnLatestRevision":true,"revision":"linewebhook-00002-gob","maxInstanceRequestConcurrency":80,"availableCpu":"1"},"state":"ACTIVE","labels":{"deployment-tool":"cli-firebase","firebase-functions-hash":"fc5f4c6f03317e033a8e6ad075128317e00d7851"},"environment":"GEN_2","url":"https://us-central1-my-first-project-9eef9.cloudfunctions.net/lineWebhook"},"stages":[{"name":"BUILD","message":"Build in progress","state":"IN_PROGRESS","resource":"projects/958797586723/locations/us-central1/builds/196bb665-be85-482e-b7a1-c7c34eab6629","resourceUri":"https://console.cloud.google.com/cloud-build/builds;region=us-central1/196bb665-be85-482e-b7a1-c7c34eab6629?project=958797586723"},{"name":"SERVICE","state":"NOT_STARTED"}],"operationType":"UPDATE_FUNCTION","buildName":"projects/958797586723/locations/us-central1/builds/196bb665-be85-482e-b7a1-c7c34eab6629"},"done":false}
[debug] [2024-12-10T09:05:12.563Z] [update-default-us-central1-lineWebhook] Retrying task index 0
[debug] [2024-12-10T09:05:12.564Z] Checked if tokens are valid: true, expires at: 1733823657656
[debug] [2024-12-10T09:05:12.564Z] Checked if tokens are valid: true, expires at: 1733823657656
[debug] [2024-12-10T09:05:12.564Z] >>> [apiv2][query] GET https://cloudfunctions.googleapis.com/v2/projects/my-first-project-9eef9/locations/us-central1/operations/operation-1733821499899-628e6c69aff2f-85cbce54-90a1f43b [none]
[debug] [2024-12-10T09:05:13.584Z] <<< [apiv2][status] GET https://cloudfunctions.googleapis.com/v2/projects/my-first-project-9eef9/locations/us-central1/operations/operation-1733821499899-628e6c69aff2f-85cbce54-90a1f43b 200
[debug] [2024-12-10T09:05:13.585Z] <<< [apiv2][body] GET https://cloudfunctions.googleapis.com/v2/projects/my-first-project-9eef9/locations/us-central1/operations/operation-1733821499899-628e6c69aff2f-85cbce54-90a1f43b {"name":"projects/my-first-project-9eef9/locations/us-central1/operations/operation-1733821499899-628e6c69aff2f-85cbce54-90a1f43b","metadata":{"@type":"type.googleapis.com/google.cloud.functions.v2.OperationMetadata","createTime":"2024-12-10T09:05:00.932509139Z","target":"projects/my-first-project-9eef9/locations/us-central1/functions/lineWebhook","verb":"update","cancelRequested":false,"apiVersion":"v2","requestResource":{"@type":"type.googleapis.com/google.cloud.functions.v2.Function","name":"projects/my-first-project-9eef9/locations/us-central1/functions/lineWebhook","buildConfig":{"runtime":"nodejs18","entryPoint":"lineWebhook","source":{"storageSource":{"bucket":"gcf-v2-sources-958797586723-us-central1","object":"lineWebhook/function-source.zip","generation":"1733821500872175"}},"environmentVariables":{"GOOGLE_NODE_RUN_SCRIPTS":""},"dockerRepository":"projects/my-first-project-9eef9/locations/us-central1/repositories/gcf-artifacts","sourceProvenance":{"resolvedStorageSource":{"bucket":"gcf-v2-sources-958797586723-us-central1","object":"lineWebhook/function-source.zip","generation":"1733820497463142"}},"dockerRegistry":"ARTIFACT_REGISTRY","serviceAccount":"projects/my-first-project-9eef9/serviceAccounts/958797586723-compute@developer.gserviceaccount.com","automaticUpdatePolicy":{}},"serviceConfig":{"service":"projects/my-first-project-9eef9/locations/us-central1/services/linewebhook","timeoutSeconds":60,"environmentVariables":{"FIREBASE_CONFIG":"{\"projectId\":\"my-first-project-9eef9\",\"databaseURL\":\"https://my-first-project-9eef9-default-rtdb.asia-southeast1.firebasedatabase.app\",\"storageBucket\":\"my-first-project-9eef9.firebasestorage.app\"}","GCLOUD_PROJECT":"my-first-project-9eef9","EVENTARC_CLOUD_EVENT_SOURCE":"projects/my-first-project-9eef9/locations/us-central1/services/lineWebhook","FUNCTION_TARGET":"lineWebhook","LOG_EXECUTION_ID":"true"},"ingressSettings":"ALLOW_ALL","uri":"https://linewebhook-vtfwmzqvpa-uc.a.run.app","serviceAccountEmail":"958797586723-compute@developer.gserviceaccount.com","availableMemory":"256Mi","allTrafficOnLatestRevision":true,"revision":"linewebhook-00002-gob","maxInstanceRequestConcurrency":80,"availableCpu":"1"},"state":"ACTIVE","labels":{"deployment-tool":"cli-firebase","firebase-functions-hash":"fc5f4c6f03317e033a8e6ad075128317e00d7851"},"environment":"GEN_2","url":"https://us-central1-my-first-project-9eef9.cloudfunctions.net/lineWebhook"},"stages":[{"name":"BUILD","message":"Build in progress","state":"IN_PROGRESS","resource":"projects/958797586723/locations/us-central1/builds/196bb665-be85-482e-b7a1-c7c34eab6629","resourceUri":"https://console.cloud.google.com/cloud-build/builds;region=us-central1/196bb665-be85-482e-b7a1-c7c34eab6629?project=958797586723"},{"name":"SERVICE","state":"NOT_STARTED"}],"operationType":"UPDATE_FUNCTION","buildName":"projects/958797586723/locations/us-central1/builds/196bb665-be85-482e-b7a1-c7c34eab6629"},"done":false}
[debug] [2024-12-10T09:05:21.590Z] [update-default-us-central1-lineWebhook] Retrying task index 0
[debug] [2024-12-10T09:05:21.590Z] Checked if tokens are valid: true, expires at: 1733823657656
[debug] [2024-12-10T09:05:21.591Z] Checked if tokens are valid: true, expires at: 1733823657656
[debug] [2024-12-10T09:05:21.591Z] >>> [apiv2][query] GET https://cloudfunctions.googleapis.com/v2/projects/my-first-project-9eef9/locations/us-central1/operations/operation-1733821499899-628e6c69aff2f-85cbce54-90a1f43b [none]
[debug] [2024-12-10T09:05:22.729Z] <<< [apiv2][status] GET https://cloudfunctions.googleapis.com/v2/projects/my-first-project-9eef9/locations/us-central1/operations/operation-1733821499899-628e6c69aff2f-85cbce54-90a1f43b 200
[debug] [2024-12-10T09:05:22.729Z] <<< [apiv2][body] GET https://cloudfunctions.googleapis.com/v2/projects/my-first-project-9eef9/locations/us-central1/operations/operation-1733821499899-628e6c69aff2f-85cbce54-90a1f43b {"name":"projects/my-first-project-9eef9/locations/us-central1/operations/operation-1733821499899-628e6c69aff2f-85cbce54-90a1f43b","metadata":{"@type":"type.googleapis.com/google.cloud.functions.v2.OperationMetadata","createTime":"2024-12-10T09:05:00.932509139Z","target":"projects/my-first-project-9eef9/locations/us-central1/functions/lineWebhook","verb":"update","cancelRequested":false,"apiVersion":"v2","requestResource":{"@type":"type.googleapis.com/google.cloud.functions.v2.Function","name":"projects/my-first-project-9eef9/locations/us-central1/functions/lineWebhook","buildConfig":{"runtime":"nodejs18","entryPoint":"lineWebhook","source":{"storageSource":{"bucket":"gcf-v2-sources-958797586723-us-central1","object":"lineWebhook/function-source.zip","generation":"1733821500872175"}},"environmentVariables":{"GOOGLE_NODE_RUN_SCRIPTS":""},"dockerRepository":"projects/my-first-project-9eef9/locations/us-central1/repositories/gcf-artifacts","sourceProvenance":{"resolvedStorageSource":{"bucket":"gcf-v2-sources-958797586723-us-central1","object":"lineWebhook/function-source.zip","generation":"1733820497463142"}},"dockerRegistry":"ARTIFACT_REGISTRY","serviceAccount":"projects/my-first-project-9eef9/serviceAccounts/958797586723-compute@developer.gserviceaccount.com","automaticUpdatePolicy":{}},"serviceConfig":{"service":"projects/my-first-project-9eef9/locations/us-central1/services/linewebhook","timeoutSeconds":60,"environmentVariables":{"FIREBASE_CONFIG":"{\"projectId\":\"my-first-project-9eef9\",\"databaseURL\":\"https://my-first-project-9eef9-default-rtdb.asia-southeast1.firebasedatabase.app\",\"storageBucket\":\"my-first-project-9eef9.firebasestorage.app\"}","GCLOUD_PROJECT":"my-first-project-9eef9","EVENTARC_CLOUD_EVENT_SOURCE":"projects/my-first-project-9eef9/locations/us-central1/services/lineWebhook","FUNCTION_TARGET":"lineWebhook","LOG_EXECUTION_ID":"true"},"ingressSettings":"ALLOW_ALL","uri":"https://linewebhook-vtfwmzqvpa-uc.a.run.app","serviceAccountEmail":"958797586723-compute@developer.gserviceaccount.com","availableMemory":"256Mi","allTrafficOnLatestRevision":true,"revision":"linewebhook-00002-gob","maxInstanceRequestConcurrency":80,"availableCpu":"1"},"state":"ACTIVE","labels":{"deployment-tool":"cli-firebase","firebase-functions-hash":"fc5f4c6f03317e033a8e6ad075128317e00d7851"},"environment":"GEN_2","url":"https://us-central1-my-first-project-9eef9.cloudfunctions.net/lineWebhook"},"stages":[{"name":"BUILD","message":"Build in progress","state":"IN_PROGRESS","resource":"projects/958797586723/locations/us-central1/builds/196bb665-be85-482e-b7a1-c7c34eab6629","resourceUri":"https://console.cloud.google.com/cloud-build/builds;region=us-central1/196bb665-be85-482e-b7a1-c7c34eab6629?project=958797586723"},{"name":"SERVICE","state":"NOT_STARTED"}],"operationType":"UPDATE_FUNCTION","buildName":"projects/958797586723/locations/us-central1/builds/196bb665-be85-482e-b7a1-c7c34eab6629"},"done":false}
[debug] [2024-12-10T09:05:32.735Z] [update-default-us-central1-lineWebhook] Retrying task index 0
[debug] [2024-12-10T09:05:32.735Z] Checked if tokens are valid: true, expires at: 1733823657656
[debug] [2024-12-10T09:05:32.735Z] Checked if tokens are valid: true, expires at: 1733823657656
[debug] [2024-12-10T09:05:32.736Z] >>> [apiv2][query] GET https://cloudfunctions.googleapis.com/v2/projects/my-first-project-9eef9/locations/us-central1/operations/operation-1733821499899-628e6c69aff2f-85cbce54-90a1f43b [none]
[debug] [2024-12-10T09:05:33.891Z] <<< [apiv2][status] GET https://cloudfunctions.googleapis.com/v2/projects/my-first-project-9eef9/locations/us-central1/operations/operation-1733821499899-628e6c69aff2f-85cbce54-90a1f43b 200
[debug] [2024-12-10T09:05:33.891Z] <<< [apiv2][body] GET https://cloudfunctions.googleapis.com/v2/projects/my-first-project-9eef9/locations/us-central1/operations/operation-1733821499899-628e6c69aff2f-85cbce54-90a1f43b {"name":"projects/my-first-project-9eef9/locations/us-central1/operations/operation-1733821499899-628e6c69aff2f-85cbce54-90a1f43b","metadata":{"@type":"type.googleapis.com/google.cloud.functions.v2.OperationMetadata","createTime":"2024-12-10T09:05:00.932509139Z","target":"projects/my-first-project-9eef9/locations/us-central1/functions/lineWebhook","verb":"update","cancelRequested":false,"apiVersion":"v2","requestResource":{"@type":"type.googleapis.com/google.cloud.functions.v2.Function","name":"projects/my-first-project-9eef9/locations/us-central1/functions/lineWebhook","buildConfig":{"runtime":"nodejs18","entryPoint":"lineWebhook","source":{"storageSource":{"bucket":"gcf-v2-sources-958797586723-us-central1","object":"lineWebhook/function-source.zip","generation":"1733821500872175"}},"environmentVariables":{"GOOGLE_NODE_RUN_SCRIPTS":""},"dockerRepository":"projects/my-first-project-9eef9/locations/us-central1/repositories/gcf-artifacts","sourceProvenance":{"resolvedStorageSource":{"bucket":"gcf-v2-sources-958797586723-us-central1","object":"lineWebhook/function-source.zip","generation":"1733820497463142"}},"dockerRegistry":"ARTIFACT_REGISTRY","serviceAccount":"projects/my-first-project-9eef9/serviceAccounts/958797586723-compute@developer.gserviceaccount.com","automaticUpdatePolicy":{}},"serviceConfig":{"service":"projects/my-first-project-9eef9/locations/us-central1/services/linewebhook","timeoutSeconds":60,"environmentVariables":{"FIREBASE_CONFIG":"{\"projectId\":\"my-first-project-9eef9\",\"databaseURL\":\"https://my-first-project-9eef9-default-rtdb.asia-southeast1.firebasedatabase.app\",\"storageBucket\":\"my-first-project-9eef9.firebasestorage.app\"}","GCLOUD_PROJECT":"my-first-project-9eef9","EVENTARC_CLOUD_EVENT_SOURCE":"projects/my-first-project-9eef9/locations/us-central1/services/lineWebhook","FUNCTION_TARGET":"lineWebhook","LOG_EXECUTION_ID":"true"},"ingressSettings":"ALLOW_ALL","uri":"https://linewebhook-vtfwmzqvpa-uc.a.run.app","serviceAccountEmail":"958797586723-compute@developer.gserviceaccount.com","availableMemory":"256Mi","allTrafficOnLatestRevision":true,"revision":"linewebhook-00002-gob","maxInstanceRequestConcurrency":80,"availableCpu":"1"},"state":"ACTIVE","labels":{"deployment-tool":"cli-firebase","firebase-functions-hash":"fc5f4c6f03317e033a8e6ad075128317e00d7851"},"environment":"GEN_2","url":"https://us-central1-my-first-project-9eef9.cloudfunctions.net/lineWebhook"},"stages":[{"name":"BUILD","message":"Build in progress","state":"IN_PROGRESS","resource":"projects/958797586723/locations/us-central1/builds/196bb665-be85-482e-b7a1-c7c34eab6629","resourceUri":"https://console.cloud.google.com/cloud-build/builds;region=us-central1/196bb665-be85-482e-b7a1-c7c34eab6629?project=958797586723"},{"name":"SERVICE","state":"NOT_STARTED"}],"operationType":"UPDATE_FUNCTION","buildName":"projects/958797586723/locations/us-central1/builds/196bb665-be85-482e-b7a1-c7c34eab6629"},"done":false}
[debug] [2024-12-10T09:05:43.896Z] [update-default-us-central1-lineWebhook] Retrying task index 0
[debug] [2024-12-10T09:05:43.897Z] Checked if tokens are valid: true, expires at: 1733823657656
[debug] [2024-12-10T09:05:43.897Z] Checked if tokens are valid: true, expires at: 1733823657656
[debug] [2024-12-10T09:05:43.897Z] >>> [apiv2][query] GET https://cloudfunctions.googleapis.com/v2/projects/my-first-project-9eef9/locations/us-central1/operations/operation-1733821499899-628e6c69aff2f-85cbce54-90a1f43b [none]
[debug] [2024-12-10T09:05:45.052Z] <<< [apiv2][status] GET https://cloudfunctions.googleapis.com/v2/projects/my-first-project-9eef9/locations/us-central1/operations/operation-1733821499899-628e6c69aff2f-85cbce54-90a1f43b 200
[debug] [2024-12-10T09:05:45.053Z] <<< [apiv2][body] GET https://cloudfunctions.googleapis.com/v2/projects/my-first-project-9eef9/locations/us-central1/operations/operation-1733821499899-628e6c69aff2f-85cbce54-90a1f43b {"name":"projects/my-first-project-9eef9/locations/us-central1/operations/operation-1733821499899-628e6c69aff2f-85cbce54-90a1f43b","metadata":{"@type":"type.googleapis.com/google.cloud.functions.v2.OperationMetadata","createTime":"2024-12-10T09:05:00.932509139Z","target":"projects/my-first-project-9eef9/locations/us-central1/functions/lineWebhook","verb":"update","cancelRequested":false,"apiVersion":"v2","requestResource":{"@type":"type.googleapis.com/google.cloud.functions.v2.Function","name":"projects/my-first-project-9eef9/locations/us-central1/functions/lineWebhook","buildConfig":{"runtime":"nodejs18","entryPoint":"lineWebhook","source":{"storageSource":{"bucket":"gcf-v2-sources-958797586723-us-central1","object":"lineWebhook/function-source.zip","generation":"1733821500872175"}},"environmentVariables":{"GOOGLE_NODE_RUN_SCRIPTS":""},"dockerRepository":"projects/my-first-project-9eef9/locations/us-central1/repositories/gcf-artifacts","sourceProvenance":{"resolvedStorageSource":{"bucket":"gcf-v2-sources-958797586723-us-central1","object":"lineWebhook/function-source.zip","generation":"1733820497463142"}},"dockerRegistry":"ARTIFACT_REGISTRY","serviceAccount":"projects/my-first-project-9eef9/serviceAccounts/958797586723-compute@developer.gserviceaccount.com","automaticUpdatePolicy":{}},"serviceConfig":{"service":"projects/my-first-project-9eef9/locations/us-central1/services/linewebhook","timeoutSeconds":60,"environmentVariables":{"FIREBASE_CONFIG":"{\"projectId\":\"my-first-project-9eef9\",\"databaseURL\":\"https://my-first-project-9eef9-default-rtdb.asia-southeast1.firebasedatabase.app\",\"storageBucket\":\"my-first-project-9eef9.firebasestorage.app\"}","GCLOUD_PROJECT":"my-first-project-9eef9","EVENTARC_CLOUD_EVENT_SOURCE":"projects/my-first-project-9eef9/locations/us-central1/services/lineWebhook","FUNCTION_TARGET":"lineWebhook","LOG_EXECUTION_ID":"true"},"ingressSettings":"ALLOW_ALL","uri":"https://linewebhook-vtfwmzqvpa-uc.a.run.app","serviceAccountEmail":"958797586723-compute@developer.gserviceaccount.com","availableMemory":"256Mi","allTrafficOnLatestRevision":true,"revision":"linewebhook-00002-gob","maxInstanceRequestConcurrency":80,"availableCpu":"1"},"state":"ACTIVE","labels":{"deployment-tool":"cli-firebase","firebase-functions-hash":"fc5f4c6f03317e033a8e6ad075128317e00d7851"},"environment":"GEN_2","url":"https://us-central1-my-first-project-9eef9.cloudfunctions.net/lineWebhook"},"stages":[{"name":"BUILD","message":"Build finished","state":"COMPLETE","resource":"projects/958797586723/locations/us-central1/builds/196bb665-be85-482e-b7a1-c7c34eab6629","resourceUri":"https://console.cloud.google.com/cloud-build/builds;region=us-central1/196bb665-be85-482e-b7a1-c7c34eab6629?project=958797586723"},{"name":"SERVICE","message":"Updating Cloud Run service","state":"IN_PROGRESS","resource":"projects/my-first-project-9eef9/locations/us-central1/services/linewebhook","resourceUri":"https://console.cloud.google.com/run/detail/us-central1/linewebhook?project=my-first-project-9eef9","stateMessages":[{"severity":"INFO","type":"CloudRunServiceNewRevisionTrafficInfo","message":"A new revision will be deployed serving with 100% traffic."}]}],"sourceToken":"Cldwcm9qZWN0cy85NTg3OTc1ODY3MjMvbG9jYXRpb25zL3VzLWNlbnRyYWwxL2J1aWxkcy8xOTZiYjY2NS1iZTg1LTQ4MmUtYjdhMS1jN2MzNGVhYjY2MjkSf3VzLWNlbnRyYWwxLWRvY2tlci5wa2cuZGV2L215LWZpcnN0LXByb2plY3QtOWVlZjkvZ2NmLWFydGlmYWN0cy9teS0tZmlyc3QtLXByb2plY3QtLTllZWY5X191cy0tY2VudHJhbDFfX2xpbmVfd2ViaG9vazp2ZXJzaW9uXzEYo8Ko5vMbIktwcm9qZWN0cy9teS1maXJzdC1wcm9qZWN0LTllZWY5L2xvY2F0aW9ucy91cy1jZW50cmFsMS9mdW5jdGlvbnMvbGluZVdlYmhvb2sqDAjkiOC6BhDg4fiXAjIIbm9kZWpzMTg6dgojZ2NyLmlvL2dhZS1ydW50aW1lcy9ub2RlanMxODpzdGFibGUST3VzLWNlbnRyYWwxLWRvY2tlci5wa2cuZGV2L3NlcnZlcmxlc3MtcnVudGltZXMvZ29vZ2xlLTIyLWZ1bGwvcnVudGltZXMvbm9kZWpzMThAAQ==","operationType":"UPDATE_FUNCTION","buildName":"projects/958797586723/locations/us-central1/builds/196bb665-be85-482e-b7a1-c7c34eab6629"},"done":false}
[debug] [2024-12-10T09:05:45.053Z] Got source token Cldwcm9qZWN0cy85NTg3OTc1ODY3MjMvbG9jYXRpb25zL3VzLWNlbnRyYWwxL2J1aWxkcy8xOTZiYjY2NS1iZTg1LTQ4MmUtYjdhMS1jN2MzNGVhYjY2MjkSf3VzLWNlbnRyYWwxLWRvY2tlci5wa2cuZGV2L215LWZpcnN0LXByb2plY3QtOWVlZjkvZ2NmLWFydGlmYWN0cy9teS0tZmlyc3QtLXByb2plY3QtLTllZWY5X191cy0tY2VudHJhbDFfX2xpbmVfd2ViaG9vazp2ZXJzaW9uXzEYo8Ko5vMbIktwcm9qZWN0cy9teS1maXJzdC1wcm9qZWN0LTllZWY5L2xvY2F0aW9ucy91cy1jZW50cmFsMS9mdW5jdGlvbnMvbGluZVdlYmhvb2sqDAjkiOC6BhDg4fiXAjIIbm9kZWpzMTg6dgojZ2NyLmlvL2dhZS1ydW50aW1lcy9ub2RlanMxODpzdGFibGUST3VzLWNlbnRyYWwxLWRvY2tlci5wa2cuZGV2L3NlcnZlcmxlc3MtcnVudGltZXMvZ29vZ2xlLTIyLWZ1bGwvcnVudGltZXMvbm9kZWpzMThAAQ== for region us-central1
[debug] [2024-12-10T09:05:55.058Z] [update-default-us-central1-lineWebhook] Retrying task index 0
[debug] [2024-12-10T09:05:55.059Z] Checked if tokens are valid: true, expires at: 1733823657656
[debug] [2024-12-10T09:05:55.059Z] Checked if tokens are valid: true, expires at: 1733823657656
[debug] [2024-12-10T09:05:55.059Z] >>> [apiv2][query] GET https://cloudfunctions.googleapis.com/v2/projects/my-first-project-9eef9/locations/us-central1/operations/operation-1733821499899-628e6c69aff2f-85cbce54-90a1f43b [none]
[debug] [2024-12-10T09:05:56.624Z] <<< [apiv2][status] GET https://cloudfunctions.googleapis.com/v2/projects/my-first-project-9eef9/locations/us-central1/operations/operation-1733821499899-628e6c69aff2f-85cbce54-90a1f43b 200
[debug] [2024-12-10T09:05:56.625Z] <<< [apiv2][body] GET https://cloudfunctions.googleapis.com/v2/projects/my-first-project-9eef9/locations/us-central1/operations/operation-1733821499899-628e6c69aff2f-85cbce54-90a1f43b {"name":"projects/my-first-project-9eef9/locations/us-central1/operations/operation-1733821499899-628e6c69aff2f-85cbce54-90a1f43b","metadata":{"@type":"type.googleapis.com/google.cloud.functions.v2.OperationMetadata","createTime":"2024-12-10T09:05:00.932509139Z","endTime":"2024-12-10T09:05:55.648986415Z","target":"projects/my-first-project-9eef9/locations/us-central1/functions/lineWebhook","verb":"update","cancelRequested":false,"apiVersion":"v2","requestResource":{"@type":"type.googleapis.com/google.cloud.functions.v2.Function","name":"projects/my-first-project-9eef9/locations/us-central1/functions/lineWebhook","buildConfig":{"runtime":"nodejs18","entryPoint":"lineWebhook","source":{"storageSource":{"bucket":"gcf-v2-sources-958797586723-us-central1","object":"lineWebhook/function-source.zip","generation":"1733821500872175"}},"environmentVariables":{"GOOGLE_NODE_RUN_SCRIPTS":""},"dockerRepository":"projects/my-first-project-9eef9/locations/us-central1/repositories/gcf-artifacts","sourceProvenance":{"resolvedStorageSource":{"bucket":"gcf-v2-sources-958797586723-us-central1","object":"lineWebhook/function-source.zip","generation":"1733820497463142"}},"dockerRegistry":"ARTIFACT_REGISTRY","serviceAccount":"projects/my-first-project-9eef9/serviceAccounts/958797586723-compute@developer.gserviceaccount.com","automaticUpdatePolicy":{}},"serviceConfig":{"service":"projects/my-first-project-9eef9/locations/us-central1/services/linewebhook","timeoutSeconds":60,"environmentVariables":{"FIREBASE_CONFIG":"{\"projectId\":\"my-first-project-9eef9\",\"databaseURL\":\"https://my-first-project-9eef9-default-rtdb.asia-southeast1.firebasedatabase.app\",\"storageBucket\":\"my-first-project-9eef9.firebasestorage.app\"}","GCLOUD_PROJECT":"my-first-project-9eef9","EVENTARC_CLOUD_EVENT_SOURCE":"projects/my-first-project-9eef9/locations/us-central1/services/lineWebhook","FUNCTION_TARGET":"lineWebhook","LOG_EXECUTION_ID":"true"},"ingressSettings":"ALLOW_ALL","uri":"https://linewebhook-vtfwmzqvpa-uc.a.run.app","serviceAccountEmail":"958797586723-compute@developer.gserviceaccount.com","availableMemory":"256Mi","allTrafficOnLatestRevision":true,"revision":"linewebhook-00002-gob","maxInstanceRequestConcurrency":80,"availableCpu":"1"},"state":"ACTIVE","labels":{"deployment-tool":"cli-firebase","firebase-functions-hash":"fc5f4c6f03317e033a8e6ad075128317e00d7851"},"environment":"GEN_2","url":"https://us-central1-my-first-project-9eef9.cloudfunctions.net/lineWebhook"},"stages":[{"name":"SERVICE","state":"NOT_STARTED"}],"operationType":"UPDATE_FUNCTION"},"done":true,"error":{"code":3,"message":"Could not create or update Cloud Run service linewebhook, Container Healthcheck failed. Revision 'linewebhook-00003-ziv' is not ready and cannot serve traffic. The user-provided container failed to start and listen on the port defined provided by the PORT=8080 environment variable within the allocated timeout. This can happen when the container port is misconfigured or if the timeout is too short. The health check timeout can be extended. Logs for this revision might contain more information.\n\nLogs URL: https://console.cloud.google.com/logs/viewer?project=my-first-project-9eef9&resource=cloud_run_revision/service_name/linewebhook/revision_name/linewebhook-00003-ziv&advancedFilter=resource.type%3D%22cloud_run_revision%22%0Aresource.labels.service_name%3D%22linewebhook%22%0Aresource.labels.revision_name%3D%22linewebhook-00003-ziv%22 \nFor more troubleshooting guidance, see https://cloud.google.com/run/docs/troubleshooting#container-failed-to-start"}}
[debug] [2024-12-10T09:05:56.625Z] Got source token undefined for region us-central1
[error] Could not create or update Cloud Run service linewebhook, Container Healthcheck failed. Revision 'linewebhook-00003-ziv' is not ready and cannot serve traffic. The user-provided container failed to start and listen on the port defined provided by the PORT=8080 environment variable within the allocated timeout. This can happen when the container port is misconfigured or if the timeout is too short. The health check timeout can be extended. Logs for this revision might contain more information.

Logs URL: https://console.cloud.google.com/logs/viewer?project=my-first-project-9eef9&resource=cloud_run_revision/service_name/linewebhook/revision_name/linewebhook-00003-ziv&advancedFilter=resource.type%3D%22cloud_run_revision%22%0Aresource.labels.service_name%3D%22linewebhook%22%0Aresource.labels.revision_name%3D%22linewebhook-00003-ziv%22 
For more troubleshooting guidance, see https://cloud.google.com/run/docs/troubleshooting#container-failed-to-start
[debug] [2024-12-10T09:05:56.633Z] Total Function Deployment time: 57653
[debug] [2024-12-10T09:05:56.633Z] 1 Functions Deployed
[debug] [2024-12-10T09:05:56.633Z] 1 Functions Errored
[debug] [2024-12-10T09:05:56.633Z] 0 Function Deployments Aborted
[debug] [2024-12-10T09:05:56.633Z] Average Function Deployment time: 57653
[info] 
[info] Functions deploy had errors with the following functions:
	lineWebhook(us-central1)
[debug] [2024-12-10T09:05:56.756Z] Not printing URL for HTTPS function. Typically this means it didn't match a filter or we failed deployment
[info] i  functions: cleaning up build files... 
[debug] [2024-12-10T09:05:56.757Z] Checked if tokens are valid: true, expires at: 1733823657656
[debug] [2024-12-10T09:05:56.758Z] Checked if tokens are valid: true, expires at: 1733823657656
[debug] [2024-12-10T09:05:56.759Z] Checked if tokens are valid: true, expires at: 1733823657656
[debug] [2024-12-10T09:05:56.759Z] Checked if tokens are valid: true, expires at: 1733823657656
[debug] [2024-12-10T09:05:56.759Z] >>> [apiv2][query] DELETE https://artifactregistry.googleapis.com/v1beta2/projects/my-first-project-9eef9/locations/us-central1/repositories/gcf-artifacts/packages/line_webhook [none]
[debug] [2024-12-10T09:05:56.760Z] >>> [apiv2][query] GET https://us.gcr.io/v2/my-first-project-9eef9/gcf/us-central1/tags/list [none]
[debug] [2024-12-10T09:05:57.162Z] <<< [apiv2][status] GET https://us.gcr.io/v2/my-first-project-9eef9/gcf/us-central1/tags/list 404
[debug] [2024-12-10T09:05:57.162Z] <<< [apiv2][body] GET https://us.gcr.io/v2/my-first-project-9eef9/gcf/us-central1/tags/list {"errors":[{"code":"NAME_UNKNOWN","message":"Repository \"us.gcr.io\" not found"}]}
[debug] [2024-12-10T09:05:57.163Z] Failed docker command with error  Request to https://us.gcr.io/v2/my-first-project-9eef9/gcf/us-central1/tags/list had HTTP Error: 404, Not Found {"name":"FirebaseError","children":[],"context":{"body":{"errors":[{"code":"NAME_UNKNOWN","message":"Repository \"us.gcr.io\" not found"}],"error":{"message":"Not Found"}},"response":{"statusCode":404}},"exit":1,"message":"Request to https://us.gcr.io/v2/my-first-project-9eef9/gcf/us-central1/tags/list had HTTP Error: 404, Not Found","status":404}
[debug] [2024-12-10T09:05:57.165Z] Checked if tokens are valid: true, expires at: 1733823657656
[debug] [2024-12-10T09:05:57.165Z] Checked if tokens are valid: true, expires at: 1733823657656
[debug] [2024-12-10T09:05:57.165Z] >>> [apiv2][query] GET https://us.gcr.io/v2/my-first-project-9eef9/gcf/us-central1/tags/list [none]
[debug] [2024-12-10T09:05:57.442Z] <<< [apiv2][status] GET https://us.gcr.io/v2/my-first-project-9eef9/gcf/us-central1/tags/list 404
[debug] [2024-12-10T09:05:57.443Z] <<< [apiv2][body] GET https://us.gcr.io/v2/my-first-project-9eef9/gcf/us-central1/tags/list {"errors":[{"code":"NAME_UNKNOWN","message":"Repository \"us.gcr.io\" not found"}]}
[debug] [2024-12-10T09:05:57.443Z] Failed docker command with error  Request to https://us.gcr.io/v2/my-first-project-9eef9/gcf/us-central1/tags/list had HTTP Error: 404, Not Found {"name":"FirebaseError","children":[],"context":{"body":{"errors":[{"code":"NAME_UNKNOWN","message":"Repository \"us.gcr.io\" not found"}],"error":{"message":"Not Found"}},"response":{"statusCode":404}},"exit":1,"message":"Request to https://us.gcr.io/v2/my-first-project-9eef9/gcf/us-central1/tags/list had HTTP Error: 404, Not Found","status":404}
[debug] [2024-12-10T09:05:57.549Z] Checked if tokens are valid: true, expires at: 1733823657656
[debug] [2024-12-10T09:05:57.549Z] Checked if tokens are valid: true, expires at: 1733823657656
[debug] [2024-12-10T09:05:57.549Z] >>> [apiv2][query] GET https://us.gcr.io/v2/my-first-project-9eef9/gcf/us-central1/tags/list [none]
[debug] [2024-12-10T09:05:57.788Z] <<< [apiv2][status] GET https://us.gcr.io/v2/my-first-project-9eef9/gcf/us-central1/tags/list 404
[debug] [2024-12-10T09:05:57.788Z] <<< [apiv2][body] GET https://us.gcr.io/v2/my-first-project-9eef9/gcf/us-central1/tags/list {"errors":[{"code":"NAME_UNKNOWN","message":"Repository \"us.gcr.io\" not found"}]}
[debug] [2024-12-10T09:05:57.789Z] Failed docker command with error  Request to https://us.gcr.io/v2/my-first-project-9eef9/gcf/us-central1/tags/list had HTTP Error: 404, Not Found {"name":"FirebaseError","children":[],"context":{"body":{"errors":[{"code":"NAME_UNKNOWN","message":"Repository \"us.gcr.io\" not found"}],"error":{"message":"Not Found"}},"response":{"statusCode":404}},"exit":1,"message":"Request to https://us.gcr.io/v2/my-first-project-9eef9/gcf/us-central1/tags/list had HTTP Error: 404, Not Found","status":404}
[debug] [2024-12-10T09:05:57.867Z] <<< [apiv2][status] DELETE https://artifactregistry.googleapis.com/v1beta2/projects/my-first-project-9eef9/locations/us-central1/repositories/gcf-artifacts/packages/line_webhook 404
[debug] [2024-12-10T09:05:57.867Z] <<< [apiv2][body] DELETE https://artifactregistry.googleapis.com/v1beta2/projects/my-first-project-9eef9/locations/us-central1/repositories/gcf-artifacts/packages/line_webhook {"error":{"code":404,"message":"Package \"projects/my-first-project-9eef9/locations/us-central1/repositories/gcf-artifacts/packages/line_webhook\" was not found.","status":"NOT_FOUND"}}
[warn] ⚠  functions: Unhandled error cleaning up build images. This could result in a small monthly bill if not corrected. You can attempt to delete these images by redeploying or you can delete them manually at https://console.cloud.google.com/gcr/images/my-first-project-9eef9/us/gcf 
[debug] [2024-12-10T09:05:57.868Z] Functions deploy failed.
[debug] [2024-12-10T09:05:57.868Z] {
  "endpoint": {
    "id": "lineWebhook",
    "project": "my-first-project-9eef9",
    "region": "us-central1",
    "entryPoint": "lineWebhook",
    "platform": "gcfv2",
    "runtime": "nodejs18",
    "httpsTrigger": {},
    "labels": {
      "deployment-tool": "cli-firebase"
    },
    "ingressSettings": null,
    "availableMemoryMb": null,
    "serviceAccount": null,
    "timeoutSeconds": null,
    "maxInstances": null,
    "minInstances": null,
    "concurrency": 80,
    "vpc": null,
    "environmentVariables": {
      "FIREBASE_CONFIG": "{\"projectId\":\"my-first-project-9eef9\",\"databaseURL\":\"https://my-first-project-9eef9-default-rtdb.asia-southeast1.firebasedatabase.app\",\"storageBucket\":\"my-first-project-9eef9.firebasestorage.app\"}",
      "GCLOUD_PROJECT": "my-first-project-9eef9",
      "EVENTARC_CLOUD_EVENT_SOURCE": "projects/my-first-project-9eef9/locations/us-central1/services/lineWebhook",
      "FUNCTION_TARGET": "lineWebhook",
      "LOG_EXECUTION_ID": "true"
    },
    "codebase": "default",
    "runServiceId": "linewebhook",
    "cpu": 1,
    "securityLevel": "SECURE_ALWAYS",
    "targetedByOnly": false,
    "hash": "fc5f4c6f03317e033a8e6ad075128317e00d7851"
  },
  "op": "update",
  "original": {
    "name": "FirebaseError",
    "children": [],
    "exit": 1,
    "message": "Could not create or update Cloud Run service linewebhook, Container Healthcheck failed. Revision 'linewebhook-00003-ziv' is not ready and cannot serve traffic. The user-provided container failed to start and listen on the port defined provided by the PORT=8080 environment variable within the allocated timeout. This can happen when the container port is misconfigured or if the timeout is too short. The health check timeout can be extended. Logs for this revision might contain more information.\n\nLogs URL: https://console.cloud.google.com/logs/viewer?project=my-first-project-9eef9&resource=cloud_run_revision/service_name/linewebhook/revision_name/linewebhook-00003-ziv&advancedFilter=resource.type%3D%22cloud_run_revision%22%0Aresource.labels.service_name%3D%22linewebhook%22%0Aresource.labels.revision_name%3D%22linewebhook-00003-ziv%22 \nFor more troubleshooting guidance, see https://cloud.google.com/run/docs/troubleshooting#container-failed-to-start",
    "original": {
      "code": 3,
      "message": "Could not create or update Cloud Run service linewebhook, Container Healthcheck failed. Revision 'linewebhook-00003-ziv' is not ready and cannot serve traffic. The user-provided container failed to start and listen on the port defined provided by the PORT=8080 environment variable within the allocated timeout. This can happen when the container port is misconfigured or if the timeout is too short. The health check timeout can be extended. Logs for this revision might contain more information.\n\nLogs URL: https://console.cloud.google.com/logs/viewer?project=my-first-project-9eef9&resource=cloud_run_revision/service_name/linewebhook/revision_name/linewebhook-00003-ziv&advancedFilter=resource.type%3D%22cloud_run_revision%22%0Aresource.labels.service_name%3D%22linewebhook%22%0Aresource.labels.revision_name%3D%22linewebhook-00003-ziv%22 \nFor more troubleshooting guidance, see https://cloud.google.com/run/docs/troubleshooting#container-failed-to-start"
    },
    "status": 3,
    "code": 3
  }
}
[debug] [2024-12-10T09:05:57.916Z] Error: Failed to update function lineWebhook in region us-central1
    at /usr/local/lib/node_modules/firebase-tools/lib/deploy/functions/release/fabricator.js:399:19
    at process.processTicksAndRejections (node:internal/process/task_queues:105:5)
    at async Fabricator.updateV2Function (/usr/local/lib/node_modules/firebase-tools/lib/deploy/functions/release/fabricator.js:388:32)
    at async Fabricator.updateEndpoint (/usr/local/lib/node_modules/firebase-tools/lib/deploy/functions/release/fabricator.js:155:13)
    at async handle (/usr/local/lib/node_modules/firebase-tools/lib/deploy/functions/release/fabricator.js:89:17)
[error] 
[error] Error: There was an error deploying functions
